[0.463s] DEBUG:colcon:Command line arguments: ['/usr/bin/colcon', 'build', '--symlink-install']
[0.463s] DEBUG:colcon:Parsed command line arguments: Namespace(log_base=None, log_level=None, verb_name='build', build_base='build', install_base='install', merge_install=False, symlink_install=True, test_result_base=None, continue_on_error=False, executor='parallel', parallel_workers=4, event_handlers=None, ignore_user_meta=False, metas=['./colcon.meta'], base_paths=['.'], packages_ignore=None, packages_ignore_regex=None, paths=None, packages_up_to=None, packages_up_to_regex=None, packages_above=None, packages_above_and_dependencies=None, packages_above_depth=None, packages_select_by_dep=None, packages_skip_by_dep=None, packages_skip_up_to=None, packages_select_build_failed=False, packages_skip_build_finished=False, packages_select_test_failures=False, packages_skip_test_passed=False, packages_select=None, packages_skip=None, packages_select_regex=None, packages_skip_regex=None, packages_start=None, packages_end=None, allow_overriding=[], cmake_args=None, cmake_target=None, cmake_target_skip_unavailable=False, cmake_clean_cache=False, cmake_clean_first=False, cmake_force_configure=False, ament_cmake_args=None, catkin_cmake_args=None, catkin_skip_building_tests=False, mixin_files=None, mixin=None, verb_parser=<colcon_mixin.mixin.mixin_argument.MixinArgumentDecorator object at 0xffffb14912a0>, verb_extension=<colcon_core.verb.build.BuildVerb object at 0xffffb160ac50>, main=<bound method BuildVerb.main of <colcon_core.verb.build.BuildVerb object at 0xffffb160ac50>>, mixin_verb=('build',))
[1.266s] Level 1:colcon.colcon_core.package_discovery:discover_packages(colcon_meta) check parameters
[1.266s] Level 1:colcon.colcon_core.package_discovery:discover_packages(recursive) check parameters
[1.267s] Level 1:colcon.colcon_core.package_discovery:discover_packages(ignore) check parameters
[1.267s] Level 1:colcon.colcon_core.package_discovery:discover_packages(path) check parameters
[1.267s] Level 1:colcon.colcon_core.package_discovery:discover_packages(colcon_meta) discover
[1.267s] Level 1:colcon.colcon_core.package_discovery:discover_packages(recursive) discover
[1.267s] INFO:colcon.colcon_core.package_discovery:Crawling recursively for packages in '/home/raspberrypi/rosmaster'
[1.268s] Level 1:colcon.colcon_core.package_identification:_identify(.) by extensions ['ignore', 'ignore_ament_install']
[1.268s] Level 1:colcon.colcon_core.package_identification:_identify(.) by extension 'ignore'
[1.268s] Level 1:colcon.colcon_core.package_identification:_identify(.) by extension 'ignore_ament_install'
[1.269s] Level 1:colcon.colcon_core.package_identification:_identify(.) by extensions ['colcon_pkg']
[1.269s] Level 1:colcon.colcon_core.package_identification:_identify(.) by extension 'colcon_pkg'
[1.269s] Level 1:colcon.colcon_core.package_identification:_identify(.) by extensions ['colcon_meta']
[1.270s] Level 1:colcon.colcon_core.package_identification:_identify(.) by extension 'colcon_meta'
[1.270s] Level 1:colcon.colcon_core.package_identification:_identify(.) by extensions ['ros']
[1.270s] Level 1:colcon.colcon_core.package_identification:_identify(.) by extension 'ros'
[1.318s] Level 1:colcon.colcon_core.package_identification:_identify(.) by extensions ['cmake', 'python']
[1.318s] Level 1:colcon.colcon_core.package_identification:_identify(.) by extension 'cmake'
[1.318s] Level 1:colcon.colcon_core.package_identification:_identify(.) by extension 'python'
[1.319s] Level 1:colcon.colcon_core.package_identification:_identify(.) by extensions ['python_setup_py']
[1.319s] Level 1:colcon.colcon_core.package_identification:_identify(.) by extension 'python_setup_py'
[1.319s] Level 1:colcon.colcon_core.package_identification:_identify(build) by extensions ['ignore', 'ignore_ament_install']
[1.320s] Level 1:colcon.colcon_core.package_identification:_identify(build) by extension 'ignore'
[1.320s] Level 1:colcon.colcon_core.package_identification:_identify(build) ignored
[1.320s] Level 1:colcon.colcon_core.package_identification:_identify(dep) by extensions ['ignore', 'ignore_ament_install']
[1.321s] Level 1:colcon.colcon_core.package_identification:_identify(dep) by extension 'ignore'
[1.321s] Level 1:colcon.colcon_core.package_identification:_identify(dep) by extension 'ignore_ament_install'
[1.321s] Level 1:colcon.colcon_core.package_identification:_identify(dep) by extensions ['colcon_pkg']
[1.322s] Level 1:colcon.colcon_core.package_identification:_identify(dep) by extension 'colcon_pkg'
[1.322s] Level 1:colcon.colcon_core.package_identification:_identify(dep) by extensions ['colcon_meta']
[1.322s] Level 1:colcon.colcon_core.package_identification:_identify(dep) by extension 'colcon_meta'
[1.322s] Level 1:colcon.colcon_core.package_identification:_identify(dep) by extensions ['ros']
[1.322s] Level 1:colcon.colcon_core.package_identification:_identify(dep) by extension 'ros'
[1.323s] Level 1:colcon.colcon_core.package_identification:_identify(dep) by extensions ['cmake', 'python']
[1.323s] Level 1:colcon.colcon_core.package_identification:_identify(dep) by extension 'cmake'
[1.323s] Level 1:colcon.colcon_core.package_identification:_identify(dep) by extension 'python'
[1.323s] Level 1:colcon.colcon_core.package_identification:_identify(dep) by extensions ['python_setup_py']
[1.323s] Level 1:colcon.colcon_core.package_identification:_identify(dep) by extension 'python_setup_py'
[1.324s] Level 1:colcon.colcon_core.package_identification:_identify(install) by extensions ['ignore', 'ignore_ament_install']
[1.324s] Level 1:colcon.colcon_core.package_identification:_identify(install) by extension 'ignore'
[1.324s] Level 1:colcon.colcon_core.package_identification:_identify(install) ignored
[1.325s] Level 1:colcon.colcon_core.package_identification:_identify(log) by extensions ['ignore', 'ignore_ament_install']
[1.325s] Level 1:colcon.colcon_core.package_identification:_identify(log) by extension 'ignore'
[1.325s] Level 1:colcon.colcon_core.package_identification:_identify(log) ignored
[1.326s] Level 1:colcon.colcon_core.package_identification:_identify(ros2_tools) by extensions ['ignore', 'ignore_ament_install']
[1.326s] Level 1:colcon.colcon_core.package_identification:_identify(ros2_tools) by extension 'ignore'
[1.326s] Level 1:colcon.colcon_core.package_identification:_identify(ros2_tools) by extension 'ignore_ament_install'
[1.327s] Level 1:colcon.colcon_core.package_identification:_identify(ros2_tools) by extensions ['colcon_pkg']
[1.327s] Level 1:colcon.colcon_core.package_identification:_identify(ros2_tools) by extension 'colcon_pkg'
[1.327s] Level 1:colcon.colcon_core.package_identification:_identify(ros2_tools) by extensions ['colcon_meta']
[1.327s] Level 1:colcon.colcon_core.package_identification:_identify(ros2_tools) by extension 'colcon_meta'
[1.327s] Level 1:colcon.colcon_core.package_identification:_identify(ros2_tools) by extensions ['ros']
[1.327s] Level 1:colcon.colcon_core.package_identification:_identify(ros2_tools) by extension 'ros'
[1.328s] Level 1:colcon.colcon_core.package_identification:_identify(ros2_tools) by extensions ['cmake', 'python']
[1.328s] Level 1:colcon.colcon_core.package_identification:_identify(ros2_tools) by extension 'cmake'
[1.328s] Level 1:colcon.colcon_core.package_identification:_identify(ros2_tools) by extension 'python'
[1.328s] Level 1:colcon.colcon_core.package_identification:_identify(ros2_tools) by extensions ['python_setup_py']
[1.328s] Level 1:colcon.colcon_core.package_identification:_identify(ros2_tools) by extension 'python_setup_py'
[1.329s] Level 1:colcon.colcon_core.package_identification:_identify(ros2_tools/files) by extensions ['ignore', 'ignore_ament_install']
[1.329s] Level 1:colcon.colcon_core.package_identification:_identify(ros2_tools/files) by extension 'ignore'
[1.330s] Level 1:colcon.colcon_core.package_identification:_identify(ros2_tools/files) by extension 'ignore_ament_install'
[1.330s] Level 1:colcon.colcon_core.package_identification:_identify(ros2_tools/files) by extensions ['colcon_pkg']
[1.330s] Level 1:colcon.colcon_core.package_identification:_identify(ros2_tools/files) by extension 'colcon_pkg'
[1.330s] Level 1:colcon.colcon_core.package_identification:_identify(ros2_tools/files) by extensions ['colcon_meta']
[1.330s] Level 1:colcon.colcon_core.package_identification:_identify(ros2_tools/files) by extension 'colcon_meta'
[1.331s] Level 1:colcon.colcon_core.package_identification:_identify(ros2_tools/files) by extensions ['ros']
[1.331s] Level 1:colcon.colcon_core.package_identification:_identify(ros2_tools/files) by extension 'ros'
[1.331s] Level 1:colcon.colcon_core.package_identification:_identify(ros2_tools/files) by extensions ['cmake', 'python']
[1.331s] Level 1:colcon.colcon_core.package_identification:_identify(ros2_tools/files) by extension 'cmake'
[1.332s] Level 1:colcon.colcon_core.package_identification:_identify(ros2_tools/files) by extension 'python'
[1.332s] Level 1:colcon.colcon_core.package_identification:_identify(ros2_tools/files) by extensions ['python_setup_py']
[1.332s] Level 1:colcon.colcon_core.package_identification:_identify(ros2_tools/files) by extension 'python_setup_py'
[1.332s] Level 1:colcon.colcon_core.package_identification:_identify(ros2_tools/install) by extensions ['ignore', 'ignore_ament_install']
[1.333s] Level 1:colcon.colcon_core.package_identification:_identify(ros2_tools/install) by extension 'ignore'
[1.333s] Level 1:colcon.colcon_core.package_identification:_identify(ros2_tools/install) by extension 'ignore_ament_install'
[1.333s] Level 1:colcon.colcon_core.package_identification:_identify(ros2_tools/install) by extensions ['colcon_pkg']
[1.333s] Level 1:colcon.colcon_core.package_identification:_identify(ros2_tools/install) by extension 'colcon_pkg'
[1.334s] Level 1:colcon.colcon_core.package_identification:_identify(ros2_tools/install) by extensions ['colcon_meta']
[1.334s] Level 1:colcon.colcon_core.package_identification:_identify(ros2_tools/install) by extension 'colcon_meta'
[1.334s] Level 1:colcon.colcon_core.package_identification:_identify(ros2_tools/install) by extensions ['ros']
[1.334s] Level 1:colcon.colcon_core.package_identification:_identify(ros2_tools/install) by extension 'ros'
[1.334s] Level 1:colcon.colcon_core.package_identification:_identify(ros2_tools/install) by extensions ['cmake', 'python']
[1.335s] Level 1:colcon.colcon_core.package_identification:_identify(ros2_tools/install) by extension 'cmake'
[1.335s] Level 1:colcon.colcon_core.package_identification:_identify(ros2_tools/install) by extension 'python'
[1.335s] Level 1:colcon.colcon_core.package_identification:_identify(ros2_tools/install) by extensions ['python_setup_py']
[1.335s] Level 1:colcon.colcon_core.package_identification:_identify(ros2_tools/install) by extension 'python_setup_py'
[1.336s] Level 1:colcon.colcon_core.package_identification:_identify(src) by extensions ['ignore', 'ignore_ament_install']
[1.336s] Level 1:colcon.colcon_core.package_identification:_identify(src) by extension 'ignore'
[1.337s] Level 1:colcon.colcon_core.package_identification:_identify(src) by extension 'ignore_ament_install'
[1.337s] Level 1:colcon.colcon_core.package_identification:_identify(src) by extensions ['colcon_pkg']
[1.337s] Level 1:colcon.colcon_core.package_identification:_identify(src) by extension 'colcon_pkg'
[1.337s] Level 1:colcon.colcon_core.package_identification:_identify(src) by extensions ['colcon_meta']
[1.337s] Level 1:colcon.colcon_core.package_identification:_identify(src) by extension 'colcon_meta'
[1.338s] Level 1:colcon.colcon_core.package_identification:_identify(src) by extensions ['ros']
[1.338s] Level 1:colcon.colcon_core.package_identification:_identify(src) by extension 'ros'
[1.338s] Level 1:colcon.colcon_core.package_identification:_identify(src) by extensions ['cmake', 'python']
[1.338s] Level 1:colcon.colcon_core.package_identification:_identify(src) by extension 'cmake'
[1.339s] Level 1:colcon.colcon_core.package_identification:_identify(src) by extension 'python'
[1.339s] Level 1:colcon.colcon_core.package_identification:_identify(src) by extensions ['python_setup_py']
[1.339s] Level 1:colcon.colcon_core.package_identification:_identify(src) by extension 'python_setup_py'
[1.339s] Level 1:colcon.colcon_core.package_identification:_identify(src/drive_controls) by extensions ['ignore', 'ignore_ament_install']
[1.340s] Level 1:colcon.colcon_core.package_identification:_identify(src/drive_controls) by extension 'ignore'
[1.340s] Level 1:colcon.colcon_core.package_identification:_identify(src/drive_controls) by extension 'ignore_ament_install'
[1.340s] Level 1:colcon.colcon_core.package_identification:_identify(src/drive_controls) by extensions ['colcon_pkg']
[1.340s] Level 1:colcon.colcon_core.package_identification:_identify(src/drive_controls) by extension 'colcon_pkg'
[1.341s] Level 1:colcon.colcon_core.package_identification:_identify(src/drive_controls) by extensions ['colcon_meta']
[1.341s] Level 1:colcon.colcon_core.package_identification:_identify(src/drive_controls) by extension 'colcon_meta'
[1.341s] Level 1:colcon.colcon_core.package_identification:_identify(src/drive_controls) by extensions ['ros']
[1.341s] Level 1:colcon.colcon_core.package_identification:_identify(src/drive_controls) by extension 'ros'
[1.351s] DEBUG:colcon.colcon_core.package_identification:Package 'src/drive_controls' with type 'ros.ament_python' and name 'drive_controls'
[1.352s] Level 1:colcon.colcon_core.package_identification:_identify(src/rosmaster) by extensions ['ignore', 'ignore_ament_install']
[1.352s] Level 1:colcon.colcon_core.package_identification:_identify(src/rosmaster) by extension 'ignore'
[1.352s] Level 1:colcon.colcon_core.package_identification:_identify(src/rosmaster) by extension 'ignore_ament_install'
[1.352s] Level 1:colcon.colcon_core.package_identification:_identify(src/rosmaster) by extensions ['colcon_pkg']
[1.353s] Level 1:colcon.colcon_core.package_identification:_identify(src/rosmaster) by extension 'colcon_pkg'
[1.353s] Level 1:colcon.colcon_core.package_identification:_identify(src/rosmaster) by extensions ['colcon_meta']
[1.353s] Level 1:colcon.colcon_core.package_identification:_identify(src/rosmaster) by extension 'colcon_meta'
[1.353s] Level 1:colcon.colcon_core.package_identification:_identify(src/rosmaster) by extensions ['ros']
[1.353s] Level 1:colcon.colcon_core.package_identification:_identify(src/rosmaster) by extension 'ros'
[1.355s] DEBUG:colcon.colcon_core.package_identification:Package 'src/rosmaster' with type 'ros.ament_cmake' and name 'rosmaster'
[1.356s] Level 1:colcon.colcon_core.package_identification:_identify(src/rosmaster_driver) by extensions ['ignore', 'ignore_ament_install']
[1.356s] Level 1:colcon.colcon_core.package_identification:_identify(src/rosmaster_driver) by extension 'ignore'
[1.357s] Level 1:colcon.colcon_core.package_identification:_identify(src/rosmaster_driver) by extension 'ignore_ament_install'
[1.357s] Level 1:colcon.colcon_core.package_identification:_identify(src/rosmaster_driver) by extensions ['colcon_pkg']
[1.357s] Level 1:colcon.colcon_core.package_identification:_identify(src/rosmaster_driver) by extension 'colcon_pkg'
[1.357s] Level 1:colcon.colcon_core.package_identification:_identify(src/rosmaster_driver) by extensions ['colcon_meta']
[1.357s] Level 1:colcon.colcon_core.package_identification:_identify(src/rosmaster_driver) by extension 'colcon_meta'
[1.358s] Level 1:colcon.colcon_core.package_identification:_identify(src/rosmaster_driver) by extensions ['ros']
[1.358s] Level 1:colcon.colcon_core.package_identification:_identify(src/rosmaster_driver) by extension 'ros'
[1.361s] DEBUG:colcon.colcon_core.package_identification:Package 'src/rosmaster_driver' with type 'ros.ament_cmake' and name 'rosmaster_driver'
[1.362s] Level 1:colcon.colcon_core.package_identification:_identify(src/rosmaster_driver_diff) by extensions ['ignore', 'ignore_ament_install']
[1.363s] Level 1:colcon.colcon_core.package_identification:_identify(src/rosmaster_driver_diff) by extension 'ignore'
[1.363s] Level 1:colcon.colcon_core.package_identification:_identify(src/rosmaster_driver_diff) by extension 'ignore_ament_install'
[1.363s] Level 1:colcon.colcon_core.package_identification:_identify(src/rosmaster_driver_diff) by extensions ['colcon_pkg']
[1.363s] Level 1:colcon.colcon_core.package_identification:_identify(src/rosmaster_driver_diff) by extension 'colcon_pkg'
[1.363s] Level 1:colcon.colcon_core.package_identification:_identify(src/rosmaster_driver_diff) by extensions ['colcon_meta']
[1.364s] Level 1:colcon.colcon_core.package_identification:_identify(src/rosmaster_driver_diff) by extension 'colcon_meta'
[1.364s] Level 1:colcon.colcon_core.package_identification:_identify(src/rosmaster_driver_diff) by extensions ['ros']
[1.364s] Level 1:colcon.colcon_core.package_identification:_identify(src/rosmaster_driver_diff) by extension 'ros'
[1.368s] DEBUG:colcon.colcon_core.package_identification:Package 'src/rosmaster_driver_diff' with type 'ros.ament_cmake' and name 'rosmaster_driver_diff'
[1.369s] Level 1:colcon.colcon_core.package_discovery:discover_packages(recursive) using defaults
[1.369s] Level 1:colcon.colcon_core.package_discovery:discover_packages(ignore) discover
[1.369s] Level 1:colcon.colcon_core.package_discovery:discover_packages(ignore) using defaults
[1.369s] Level 1:colcon.colcon_core.package_discovery:discover_packages(path) discover
[1.369s] Level 1:colcon.colcon_core.package_discovery:discover_packages(path) using defaults
[1.448s] Level 1:colcon.colcon_core.package_discovery:discover_packages(prefix_path) check parameters
[1.448s] Level 1:colcon.colcon_core.package_discovery:discover_packages(prefix_path) discover
[1.457s] DEBUG:colcon.colcon_installed_package_information.package_discovery:Found 4 installed packages in /home/raspberrypi/rosmaster/install
[1.467s] DEBUG:colcon.colcon_installed_package_information.package_discovery:Found 304 installed packages in /opt/ros/humble
[1.516s] Level 1:colcon.colcon_core.package_discovery:discover_packages(prefix_path) using defaults
[1.683s] Level 5:colcon.colcon_core.verb:set package 'drive_controls' build argument 'cmake_args' from command line to 'None'
[1.683s] Level 5:colcon.colcon_core.verb:set package 'drive_controls' build argument 'cmake_target' from command line to 'None'
[1.684s] Level 5:colcon.colcon_core.verb:set package 'drive_controls' build argument 'cmake_target_skip_unavailable' from command line to 'False'
[1.684s] Level 5:colcon.colcon_core.verb:set package 'drive_controls' build argument 'cmake_clean_cache' from command line to 'False'
[1.684s] Level 5:colcon.colcon_core.verb:set package 'drive_controls' build argument 'cmake_clean_first' from command line to 'False'
[1.684s] Level 5:colcon.colcon_core.verb:set package 'drive_controls' build argument 'cmake_force_configure' from command line to 'False'
[1.684s] Level 5:colcon.colcon_core.verb:set package 'drive_controls' build argument 'ament_cmake_args' from command line to 'None'
[1.684s] Level 5:colcon.colcon_core.verb:set package 'drive_controls' build argument 'catkin_cmake_args' from command line to 'None'
[1.684s] Level 5:colcon.colcon_core.verb:set package 'drive_controls' build argument 'catkin_skip_building_tests' from command line to 'False'
[1.684s] DEBUG:colcon.colcon_core.verb:Building package 'drive_controls' with the following arguments: {'ament_cmake_args': None, 'build_base': '/home/raspberrypi/rosmaster/build/drive_controls', 'catkin_cmake_args': None, 'catkin_skip_building_tests': False, 'cmake_args': None, 'cmake_clean_cache': False, 'cmake_clean_first': False, 'cmake_force_configure': False, 'cmake_target': None, 'cmake_target_skip_unavailable': False, 'install_base': '/home/raspberrypi/rosmaster/install/drive_controls', 'merge_install': False, 'path': '/home/raspberrypi/rosmaster/src/drive_controls', 'symlink_install': True, 'test_result_base': None}
[1.686s] Level 5:colcon.colcon_core.verb:set package 'rosmaster' build argument 'cmake_args' from command line to 'None'
[1.686s] Level 5:colcon.colcon_core.verb:set package 'rosmaster' build argument 'cmake_target' from command line to 'None'
[1.686s] Level 5:colcon.colcon_core.verb:set package 'rosmaster' build argument 'cmake_target_skip_unavailable' from command line to 'False'
[1.686s] Level 5:colcon.colcon_core.verb:set package 'rosmaster' build argument 'cmake_clean_cache' from command line to 'False'
[1.686s] Level 5:colcon.colcon_core.verb:set package 'rosmaster' build argument 'cmake_clean_first' from command line to 'False'
[1.687s] Level 5:colcon.colcon_core.verb:set package 'rosmaster' build argument 'cmake_force_configure' from command line to 'False'
[1.687s] Level 5:colcon.colcon_core.verb:set package 'rosmaster' build argument 'ament_cmake_args' from command line to 'None'
[1.687s] Level 5:colcon.colcon_core.verb:set package 'rosmaster' build argument 'catkin_cmake_args' from command line to 'None'
[1.687s] Level 5:colcon.colcon_core.verb:set package 'rosmaster' build argument 'catkin_skip_building_tests' from command line to 'False'
[1.687s] DEBUG:colcon.colcon_core.verb:Building package 'rosmaster' with the following arguments: {'ament_cmake_args': None, 'build_base': '/home/raspberrypi/rosmaster/build/rosmaster', 'catkin_cmake_args': None, 'catkin_skip_building_tests': False, 'cmake_args': None, 'cmake_clean_cache': False, 'cmake_clean_first': False, 'cmake_force_configure': False, 'cmake_target': None, 'cmake_target_skip_unavailable': False, 'install_base': '/home/raspberrypi/rosmaster/install/rosmaster', 'merge_install': False, 'path': '/home/raspberrypi/rosmaster/src/rosmaster', 'symlink_install': True, 'test_result_base': None}
[1.688s] Level 5:colcon.colcon_core.verb:set package 'rosmaster_driver' build argument 'cmake_args' from command line to 'None'
[1.689s] Level 5:colcon.colcon_core.verb:set package 'rosmaster_driver' build argument 'cmake_target' from command line to 'None'
[1.689s] Level 5:colcon.colcon_core.verb:set package 'rosmaster_driver' build argument 'cmake_target_skip_unavailable' from command line to 'False'
[1.689s] Level 5:colcon.colcon_core.verb:set package 'rosmaster_driver' build argument 'cmake_clean_cache' from command line to 'False'
[1.689s] Level 5:colcon.colcon_core.verb:set package 'rosmaster_driver' build argument 'cmake_clean_first' from command line to 'False'
[1.689s] Level 5:colcon.colcon_core.verb:set package 'rosmaster_driver' build argument 'cmake_force_configure' from command line to 'False'
[1.689s] Level 5:colcon.colcon_core.verb:set package 'rosmaster_driver' build argument 'ament_cmake_args' from command line to 'None'
[1.689s] Level 5:colcon.colcon_core.verb:set package 'rosmaster_driver' build argument 'catkin_cmake_args' from command line to 'None'
[1.689s] Level 5:colcon.colcon_core.verb:set package 'rosmaster_driver' build argument 'catkin_skip_building_tests' from command line to 'False'
[1.689s] DEBUG:colcon.colcon_core.verb:Building package 'rosmaster_driver' with the following arguments: {'ament_cmake_args': None, 'build_base': '/home/raspberrypi/rosmaster/build/rosmaster_driver', 'catkin_cmake_args': None, 'catkin_skip_building_tests': False, 'cmake_args': None, 'cmake_clean_cache': False, 'cmake_clean_first': False, 'cmake_force_configure': False, 'cmake_target': None, 'cmake_target_skip_unavailable': False, 'install_base': '/home/raspberrypi/rosmaster/install/rosmaster_driver', 'merge_install': False, 'path': '/home/raspberrypi/rosmaster/src/rosmaster_driver', 'symlink_install': True, 'test_result_base': None}
[1.691s] Level 5:colcon.colcon_core.verb:set package 'rosmaster_driver_diff' build argument 'cmake_args' from command line to 'None'
[1.691s] Level 5:colcon.colcon_core.verb:set package 'rosmaster_driver_diff' build argument 'cmake_target' from command line to 'None'
[1.691s] Level 5:colcon.colcon_core.verb:set package 'rosmaster_driver_diff' build argument 'cmake_target_skip_unavailable' from command line to 'False'
[1.691s] Level 5:colcon.colcon_core.verb:set package 'rosmaster_driver_diff' build argument 'cmake_clean_cache' from command line to 'False'
[1.691s] Level 5:colcon.colcon_core.verb:set package 'rosmaster_driver_diff' build argument 'cmake_clean_first' from command line to 'False'
[1.692s] Level 5:colcon.colcon_core.verb:set package 'rosmaster_driver_diff' build argument 'cmake_force_configure' from command line to 'False'
[1.692s] Level 5:colcon.colcon_core.verb:set package 'rosmaster_driver_diff' build argument 'ament_cmake_args' from command line to 'None'
[1.692s] Level 5:colcon.colcon_core.verb:set package 'rosmaster_driver_diff' build argument 'catkin_cmake_args' from command line to 'None'
[1.692s] Level 5:colcon.colcon_core.verb:set package 'rosmaster_driver_diff' build argument 'catkin_skip_building_tests' from command line to 'False'
[1.692s] DEBUG:colcon.colcon_core.verb:Building package 'rosmaster_driver_diff' with the following arguments: {'ament_cmake_args': None, 'build_base': '/home/raspberrypi/rosmaster/build/rosmaster_driver_diff', 'catkin_cmake_args': None, 'catkin_skip_building_tests': False, 'cmake_args': None, 'cmake_clean_cache': False, 'cmake_clean_first': False, 'cmake_force_configure': False, 'cmake_target': None, 'cmake_target_skip_unavailable': False, 'install_base': '/home/raspberrypi/rosmaster/install/rosmaster_driver_diff', 'merge_install': False, 'path': '/home/raspberrypi/rosmaster/src/rosmaster_driver_diff', 'symlink_install': True, 'test_result_base': None}
[1.693s] INFO:colcon.colcon_core.executor:Executing jobs using 'parallel' executor
[1.696s] DEBUG:colcon.colcon_parallel_executor.executor.parallel:run_until_complete
[1.697s] INFO:colcon.colcon_ros.task.ament_python.build:Building ROS package in '/home/raspberrypi/rosmaster/src/drive_controls' with build type 'ament_python'
[1.698s] Level 1:colcon.colcon_core.shell:create_environment_hook('drive_controls', 'ament_prefix_path')
[1.707s] INFO:colcon.colcon_core.plugin_system:Skipping extension 'colcon_core.shell.bat': Not used on non-Windows systems
[1.708s] INFO:colcon.colcon_core.shell:Creating environment hook '/home/raspberrypi/rosmaster/install/drive_controls/share/drive_controls/hook/ament_prefix_path.ps1'
[1.712s] INFO:colcon.colcon_core.shell:Creating environment descriptor '/home/raspberrypi/rosmaster/install/drive_controls/share/drive_controls/hook/ament_prefix_path.dsv'
[1.715s] INFO:colcon.colcon_core.shell:Creating environment hook '/home/raspberrypi/rosmaster/install/drive_controls/share/drive_controls/hook/ament_prefix_path.sh'
[1.718s] INFO:colcon.colcon_core.shell:Skip shell extension 'powershell' for command environment: Not usable outside of PowerShell
[1.718s] DEBUG:colcon.colcon_core.shell:Skip shell extension 'dsv' for command environment
[1.738s] INFO:colcon.colcon_ros.task.ament_cmake.build:Building ROS package in '/home/raspberrypi/rosmaster/src/rosmaster' with build type 'ament_cmake'
[1.739s] INFO:colcon.colcon_cmake.task.cmake.build:Building CMake package in '/home/raspberrypi/rosmaster/src/rosmaster'
[1.740s] INFO:colcon.colcon_core.shell:Skip shell extension 'powershell' for command environment: Not usable outside of PowerShell
[1.741s] DEBUG:colcon.colcon_core.shell:Skip shell extension 'dsv' for command environment
[1.762s] INFO:colcon.colcon_ros.task.ament_cmake.build:Building ROS package in '/home/raspberrypi/rosmaster/src/rosmaster_driver' with build type 'ament_cmake'
[1.763s] INFO:colcon.colcon_cmake.task.cmake.build:Building CMake package in '/home/raspberrypi/rosmaster/src/rosmaster_driver'
[1.764s] INFO:colcon.colcon_core.shell:Skip shell extension 'powershell' for command environment: Not usable outside of PowerShell
[1.765s] DEBUG:colcon.colcon_core.shell:Skip shell extension 'dsv' for command environment
[1.788s] INFO:colcon.colcon_ros.task.ament_cmake.build:Building ROS package in '/home/raspberrypi/rosmaster/src/rosmaster_driver_diff' with build type 'ament_cmake'
[1.789s] INFO:colcon.colcon_cmake.task.cmake.build:Building CMake package in '/home/raspberrypi/rosmaster/src/rosmaster_driver_diff'
[1.790s] INFO:colcon.colcon_core.shell:Skip shell extension 'powershell' for command environment: Not usable outside of PowerShell
[1.790s] DEBUG:colcon.colcon_core.shell:Skip shell extension 'dsv' for command environment
[2.973s] INFO:colcon.colcon_core.task.python.build:Building Python package in '/home/raspberrypi/rosmaster/src/drive_controls'
[2.975s] INFO:colcon.colcon_core.shell:Skip shell extension 'powershell' for command environment: Not usable outside of PowerShell
[2.975s] DEBUG:colcon.colcon_core.shell:Skip shell extension 'dsv' for command environment
[3.008s] DEBUG:colcon.colcon_core.event_handler.log_command:Invoking command in '/home/raspberrypi/rosmaster/build/rosmaster': CMAKE_PREFIX_PATH=${CMAKE_PREFIX_PATH}:/home/raspberrypi/rosmaster/install/drive_controls:/opt/ros/humble /usr/bin/cmake --build /home/raspberrypi/rosmaster/build/rosmaster -- -j4 -l4
[3.033s] DEBUG:colcon.colcon_core.event_handler.log_command:Invoking command in '/home/raspberrypi/rosmaster/build/rosmaster_driver': CMAKE_PREFIX_PATH=${CMAKE_PREFIX_PATH}:/home/raspberrypi/rosmaster/install/drive_controls:/opt/ros/humble /usr/bin/cmake --build /home/raspberrypi/rosmaster/build/rosmaster_driver -- -j4 -l4
[3.062s] DEBUG:colcon.colcon_core.event_handler.log_command:Invoking command in '/home/raspberrypi/rosmaster/build/rosmaster_driver_diff': CMAKE_PREFIX_PATH=${CMAKE_PREFIX_PATH}:/home/raspberrypi/rosmaster/install/drive_controls:/opt/ros/humble /usr/bin/cmake --build /home/raspberrypi/rosmaster/build/rosmaster_driver_diff -- -j4 -l4
[3.218s] DEBUG:colcon.colcon_core.event_handler.log_command:Invoked command in '/home/raspberrypi/rosmaster/build/rosmaster_driver' returned '0': CMAKE_PREFIX_PATH=${CMAKE_PREFIX_PATH}:/home/raspberrypi/rosmaster/install/drive_controls:/opt/ros/humble /usr/bin/cmake --build /home/raspberrypi/rosmaster/build/rosmaster_driver -- -j4 -l4
[3.220s] WARNING:colcon.colcon_cmake.task.cmake.build:Could not run installation step for package 'rosmaster_driver' because it has no 'install' target
[3.222s] Level 1:colcon.colcon_core.environment:create_environment_scripts_only(rosmaster_driver)
[3.243s] Level 1:colcon.colcon_core.environment:checking '/home/raspberrypi/rosmaster/install/rosmaster_driver' for CMake module files
[3.246s] Level 1:colcon.colcon_core.environment:checking '/home/raspberrypi/rosmaster/install/rosmaster_driver' for CMake config files
[3.248s] Level 1:colcon.colcon_core.environment:checking '/home/raspberrypi/rosmaster/install/rosmaster_driver/bin'
[3.248s] Level 1:colcon.colcon_core.environment:checking '/home/raspberrypi/rosmaster/install/rosmaster_driver/lib/pkgconfig/rosmaster_driver.pc'
[3.250s] Level 1:colcon.colcon_core.environment:checking '/home/raspberrypi/rosmaster/install/rosmaster_driver/lib/python3.10/site-packages'
[3.251s] Level 1:colcon.colcon_core.environment:checking '/home/raspberrypi/rosmaster/install/rosmaster_driver/bin'
[3.253s] INFO:colcon.colcon_core.shell:Creating package script '/home/raspberrypi/rosmaster/install/rosmaster_driver/share/rosmaster_driver/package.ps1'
[3.257s] INFO:colcon.colcon_core.shell:Creating package descriptor '/home/raspberrypi/rosmaster/install/rosmaster_driver/share/rosmaster_driver/package.dsv'
[3.259s] INFO:colcon.colcon_core.shell:Creating package script '/home/raspberrypi/rosmaster/install/rosmaster_driver/share/rosmaster_driver/package.sh'
[3.264s] INFO:colcon.colcon_core.shell:Creating package script '/home/raspberrypi/rosmaster/install/rosmaster_driver/share/rosmaster_driver/package.bash'
[3.269s] INFO:colcon.colcon_core.shell:Creating package script '/home/raspberrypi/rosmaster/install/rosmaster_driver/share/rosmaster_driver/package.zsh'
[3.274s] Level 1:colcon.colcon_core.environment:create_file_with_runtime_dependencies(/home/raspberrypi/rosmaster/install/rosmaster_driver/share/colcon-core/packages/rosmaster_driver)
[3.277s] Level 1:colcon.colcon_core.environment:create_environment_scripts_only(rosmaster_driver)
[3.279s] Level 1:colcon.colcon_core.environment:checking '/home/raspberrypi/rosmaster/install/rosmaster_driver' for CMake module files
[3.281s] Level 1:colcon.colcon_core.environment:checking '/home/raspberrypi/rosmaster/install/rosmaster_driver' for CMake config files
[3.284s] Level 1:colcon.colcon_core.environment:checking '/home/raspberrypi/rosmaster/install/rosmaster_driver/bin'
[3.284s] Level 1:colcon.colcon_core.environment:checking '/home/raspberrypi/rosmaster/install/rosmaster_driver/lib/pkgconfig/rosmaster_driver.pc'
[3.286s] Level 1:colcon.colcon_core.environment:checking '/home/raspberrypi/rosmaster/install/rosmaster_driver/lib/python3.10/site-packages'
[3.289s] Level 1:colcon.colcon_core.environment:checking '/home/raspberrypi/rosmaster/install/rosmaster_driver/bin'
[3.290s] INFO:colcon.colcon_core.shell:Creating package script '/home/raspberrypi/rosmaster/install/rosmaster_driver/share/rosmaster_driver/package.ps1'
[3.293s] INFO:colcon.colcon_core.shell:Creating package descriptor '/home/raspberrypi/rosmaster/install/rosmaster_driver/share/rosmaster_driver/package.dsv'
[3.295s] INFO:colcon.colcon_core.shell:Creating package script '/home/raspberrypi/rosmaster/install/rosmaster_driver/share/rosmaster_driver/package.sh'
[3.298s] INFO:colcon.colcon_core.shell:Creating package script '/home/raspberrypi/rosmaster/install/rosmaster_driver/share/rosmaster_driver/package.bash'
[3.301s] INFO:colcon.colcon_core.shell:Creating package script '/home/raspberrypi/rosmaster/install/rosmaster_driver/share/rosmaster_driver/package.zsh'
[3.304s] Level 1:colcon.colcon_core.environment:create_file_with_runtime_dependencies(/home/raspberrypi/rosmaster/install/rosmaster_driver/share/colcon-core/packages/rosmaster_driver)
[3.319s] DEBUG:colcon.colcon_core.event_handler.log_command:Invoked command in '/home/raspberrypi/rosmaster/build/rosmaster' returned '0': CMAKE_PREFIX_PATH=${CMAKE_PREFIX_PATH}:/home/raspberrypi/rosmaster/install/drive_controls:/opt/ros/humble /usr/bin/cmake --build /home/raspberrypi/rosmaster/build/rosmaster -- -j4 -l4
[3.361s] DEBUG:colcon.colcon_core.event_handler.log_command:Invoking command in '/home/raspberrypi/rosmaster/build/rosmaster': CMAKE_PREFIX_PATH=${CMAKE_PREFIX_PATH}:/home/raspberrypi/rosmaster/install/drive_controls:/opt/ros/humble /usr/bin/cmake --install /home/raspberrypi/rosmaster/build/rosmaster
[3.486s] Level 1:colcon.colcon_core.environment:create_environment_scripts_only(rosmaster)
[3.488s] DEBUG:colcon.colcon_core.event_handler.log_command:Invoked command in '/home/raspberrypi/rosmaster/build/rosmaster' returned '0': CMAKE_PREFIX_PATH=${CMAKE_PREFIX_PATH}:/home/raspberrypi/rosmaster/install/drive_controls:/opt/ros/humble /usr/bin/cmake --install /home/raspberrypi/rosmaster/build/rosmaster
[3.489s] Level 1:colcon.colcon_core.environment:checking '/home/raspberrypi/rosmaster/install/rosmaster' for CMake module files
[3.492s] Level 1:colcon.colcon_core.environment:checking '/home/raspberrypi/rosmaster/install/rosmaster' for CMake config files
[3.495s] Level 1:colcon.colcon_core.shell:create_environment_hook('rosmaster', 'cmake_prefix_path')
[3.496s] INFO:colcon.colcon_core.shell:Creating environment hook '/home/raspberrypi/rosmaster/install/rosmaster/share/rosmaster/hook/cmake_prefix_path.ps1'
[3.498s] INFO:colcon.colcon_core.shell:Creating environment descriptor '/home/raspberrypi/rosmaster/install/rosmaster/share/rosmaster/hook/cmake_prefix_path.dsv'
[3.501s] INFO:colcon.colcon_core.shell:Creating environment hook '/home/raspberrypi/rosmaster/install/rosmaster/share/rosmaster/hook/cmake_prefix_path.sh'
[3.504s] Level 1:colcon.colcon_core.environment:checking '/home/raspberrypi/rosmaster/install/rosmaster/bin'
[3.504s] Level 1:colcon.colcon_core.environment:checking '/home/raspberrypi/rosmaster/install/rosmaster/lib/pkgconfig/rosmaster.pc'
[3.506s] Level 1:colcon.colcon_core.environment:checking '/home/raspberrypi/rosmaster/install/rosmaster/lib/python3.10/site-packages'
[3.507s] Level 1:colcon.colcon_core.environment:checking '/home/raspberrypi/rosmaster/install/rosmaster/bin'
[3.509s] INFO:colcon.colcon_core.shell:Creating package script '/home/raspberrypi/rosmaster/install/rosmaster/share/rosmaster/package.ps1'
[3.512s] INFO:colcon.colcon_core.shell:Creating package descriptor '/home/raspberrypi/rosmaster/install/rosmaster/share/rosmaster/package.dsv'
[3.515s] INFO:colcon.colcon_core.shell:Creating package script '/home/raspberrypi/rosmaster/install/rosmaster/share/rosmaster/package.sh'
[3.518s] INFO:colcon.colcon_core.shell:Creating package script '/home/raspberrypi/rosmaster/install/rosmaster/share/rosmaster/package.bash'
[3.521s] INFO:colcon.colcon_core.shell:Creating package script '/home/raspberrypi/rosmaster/install/rosmaster/share/rosmaster/package.zsh'
[3.523s] Level 1:colcon.colcon_core.environment:create_file_with_runtime_dependencies(/home/raspberrypi/rosmaster/install/rosmaster/share/colcon-core/packages/rosmaster)
[3.527s] Level 1:colcon.colcon_core.environment:create_environment_scripts_only(rosmaster)
[3.528s] Level 1:colcon.colcon_core.environment:checking '/home/raspberrypi/rosmaster/install/rosmaster' for CMake module files
[3.531s] Level 1:colcon.colcon_core.environment:checking '/home/raspberrypi/rosmaster/install/rosmaster' for CMake config files
[3.534s] Level 1:colcon.colcon_core.shell:create_environment_hook('rosmaster', 'cmake_prefix_path')
[3.535s] INFO:colcon.colcon_core.shell:Creating environment hook '/home/raspberrypi/rosmaster/install/rosmaster/share/rosmaster/hook/cmake_prefix_path.ps1'
[3.538s] INFO:colcon.colcon_core.shell:Creating environment descriptor '/home/raspberrypi/rosmaster/install/rosmaster/share/rosmaster/hook/cmake_prefix_path.dsv'
[3.542s] INFO:colcon.colcon_core.shell:Creating environment hook '/home/raspberrypi/rosmaster/install/rosmaster/share/rosmaster/hook/cmake_prefix_path.sh'
[3.545s] Level 1:colcon.colcon_core.environment:checking '/home/raspberrypi/rosmaster/install/rosmaster/bin'
[3.546s] Level 1:colcon.colcon_core.environment:checking '/home/raspberrypi/rosmaster/install/rosmaster/lib/pkgconfig/rosmaster.pc'
[3.547s] Level 1:colcon.colcon_core.environment:checking '/home/raspberrypi/rosmaster/install/rosmaster/lib/python3.10/site-packages'
[3.549s] Level 1:colcon.colcon_core.environment:checking '/home/raspberrypi/rosmaster/install/rosmaster/bin'
[3.550s] INFO:colcon.colcon_core.shell:Creating package script '/home/raspberrypi/rosmaster/install/rosmaster/share/rosmaster/package.ps1'
[3.553s] INFO:colcon.colcon_core.shell:Creating package descriptor '/home/raspberrypi/rosmaster/install/rosmaster/share/rosmaster/package.dsv'
[3.557s] INFO:colcon.colcon_core.shell:Creating package script '/home/raspberrypi/rosmaster/install/rosmaster/share/rosmaster/package.sh'
[3.560s] INFO:colcon.colcon_core.shell:Creating package script '/home/raspberrypi/rosmaster/install/rosmaster/share/rosmaster/package.bash'
[3.563s] INFO:colcon.colcon_core.shell:Creating package script '/home/raspberrypi/rosmaster/install/rosmaster/share/rosmaster/package.zsh'
[3.566s] Level 1:colcon.colcon_core.environment:create_file_with_runtime_dependencies(/home/raspberrypi/rosmaster/install/rosmaster/share/colcon-core/packages/rosmaster)
[4.992s] DEBUG:colcon.colcon_core.event_handler.log_command:Invoking command in '/home/raspberrypi/rosmaster/build/drive_controls': PYTHONPATH=/home/raspberrypi/rosmaster/build/drive_controls/prefix_override:/usr/lib/python3/dist-packages/colcon_core/task/python/colcon_distutils_commands:/home/raspberrypi/rosmaster/install/drive_controls/lib/python3.10/site-packages:${PYTHONPATH} /usr/bin/python3 -W ignore:setup.py install is deprecated -W ignore:easy_install command is deprecated setup.py develop --editable --build-directory /home/raspberrypi/rosmaster/build/drive_controls/build --no-deps symlink_data
[7.472s] Level 1:colcon.colcon_core.shell:create_environment_hook('drive_controls', 'pythonpath_develop')
[7.474s] INFO:colcon.colcon_core.shell:Creating environment hook '/home/raspberrypi/rosmaster/build/drive_controls/share/drive_controls/hook/pythonpath_develop.ps1'
[7.477s] DEBUG:colcon.colcon_core.event_handler.log_command:Invoked command in '/home/raspberrypi/rosmaster/build/drive_controls' returned '0': PYTHONPATH=/home/raspberrypi/rosmaster/build/drive_controls/prefix_override:/usr/lib/python3/dist-packages/colcon_core/task/python/colcon_distutils_commands:/home/raspberrypi/rosmaster/install/drive_controls/lib/python3.10/site-packages:${PYTHONPATH} /usr/bin/python3 -W ignore:setup.py install is deprecated -W ignore:easy_install command is deprecated setup.py develop --editable --build-directory /home/raspberrypi/rosmaster/build/drive_controls/build --no-deps symlink_data
[7.477s] INFO:colcon.colcon_core.shell:Creating environment descriptor '/home/raspberrypi/rosmaster/build/drive_controls/share/drive_controls/hook/pythonpath_develop.dsv'
[7.480s] INFO:colcon.colcon_core.shell:Creating environment hook '/home/raspberrypi/rosmaster/build/drive_controls/share/drive_controls/hook/pythonpath_develop.sh'
[7.486s] Level 1:colcon.colcon_core.environment:checking '/home/raspberrypi/rosmaster/install/drive_controls' for CMake module files
[7.489s] Level 1:colcon.colcon_core.environment:checking '/home/raspberrypi/rosmaster/install/drive_controls' for CMake config files
[7.494s] Level 1:colcon.colcon_core.environment:checking '/home/raspberrypi/rosmaster/install/drive_controls/lib'
[7.496s] Level 1:colcon.colcon_core.environment:checking '/home/raspberrypi/rosmaster/install/drive_controls/bin'
[7.496s] Level 1:colcon.colcon_core.environment:checking '/home/raspberrypi/rosmaster/install/drive_controls/lib/pkgconfig/drive_controls.pc'
[7.497s] Level 1:colcon.colcon_core.environment:checking '/home/raspberrypi/rosmaster/install/drive_controls/lib/python3.10/site-packages'
[7.498s] Level 1:colcon.colcon_core.shell:create_environment_hook('drive_controls', 'pythonpath')
[7.499s] INFO:colcon.colcon_core.shell:Creating environment hook '/home/raspberrypi/rosmaster/install/drive_controls/share/drive_controls/hook/pythonpath.ps1'
[7.502s] INFO:colcon.colcon_core.shell:Creating environment descriptor '/home/raspberrypi/rosmaster/install/drive_controls/share/drive_controls/hook/pythonpath.dsv'
[7.505s] INFO:colcon.colcon_core.shell:Creating environment hook '/home/raspberrypi/rosmaster/install/drive_controls/share/drive_controls/hook/pythonpath.sh'
[7.509s] Level 1:colcon.colcon_core.environment:checking '/home/raspberrypi/rosmaster/install/drive_controls/bin'
[7.509s] Level 1:colcon.colcon_core.environment:create_environment_scripts_only(drive_controls)
[7.511s] INFO:colcon.colcon_core.shell:Creating package script '/home/raspberrypi/rosmaster/install/drive_controls/share/drive_controls/package.ps1'
[7.514s] INFO:colcon.colcon_core.shell:Creating package descriptor '/home/raspberrypi/rosmaster/install/drive_controls/share/drive_controls/package.dsv'
[7.518s] INFO:colcon.colcon_core.shell:Creating package script '/home/raspberrypi/rosmaster/install/drive_controls/share/drive_controls/package.sh'
[7.521s] INFO:colcon.colcon_core.shell:Creating package script '/home/raspberrypi/rosmaster/install/drive_controls/share/drive_controls/package.bash'
[7.523s] INFO:colcon.colcon_core.shell:Creating package script '/home/raspberrypi/rosmaster/install/drive_controls/share/drive_controls/package.zsh'
[7.526s] Level 1:colcon.colcon_core.environment:create_file_with_runtime_dependencies(/home/raspberrypi/rosmaster/install/drive_controls/share/colcon-core/packages/drive_controls)
[22.297s] DEBUG:colcon.colcon_core.event_handler.log_command:Invoked command in '/home/raspberrypi/rosmaster/build/rosmaster_driver_diff' returned '0': CMAKE_PREFIX_PATH=${CMAKE_PREFIX_PATH}:/home/raspberrypi/rosmaster/install/drive_controls:/opt/ros/humble /usr/bin/cmake --build /home/raspberrypi/rosmaster/build/rosmaster_driver_diff -- -j4 -l4
[22.306s] DEBUG:colcon.colcon_core.event_handler.log_command:Invoking command in '/home/raspberrypi/rosmaster/build/rosmaster_driver_diff': CMAKE_PREFIX_PATH=${CMAKE_PREFIX_PATH}:/home/raspberrypi/rosmaster/install/drive_controls:/opt/ros/humble /usr/bin/cmake --install /home/raspberrypi/rosmaster/build/rosmaster_driver_diff
[22.418s] Level 1:colcon.colcon_core.environment:create_environment_scripts_only(rosmaster_driver_diff)
[22.419s] Level 1:colcon.colcon_core.environment:checking '/home/raspberrypi/rosmaster/install/rosmaster_driver_diff' for CMake module files
[22.421s] DEBUG:colcon.colcon_core.event_handler.log_command:Invoked command in '/home/raspberrypi/rosmaster/build/rosmaster_driver_diff' returned '0': CMAKE_PREFIX_PATH=${CMAKE_PREFIX_PATH}:/home/raspberrypi/rosmaster/install/drive_controls:/opt/ros/humble /usr/bin/cmake --install /home/raspberrypi/rosmaster/build/rosmaster_driver_diff
[22.423s] Level 1:colcon.colcon_core.environment:checking '/home/raspberrypi/rosmaster/install/rosmaster_driver_diff' for CMake config files
[22.425s] Level 1:colcon.colcon_core.shell:create_environment_hook('rosmaster_driver_diff', 'cmake_prefix_path')
[22.426s] INFO:colcon.colcon_core.shell:Creating environment hook '/home/raspberrypi/rosmaster/install/rosmaster_driver_diff/share/rosmaster_driver_diff/hook/cmake_prefix_path.ps1'
[22.428s] INFO:colcon.colcon_core.shell:Creating environment descriptor '/home/raspberrypi/rosmaster/install/rosmaster_driver_diff/share/rosmaster_driver_diff/hook/cmake_prefix_path.dsv'
[22.430s] INFO:colcon.colcon_core.shell:Creating environment hook '/home/raspberrypi/rosmaster/install/rosmaster_driver_diff/share/rosmaster_driver_diff/hook/cmake_prefix_path.sh'
[22.434s] Level 1:colcon.colcon_core.environment:checking '/home/raspberrypi/rosmaster/install/rosmaster_driver_diff/lib'
[22.434s] Level 1:colcon.colcon_core.shell:create_environment_hook('rosmaster_driver_diff', 'ld_library_path_lib')
[22.435s] INFO:colcon.colcon_core.shell:Creating environment hook '/home/raspberrypi/rosmaster/install/rosmaster_driver_diff/share/rosmaster_driver_diff/hook/ld_library_path_lib.ps1'
[22.438s] INFO:colcon.colcon_core.shell:Creating environment descriptor '/home/raspberrypi/rosmaster/install/rosmaster_driver_diff/share/rosmaster_driver_diff/hook/ld_library_path_lib.dsv'
[22.440s] INFO:colcon.colcon_core.shell:Creating environment hook '/home/raspberrypi/rosmaster/install/rosmaster_driver_diff/share/rosmaster_driver_diff/hook/ld_library_path_lib.sh'
[22.442s] Level 1:colcon.colcon_core.environment:checking '/home/raspberrypi/rosmaster/install/rosmaster_driver_diff/bin'
[22.442s] Level 1:colcon.colcon_core.environment:checking '/home/raspberrypi/rosmaster/install/rosmaster_driver_diff/lib/pkgconfig/rosmaster_driver_diff.pc'
[22.443s] Level 1:colcon.colcon_core.environment:checking '/home/raspberrypi/rosmaster/install/rosmaster_driver_diff/lib/python3.10/site-packages'
[22.445s] Level 1:colcon.colcon_core.environment:checking '/home/raspberrypi/rosmaster/install/rosmaster_driver_diff/bin'
[22.446s] INFO:colcon.colcon_core.shell:Creating package script '/home/raspberrypi/rosmaster/install/rosmaster_driver_diff/share/rosmaster_driver_diff/package.ps1'
[22.449s] INFO:colcon.colcon_core.shell:Creating package descriptor '/home/raspberrypi/rosmaster/install/rosmaster_driver_diff/share/rosmaster_driver_diff/package.dsv'
[22.451s] INFO:colcon.colcon_core.shell:Creating package script '/home/raspberrypi/rosmaster/install/rosmaster_driver_diff/share/rosmaster_driver_diff/package.sh'
[22.454s] INFO:colcon.colcon_core.shell:Creating package script '/home/raspberrypi/rosmaster/install/rosmaster_driver_diff/share/rosmaster_driver_diff/package.bash'
[22.456s] INFO:colcon.colcon_core.shell:Creating package script '/home/raspberrypi/rosmaster/install/rosmaster_driver_diff/share/rosmaster_driver_diff/package.zsh'
[22.458s] Level 1:colcon.colcon_core.environment:create_file_with_runtime_dependencies(/home/raspberrypi/rosmaster/install/rosmaster_driver_diff/share/colcon-core/packages/rosmaster_driver_diff)
[22.461s] Level 1:colcon.colcon_core.environment:create_environment_scripts_only(rosmaster_driver_diff)
[22.462s] Level 1:colcon.colcon_core.environment:checking '/home/raspberrypi/rosmaster/install/rosmaster_driver_diff' for CMake module files
[22.465s] Level 1:colcon.colcon_core.environment:checking '/home/raspberrypi/rosmaster/install/rosmaster_driver_diff' for CMake config files
[22.466s] Level 1:colcon.colcon_core.shell:create_environment_hook('rosmaster_driver_diff', 'cmake_prefix_path')
[22.467s] INFO:colcon.colcon_core.shell:Creating environment hook '/home/raspberrypi/rosmaster/install/rosmaster_driver_diff/share/rosmaster_driver_diff/hook/cmake_prefix_path.ps1'
[22.469s] INFO:colcon.colcon_core.shell:Creating environment descriptor '/home/raspberrypi/rosmaster/install/rosmaster_driver_diff/share/rosmaster_driver_diff/hook/cmake_prefix_path.dsv'
[22.471s] INFO:colcon.colcon_core.shell:Creating environment hook '/home/raspberrypi/rosmaster/install/rosmaster_driver_diff/share/rosmaster_driver_diff/hook/cmake_prefix_path.sh'
[22.474s] Level 1:colcon.colcon_core.environment:checking '/home/raspberrypi/rosmaster/install/rosmaster_driver_diff/lib'
[22.475s] Level 1:colcon.colcon_core.shell:create_environment_hook('rosmaster_driver_diff', 'ld_library_path_lib')
[22.476s] INFO:colcon.colcon_core.shell:Creating environment hook '/home/raspberrypi/rosmaster/install/rosmaster_driver_diff/share/rosmaster_driver_diff/hook/ld_library_path_lib.ps1'
[22.478s] INFO:colcon.colcon_core.shell:Creating environment descriptor '/home/raspberrypi/rosmaster/install/rosmaster_driver_diff/share/rosmaster_driver_diff/hook/ld_library_path_lib.dsv'
[22.480s] INFO:colcon.colcon_core.shell:Creating environment hook '/home/raspberrypi/rosmaster/install/rosmaster_driver_diff/share/rosmaster_driver_diff/hook/ld_library_path_lib.sh'
[22.482s] Level 1:colcon.colcon_core.environment:checking '/home/raspberrypi/rosmaster/install/rosmaster_driver_diff/bin'
[22.482s] Level 1:colcon.colcon_core.environment:checking '/home/raspberrypi/rosmaster/install/rosmaster_driver_diff/lib/pkgconfig/rosmaster_driver_diff.pc'
[22.483s] Level 1:colcon.colcon_core.environment:checking '/home/raspberrypi/rosmaster/install/rosmaster_driver_diff/lib/python3.10/site-packages'
[22.485s] Level 1:colcon.colcon_core.environment:checking '/home/raspberrypi/rosmaster/install/rosmaster_driver_diff/bin'
[22.486s] INFO:colcon.colcon_core.shell:Creating package script '/home/raspberrypi/rosmaster/install/rosmaster_driver_diff/share/rosmaster_driver_diff/package.ps1'
[22.490s] INFO:colcon.colcon_core.shell:Creating package descriptor '/home/raspberrypi/rosmaster/install/rosmaster_driver_diff/share/rosmaster_driver_diff/package.dsv'
[22.493s] INFO:colcon.colcon_core.shell:Creating package script '/home/raspberrypi/rosmaster/install/rosmaster_driver_diff/share/rosmaster_driver_diff/package.sh'
[22.495s] INFO:colcon.colcon_core.shell:Creating package script '/home/raspberrypi/rosmaster/install/rosmaster_driver_diff/share/rosmaster_driver_diff/package.bash'
[22.498s] INFO:colcon.colcon_core.shell:Creating package script '/home/raspberrypi/rosmaster/install/rosmaster_driver_diff/share/rosmaster_driver_diff/package.zsh'
[22.500s] Level 1:colcon.colcon_core.environment:create_file_with_runtime_dependencies(/home/raspberrypi/rosmaster/install/rosmaster_driver_diff/share/colcon-core/packages/rosmaster_driver_diff)
[22.502s] DEBUG:colcon.colcon_parallel_executor.executor.parallel:closing loop
[22.505s] DEBUG:colcon.colcon_parallel_executor.executor.parallel:loop closed
[22.505s] DEBUG:colcon.colcon_parallel_executor.executor.parallel:run_until_complete finished with '0'
[22.506s] DEBUG:colcon.colcon_core.event_reactor:joining thread
[22.537s] INFO:colcon.colcon_core.plugin_system:Skipping extension 'colcon_notification.desktop_notification.notify_send': Could not find 'notify-send'
[22.537s] INFO:colcon.colcon_core.plugin_system:Skipping extension 'colcon_notification.desktop_notification.terminal_notifier': Not used on non-Darwin systems
[22.538s] INFO:colcon.colcon_core.plugin_system:Skipping extension 'colcon_notification.desktop_notification.win32': Not used on non-Windows systems
[22.538s] INFO:colcon.colcon_notification.desktop_notification:Sending desktop notification using 'notify2'
[22.541s] DEBUG:colcon.colcon_notification.desktop_notification.notify2:Failed to initialize notify2: org.freedesktop.DBus.Error.ServiceUnknown: The name org.freedesktop.Notifications was not provided by any .service files
[22.542s] DEBUG:colcon.colcon_core.event_reactor:joined thread
[22.543s] INFO:colcon.colcon_core.shell:Creating prefix script '/home/raspberrypi/rosmaster/install/local_setup.ps1'
[22.548s] INFO:colcon.colcon_core.shell:Creating prefix util module '/home/raspberrypi/rosmaster/install/_local_setup_util_ps1.py'
[22.555s] INFO:colcon.colcon_core.shell:Creating prefix chain script '/home/raspberrypi/rosmaster/install/setup.ps1'
[22.562s] INFO:colcon.colcon_core.shell:Creating prefix script '/home/raspberrypi/rosmaster/install/local_setup.sh'
[22.565s] INFO:colcon.colcon_core.shell:Creating prefix util module '/home/raspberrypi/rosmaster/install/_local_setup_util_sh.py'
[22.569s] INFO:colcon.colcon_core.shell:Creating prefix chain script '/home/raspberrypi/rosmaster/install/setup.sh'
[22.576s] INFO:colcon.colcon_core.shell:Creating prefix script '/home/raspberrypi/rosmaster/install/local_setup.bash'
[22.579s] INFO:colcon.colcon_core.shell:Creating prefix chain script '/home/raspberrypi/rosmaster/install/setup.bash'
[22.585s] INFO:colcon.colcon_core.shell:Creating prefix script '/home/raspberrypi/rosmaster/install/local_setup.zsh'
[22.588s] INFO:colcon.colcon_core.shell:Creating prefix chain script '/home/raspberrypi/rosmaster/install/setup.zsh'
