[0.936s] DEBUG:colcon:Command line arguments: ['/usr/bin/colcon', 'build', '--symlink-install']
[0.936s] DEBUG:colcon:Parsed command line arguments: Namespace(log_base=None, log_level=None, verb_name='build', build_base='build', install_base='install', merge_install=False, symlink_install=True, test_result_base=None, continue_on_error=False, executor='parallel', parallel_workers=4, event_handlers=None, ignore_user_meta=False, metas=['./colcon.meta'], base_paths=['.'], packages_ignore=None, packages_ignore_regex=None, paths=None, packages_up_to=None, packages_up_to_regex=None, packages_above=None, packages_above_and_dependencies=None, packages_above_depth=None, packages_select_by_dep=None, packages_skip_by_dep=None, packages_skip_up_to=None, packages_select_build_failed=False, packages_skip_build_finished=False, packages_select_test_failures=False, packages_skip_test_passed=False, packages_select=None, packages_skip=None, packages_select_regex=None, packages_skip_regex=None, packages_start=None, packages_end=None, allow_overriding=[], cmake_args=None, cmake_target=None, cmake_target_skip_unavailable=False, cmake_clean_cache=False, cmake_clean_first=False, cmake_force_configure=False, ament_cmake_args=None, catkin_cmake_args=None, catkin_skip_building_tests=False, mixin_files=None, mixin=None, verb_parser=<colcon_mixin.mixin.mixin_argument.MixinArgumentDecorator object at 0xffff99338a30>, verb_extension=<colcon_core.verb.build.BuildVerb object at 0xffff994ae3e0>, main=<bound method BuildVerb.main of <colcon_core.verb.build.BuildVerb object at 0xffff994ae3e0>>, mixin_verb=('build',))
[1.967s] Level 1:colcon.colcon_core.package_discovery:discover_packages(colcon_meta) check parameters
[1.967s] Level 1:colcon.colcon_core.package_discovery:discover_packages(recursive) check parameters
[1.967s] Level 1:colcon.colcon_core.package_discovery:discover_packages(ignore) check parameters
[1.967s] Level 1:colcon.colcon_core.package_discovery:discover_packages(path) check parameters
[1.967s] Level 1:colcon.colcon_core.package_discovery:discover_packages(colcon_meta) discover
[1.968s] Level 1:colcon.colcon_core.package_discovery:discover_packages(recursive) discover
[1.968s] INFO:colcon.colcon_core.package_discovery:Crawling recursively for packages in '/home/raspberrypi/rosmaster'
[1.968s] Level 1:colcon.colcon_core.package_identification:_identify(.) by extensions ['ignore', 'ignore_ament_install']
[1.969s] Level 1:colcon.colcon_core.package_identification:_identify(.) by extension 'ignore'
[1.969s] Level 1:colcon.colcon_core.package_identification:_identify(.) by extension 'ignore_ament_install'
[1.969s] Level 1:colcon.colcon_core.package_identification:_identify(.) by extensions ['colcon_pkg']
[1.969s] Level 1:colcon.colcon_core.package_identification:_identify(.) by extension 'colcon_pkg'
[1.970s] Level 1:colcon.colcon_core.package_identification:_identify(.) by extensions ['colcon_meta']
[1.970s] Level 1:colcon.colcon_core.package_identification:_identify(.) by extension 'colcon_meta'
[1.970s] Level 1:colcon.colcon_core.package_identification:_identify(.) by extensions ['ros']
[1.970s] Level 1:colcon.colcon_core.package_identification:_identify(.) by extension 'ros'
[2.045s] Level 1:colcon.colcon_core.package_identification:_identify(.) by extensions ['cmake', 'python']
[2.045s] Level 1:colcon.colcon_core.package_identification:_identify(.) by extension 'cmake'
[2.045s] Level 1:colcon.colcon_core.package_identification:_identify(.) by extension 'python'
[2.045s] Level 1:colcon.colcon_core.package_identification:_identify(.) by extensions ['python_setup_py']
[2.046s] Level 1:colcon.colcon_core.package_identification:_identify(.) by extension 'python_setup_py'
[2.046s] Level 1:colcon.colcon_core.package_identification:_identify(build) by extensions ['ignore', 'ignore_ament_install']
[2.046s] Level 1:colcon.colcon_core.package_identification:_identify(build) by extension 'ignore'
[2.047s] Level 1:colcon.colcon_core.package_identification:_identify(build) ignored
[2.048s] Level 1:colcon.colcon_core.package_identification:_identify(dep) by extensions ['ignore', 'ignore_ament_install']
[2.048s] Level 1:colcon.colcon_core.package_identification:_identify(dep) by extension 'ignore'
[2.048s] Level 1:colcon.colcon_core.package_identification:_identify(dep) by extension 'ignore_ament_install'
[2.049s] Level 1:colcon.colcon_core.package_identification:_identify(dep) by extensions ['colcon_pkg']
[2.049s] Level 1:colcon.colcon_core.package_identification:_identify(dep) by extension 'colcon_pkg'
[2.049s] Level 1:colcon.colcon_core.package_identification:_identify(dep) by extensions ['colcon_meta']
[2.049s] Level 1:colcon.colcon_core.package_identification:_identify(dep) by extension 'colcon_meta'
[2.049s] Level 1:colcon.colcon_core.package_identification:_identify(dep) by extensions ['ros']
[2.049s] Level 1:colcon.colcon_core.package_identification:_identify(dep) by extension 'ros'
[2.050s] Level 1:colcon.colcon_core.package_identification:_identify(dep) by extensions ['cmake', 'python']
[2.050s] Level 1:colcon.colcon_core.package_identification:_identify(dep) by extension 'cmake'
[2.050s] Level 1:colcon.colcon_core.package_identification:_identify(dep) by extension 'python'
[2.050s] Level 1:colcon.colcon_core.package_identification:_identify(dep) by extensions ['python_setup_py']
[2.050s] Level 1:colcon.colcon_core.package_identification:_identify(dep) by extension 'python_setup_py'
[2.051s] Level 1:colcon.colcon_core.package_identification:_identify(install) by extensions ['ignore', 'ignore_ament_install']
[2.051s] Level 1:colcon.colcon_core.package_identification:_identify(install) by extension 'ignore'
[2.051s] Level 1:colcon.colcon_core.package_identification:_identify(install) ignored
[2.051s] Level 1:colcon.colcon_core.package_identification:_identify(log) by extensions ['ignore', 'ignore_ament_install']
[2.052s] Level 1:colcon.colcon_core.package_identification:_identify(log) by extension 'ignore'
[2.052s] Level 1:colcon.colcon_core.package_identification:_identify(log) ignored
[2.053s] Level 1:colcon.colcon_core.package_identification:_identify(ros2_tools) by extensions ['ignore', 'ignore_ament_install']
[2.053s] Level 1:colcon.colcon_core.package_identification:_identify(ros2_tools) by extension 'ignore'
[2.053s] Level 1:colcon.colcon_core.package_identification:_identify(ros2_tools) by extension 'ignore_ament_install'
[2.054s] Level 1:colcon.colcon_core.package_identification:_identify(ros2_tools) by extensions ['colcon_pkg']
[2.054s] Level 1:colcon.colcon_core.package_identification:_identify(ros2_tools) by extension 'colcon_pkg'
[2.054s] Level 1:colcon.colcon_core.package_identification:_identify(ros2_tools) by extensions ['colcon_meta']
[2.054s] Level 1:colcon.colcon_core.package_identification:_identify(ros2_tools) by extension 'colcon_meta'
[2.054s] Level 1:colcon.colcon_core.package_identification:_identify(ros2_tools) by extensions ['ros']
[2.054s] Level 1:colcon.colcon_core.package_identification:_identify(ros2_tools) by extension 'ros'
[2.055s] Level 1:colcon.colcon_core.package_identification:_identify(ros2_tools) by extensions ['cmake', 'python']
[2.055s] Level 1:colcon.colcon_core.package_identification:_identify(ros2_tools) by extension 'cmake'
[2.055s] Level 1:colcon.colcon_core.package_identification:_identify(ros2_tools) by extension 'python'
[2.055s] Level 1:colcon.colcon_core.package_identification:_identify(ros2_tools) by extensions ['python_setup_py']
[2.055s] Level 1:colcon.colcon_core.package_identification:_identify(ros2_tools) by extension 'python_setup_py'
[2.056s] Level 1:colcon.colcon_core.package_identification:_identify(ros2_tools/files) by extensions ['ignore', 'ignore_ament_install']
[2.057s] Level 1:colcon.colcon_core.package_identification:_identify(ros2_tools/files) by extension 'ignore'
[2.057s] Level 1:colcon.colcon_core.package_identification:_identify(ros2_tools/files) by extension 'ignore_ament_install'
[2.057s] Level 1:colcon.colcon_core.package_identification:_identify(ros2_tools/files) by extensions ['colcon_pkg']
[2.057s] Level 1:colcon.colcon_core.package_identification:_identify(ros2_tools/files) by extension 'colcon_pkg'
[2.057s] Level 1:colcon.colcon_core.package_identification:_identify(ros2_tools/files) by extensions ['colcon_meta']
[2.057s] Level 1:colcon.colcon_core.package_identification:_identify(ros2_tools/files) by extension 'colcon_meta'
[2.058s] Level 1:colcon.colcon_core.package_identification:_identify(ros2_tools/files) by extensions ['ros']
[2.058s] Level 1:colcon.colcon_core.package_identification:_identify(ros2_tools/files) by extension 'ros'
[2.058s] Level 1:colcon.colcon_core.package_identification:_identify(ros2_tools/files) by extensions ['cmake', 'python']
[2.058s] Level 1:colcon.colcon_core.package_identification:_identify(ros2_tools/files) by extension 'cmake'
[2.059s] Level 1:colcon.colcon_core.package_identification:_identify(ros2_tools/files) by extension 'python'
[2.059s] Level 1:colcon.colcon_core.package_identification:_identify(ros2_tools/files) by extensions ['python_setup_py']
[2.059s] Level 1:colcon.colcon_core.package_identification:_identify(ros2_tools/files) by extension 'python_setup_py'
[2.060s] Level 1:colcon.colcon_core.package_identification:_identify(ros2_tools/install) by extensions ['ignore', 'ignore_ament_install']
[2.060s] Level 1:colcon.colcon_core.package_identification:_identify(ros2_tools/install) by extension 'ignore'
[2.060s] Level 1:colcon.colcon_core.package_identification:_identify(ros2_tools/install) by extension 'ignore_ament_install'
[2.061s] Level 1:colcon.colcon_core.package_identification:_identify(ros2_tools/install) by extensions ['colcon_pkg']
[2.061s] Level 1:colcon.colcon_core.package_identification:_identify(ros2_tools/install) by extension 'colcon_pkg'
[2.061s] Level 1:colcon.colcon_core.package_identification:_identify(ros2_tools/install) by extensions ['colcon_meta']
[2.061s] Level 1:colcon.colcon_core.package_identification:_identify(ros2_tools/install) by extension 'colcon_meta'
[2.061s] Level 1:colcon.colcon_core.package_identification:_identify(ros2_tools/install) by extensions ['ros']
[2.061s] Level 1:colcon.colcon_core.package_identification:_identify(ros2_tools/install) by extension 'ros'
[2.062s] Level 1:colcon.colcon_core.package_identification:_identify(ros2_tools/install) by extensions ['cmake', 'python']
[2.062s] Level 1:colcon.colcon_core.package_identification:_identify(ros2_tools/install) by extension 'cmake'
[2.062s] Level 1:colcon.colcon_core.package_identification:_identify(ros2_tools/install) by extension 'python'
[2.062s] Level 1:colcon.colcon_core.package_identification:_identify(ros2_tools/install) by extensions ['python_setup_py']
[2.062s] Level 1:colcon.colcon_core.package_identification:_identify(ros2_tools/install) by extension 'python_setup_py'
[2.063s] Level 1:colcon.colcon_core.package_identification:_identify(src) by extensions ['ignore', 'ignore_ament_install']
[2.064s] Level 1:colcon.colcon_core.package_identification:_identify(src) by extension 'ignore'
[2.064s] Level 1:colcon.colcon_core.package_identification:_identify(src) by extension 'ignore_ament_install'
[2.064s] Level 1:colcon.colcon_core.package_identification:_identify(src) by extensions ['colcon_pkg']
[2.064s] Level 1:colcon.colcon_core.package_identification:_identify(src) by extension 'colcon_pkg'
[2.064s] Level 1:colcon.colcon_core.package_identification:_identify(src) by extensions ['colcon_meta']
[2.064s] Level 1:colcon.colcon_core.package_identification:_identify(src) by extension 'colcon_meta'
[2.065s] Level 1:colcon.colcon_core.package_identification:_identify(src) by extensions ['ros']
[2.065s] Level 1:colcon.colcon_core.package_identification:_identify(src) by extension 'ros'
[2.065s] Level 1:colcon.colcon_core.package_identification:_identify(src) by extensions ['cmake', 'python']
[2.065s] Level 1:colcon.colcon_core.package_identification:_identify(src) by extension 'cmake'
[2.065s] Level 1:colcon.colcon_core.package_identification:_identify(src) by extension 'python'
[2.066s] Level 1:colcon.colcon_core.package_identification:_identify(src) by extensions ['python_setup_py']
[2.066s] Level 1:colcon.colcon_core.package_identification:_identify(src) by extension 'python_setup_py'
[2.067s] Level 1:colcon.colcon_core.package_identification:_identify(src/drive_controls) by extensions ['ignore', 'ignore_ament_install']
[2.067s] Level 1:colcon.colcon_core.package_identification:_identify(src/drive_controls) by extension 'ignore'
[2.067s] Level 1:colcon.colcon_core.package_identification:_identify(src/drive_controls) by extension 'ignore_ament_install'
[2.068s] Level 1:colcon.colcon_core.package_identification:_identify(src/drive_controls) by extensions ['colcon_pkg']
[2.068s] Level 1:colcon.colcon_core.package_identification:_identify(src/drive_controls) by extension 'colcon_pkg'
[2.068s] Level 1:colcon.colcon_core.package_identification:_identify(src/drive_controls) by extensions ['colcon_meta']
[2.068s] Level 1:colcon.colcon_core.package_identification:_identify(src/drive_controls) by extension 'colcon_meta'
[2.068s] Level 1:colcon.colcon_core.package_identification:_identify(src/drive_controls) by extensions ['ros']
[2.068s] Level 1:colcon.colcon_core.package_identification:_identify(src/drive_controls) by extension 'ros'
[2.080s] DEBUG:colcon.colcon_core.package_identification:Package 'src/drive_controls' with type 'ros.ament_python' and name 'drive_controls'
[2.082s] Level 1:colcon.colcon_core.package_identification:_identify(src/rosmaster) by extensions ['ignore', 'ignore_ament_install']
[2.082s] Level 1:colcon.colcon_core.package_identification:_identify(src/rosmaster) by extension 'ignore'
[2.082s] Level 1:colcon.colcon_core.package_identification:_identify(src/rosmaster) by extension 'ignore_ament_install'
[2.083s] Level 1:colcon.colcon_core.package_identification:_identify(src/rosmaster) by extensions ['colcon_pkg']
[2.083s] Level 1:colcon.colcon_core.package_identification:_identify(src/rosmaster) by extension 'colcon_pkg'
[2.083s] Level 1:colcon.colcon_core.package_identification:_identify(src/rosmaster) by extensions ['colcon_meta']
[2.083s] Level 1:colcon.colcon_core.package_identification:_identify(src/rosmaster) by extension 'colcon_meta'
[2.083s] Level 1:colcon.colcon_core.package_identification:_identify(src/rosmaster) by extensions ['ros']
[2.083s] Level 1:colcon.colcon_core.package_identification:_identify(src/rosmaster) by extension 'ros'
[2.086s] DEBUG:colcon.colcon_core.package_identification:Package 'src/rosmaster' with type 'ros.ament_cmake' and name 'rosmaster'
[2.087s] Level 1:colcon.colcon_core.package_identification:_identify(src/rosmaster_driver) by extensions ['ignore', 'ignore_ament_install']
[2.088s] Level 1:colcon.colcon_core.package_identification:_identify(src/rosmaster_driver) by extension 'ignore'
[2.088s] Level 1:colcon.colcon_core.package_identification:_identify(src/rosmaster_driver) by extension 'ignore_ament_install'
[2.088s] Level 1:colcon.colcon_core.package_identification:_identify(src/rosmaster_driver) by extensions ['colcon_pkg']
[2.088s] Level 1:colcon.colcon_core.package_identification:_identify(src/rosmaster_driver) by extension 'colcon_pkg'
[2.089s] Level 1:colcon.colcon_core.package_identification:_identify(src/rosmaster_driver) by extensions ['colcon_meta']
[2.089s] Level 1:colcon.colcon_core.package_identification:_identify(src/rosmaster_driver) by extension 'colcon_meta'
[2.089s] Level 1:colcon.colcon_core.package_identification:_identify(src/rosmaster_driver) by extensions ['ros']
[2.089s] Level 1:colcon.colcon_core.package_identification:_identify(src/rosmaster_driver) by extension 'ros'
[2.094s] DEBUG:colcon.colcon_core.package_identification:Package 'src/rosmaster_driver' with type 'ros.ament_cmake' and name 'rosmaster_driver'
[2.095s] Level 1:colcon.colcon_core.package_identification:_identify(src/rosmaster_driver_diff) by extensions ['ignore', 'ignore_ament_install']
[2.095s] Level 1:colcon.colcon_core.package_identification:_identify(src/rosmaster_driver_diff) by extension 'ignore'
[2.095s] Level 1:colcon.colcon_core.package_identification:_identify(src/rosmaster_driver_diff) by extension 'ignore_ament_install'
[2.096s] Level 1:colcon.colcon_core.package_identification:_identify(src/rosmaster_driver_diff) by extensions ['colcon_pkg']
[2.096s] Level 1:colcon.colcon_core.package_identification:_identify(src/rosmaster_driver_diff) by extension 'colcon_pkg'
[2.096s] Level 1:colcon.colcon_core.package_identification:_identify(src/rosmaster_driver_diff) by extensions ['colcon_meta']
[2.096s] Level 1:colcon.colcon_core.package_identification:_identify(src/rosmaster_driver_diff) by extension 'colcon_meta'
[2.096s] Level 1:colcon.colcon_core.package_identification:_identify(src/rosmaster_driver_diff) by extensions ['ros']
[2.097s] Level 1:colcon.colcon_core.package_identification:_identify(src/rosmaster_driver_diff) by extension 'ros'
[2.102s] DEBUG:colcon.colcon_core.package_identification:Package 'src/rosmaster_driver_diff' with type 'ros.ament_cmake' and name 'rosmaster_driver_diff'
[2.102s] Level 1:colcon.colcon_core.package_discovery:discover_packages(recursive) using defaults
[2.102s] Level 1:colcon.colcon_core.package_discovery:discover_packages(ignore) discover
[2.102s] Level 1:colcon.colcon_core.package_discovery:discover_packages(ignore) using defaults
[2.102s] Level 1:colcon.colcon_core.package_discovery:discover_packages(path) discover
[2.102s] Level 1:colcon.colcon_core.package_discovery:discover_packages(path) using defaults
[2.220s] Level 1:colcon.colcon_core.package_discovery:discover_packages(prefix_path) check parameters
[2.220s] Level 1:colcon.colcon_core.package_discovery:discover_packages(prefix_path) discover
[2.241s] DEBUG:colcon.colcon_installed_package_information.package_discovery:Found 304 installed packages in /opt/ros/humble
[2.289s] Level 1:colcon.colcon_core.package_discovery:discover_packages(prefix_path) using defaults
[2.455s] Level 5:colcon.colcon_core.verb:set package 'drive_controls' build argument 'cmake_args' from command line to 'None'
[2.455s] Level 5:colcon.colcon_core.verb:set package 'drive_controls' build argument 'cmake_target' from command line to 'None'
[2.455s] Level 5:colcon.colcon_core.verb:set package 'drive_controls' build argument 'cmake_target_skip_unavailable' from command line to 'False'
[2.456s] Level 5:colcon.colcon_core.verb:set package 'drive_controls' build argument 'cmake_clean_cache' from command line to 'False'
[2.456s] Level 5:colcon.colcon_core.verb:set package 'drive_controls' build argument 'cmake_clean_first' from command line to 'False'
[2.456s] Level 5:colcon.colcon_core.verb:set package 'drive_controls' build argument 'cmake_force_configure' from command line to 'False'
[2.456s] Level 5:colcon.colcon_core.verb:set package 'drive_controls' build argument 'ament_cmake_args' from command line to 'None'
[2.456s] Level 5:colcon.colcon_core.verb:set package 'drive_controls' build argument 'catkin_cmake_args' from command line to 'None'
[2.456s] Level 5:colcon.colcon_core.verb:set package 'drive_controls' build argument 'catkin_skip_building_tests' from command line to 'False'
[2.456s] DEBUG:colcon.colcon_core.verb:Building package 'drive_controls' with the following arguments: {'ament_cmake_args': None, 'build_base': '/home/raspberrypi/rosmaster/build/drive_controls', 'catkin_cmake_args': None, 'catkin_skip_building_tests': False, 'cmake_args': None, 'cmake_clean_cache': False, 'cmake_clean_first': False, 'cmake_force_configure': False, 'cmake_target': None, 'cmake_target_skip_unavailable': False, 'install_base': '/home/raspberrypi/rosmaster/install/drive_controls', 'merge_install': False, 'path': '/home/raspberrypi/rosmaster/src/drive_controls', 'symlink_install': True, 'test_result_base': None}
[2.458s] Level 5:colcon.colcon_core.verb:set package 'rosmaster' build argument 'cmake_args' from command line to 'None'
[2.458s] Level 5:colcon.colcon_core.verb:set package 'rosmaster' build argument 'cmake_target' from command line to 'None'
[2.458s] Level 5:colcon.colcon_core.verb:set package 'rosmaster' build argument 'cmake_target_skip_unavailable' from command line to 'False'
[2.458s] Level 5:colcon.colcon_core.verb:set package 'rosmaster' build argument 'cmake_clean_cache' from command line to 'False'
[2.458s] Level 5:colcon.colcon_core.verb:set package 'rosmaster' build argument 'cmake_clean_first' from command line to 'False'
[2.458s] Level 5:colcon.colcon_core.verb:set package 'rosmaster' build argument 'cmake_force_configure' from command line to 'False'
[2.458s] Level 5:colcon.colcon_core.verb:set package 'rosmaster' build argument 'ament_cmake_args' from command line to 'None'
[2.458s] Level 5:colcon.colcon_core.verb:set package 'rosmaster' build argument 'catkin_cmake_args' from command line to 'None'
[2.458s] Level 5:colcon.colcon_core.verb:set package 'rosmaster' build argument 'catkin_skip_building_tests' from command line to 'False'
[2.459s] DEBUG:colcon.colcon_core.verb:Building package 'rosmaster' with the following arguments: {'ament_cmake_args': None, 'build_base': '/home/raspberrypi/rosmaster/build/rosmaster', 'catkin_cmake_args': None, 'catkin_skip_building_tests': False, 'cmake_args': None, 'cmake_clean_cache': False, 'cmake_clean_first': False, 'cmake_force_configure': False, 'cmake_target': None, 'cmake_target_skip_unavailable': False, 'install_base': '/home/raspberrypi/rosmaster/install/rosmaster', 'merge_install': False, 'path': '/home/raspberrypi/rosmaster/src/rosmaster', 'symlink_install': True, 'test_result_base': None}
[2.460s] Level 5:colcon.colcon_core.verb:set package 'rosmaster_driver' build argument 'cmake_args' from command line to 'None'
[2.460s] Level 5:colcon.colcon_core.verb:set package 'rosmaster_driver' build argument 'cmake_target' from command line to 'None'
[2.460s] Level 5:colcon.colcon_core.verb:set package 'rosmaster_driver' build argument 'cmake_target_skip_unavailable' from command line to 'False'
[2.460s] Level 5:colcon.colcon_core.verb:set package 'rosmaster_driver' build argument 'cmake_clean_cache' from command line to 'False'
[2.460s] Level 5:colcon.colcon_core.verb:set package 'rosmaster_driver' build argument 'cmake_clean_first' from command line to 'False'
[2.461s] Level 5:colcon.colcon_core.verb:set package 'rosmaster_driver' build argument 'cmake_force_configure' from command line to 'False'
[2.461s] Level 5:colcon.colcon_core.verb:set package 'rosmaster_driver' build argument 'ament_cmake_args' from command line to 'None'
[2.461s] Level 5:colcon.colcon_core.verb:set package 'rosmaster_driver' build argument 'catkin_cmake_args' from command line to 'None'
[2.461s] Level 5:colcon.colcon_core.verb:set package 'rosmaster_driver' build argument 'catkin_skip_building_tests' from command line to 'False'
[2.461s] DEBUG:colcon.colcon_core.verb:Building package 'rosmaster_driver' with the following arguments: {'ament_cmake_args': None, 'build_base': '/home/raspberrypi/rosmaster/build/rosmaster_driver', 'catkin_cmake_args': None, 'catkin_skip_building_tests': False, 'cmake_args': None, 'cmake_clean_cache': False, 'cmake_clean_first': False, 'cmake_force_configure': False, 'cmake_target': None, 'cmake_target_skip_unavailable': False, 'install_base': '/home/raspberrypi/rosmaster/install/rosmaster_driver', 'merge_install': False, 'path': '/home/raspberrypi/rosmaster/src/rosmaster_driver', 'symlink_install': True, 'test_result_base': None}
[2.462s] Level 5:colcon.colcon_core.verb:set package 'rosmaster_driver_diff' build argument 'cmake_args' from command line to 'None'
[2.462s] Level 5:colcon.colcon_core.verb:set package 'rosmaster_driver_diff' build argument 'cmake_target' from command line to 'None'
[2.463s] Level 5:colcon.colcon_core.verb:set package 'rosmaster_driver_diff' build argument 'cmake_target_skip_unavailable' from command line to 'False'
[2.463s] Level 5:colcon.colcon_core.verb:set package 'rosmaster_driver_diff' build argument 'cmake_clean_cache' from command line to 'False'
[2.463s] Level 5:colcon.colcon_core.verb:set package 'rosmaster_driver_diff' build argument 'cmake_clean_first' from command line to 'False'
[2.463s] Level 5:colcon.colcon_core.verb:set package 'rosmaster_driver_diff' build argument 'cmake_force_configure' from command line to 'False'
[2.463s] Level 5:colcon.colcon_core.verb:set package 'rosmaster_driver_diff' build argument 'ament_cmake_args' from command line to 'None'
[2.463s] Level 5:colcon.colcon_core.verb:set package 'rosmaster_driver_diff' build argument 'catkin_cmake_args' from command line to 'None'
[2.463s] Level 5:colcon.colcon_core.verb:set package 'rosmaster_driver_diff' build argument 'catkin_skip_building_tests' from command line to 'False'
[2.463s] DEBUG:colcon.colcon_core.verb:Building package 'rosmaster_driver_diff' with the following arguments: {'ament_cmake_args': None, 'build_base': '/home/raspberrypi/rosmaster/build/rosmaster_driver_diff', 'catkin_cmake_args': None, 'catkin_skip_building_tests': False, 'cmake_args': None, 'cmake_clean_cache': False, 'cmake_clean_first': False, 'cmake_force_configure': False, 'cmake_target': None, 'cmake_target_skip_unavailable': False, 'install_base': '/home/raspberrypi/rosmaster/install/rosmaster_driver_diff', 'merge_install': False, 'path': '/home/raspberrypi/rosmaster/src/rosmaster_driver_diff', 'symlink_install': True, 'test_result_base': None}
[2.464s] INFO:colcon.colcon_core.executor:Executing jobs using 'parallel' executor
[2.467s] DEBUG:colcon.colcon_parallel_executor.executor.parallel:run_until_complete
[2.468s] INFO:colcon.colcon_ros.task.ament_python.build:Building ROS package in '/home/raspberrypi/rosmaster/src/drive_controls' with build type 'ament_python'
[2.468s] Level 1:colcon.colcon_core.shell:create_environment_hook('drive_controls', 'ament_prefix_path')
[2.486s] INFO:colcon.colcon_core.plugin_system:Skipping extension 'colcon_core.shell.bat': Not used on non-Windows systems
[2.487s] INFO:colcon.colcon_core.shell:Creating environment hook '/home/raspberrypi/rosmaster/install/drive_controls/share/drive_controls/hook/ament_prefix_path.ps1'
[2.493s] INFO:colcon.colcon_core.shell:Creating environment descriptor '/home/raspberrypi/rosmaster/install/drive_controls/share/drive_controls/hook/ament_prefix_path.dsv'
[2.497s] INFO:colcon.colcon_core.shell:Creating environment hook '/home/raspberrypi/rosmaster/install/drive_controls/share/drive_controls/hook/ament_prefix_path.sh'
[2.502s] INFO:colcon.colcon_core.shell:Skip shell extension 'powershell' for command environment: Not usable outside of PowerShell
[2.502s] DEBUG:colcon.colcon_core.shell:Skip shell extension 'dsv' for command environment
[2.521s] INFO:colcon.colcon_ros.task.ament_cmake.build:Building ROS package in '/home/raspberrypi/rosmaster/src/rosmaster' with build type 'ament_cmake'
[2.522s] INFO:colcon.colcon_cmake.task.cmake.build:Building CMake package in '/home/raspberrypi/rosmaster/src/rosmaster'
[2.523s] INFO:colcon.colcon_core.shell:Skip shell extension 'powershell' for command environment: Not usable outside of PowerShell
[2.523s] DEBUG:colcon.colcon_core.shell:Skip shell extension 'dsv' for command environment
[2.540s] INFO:colcon.colcon_ros.task.ament_cmake.build:Building ROS package in '/home/raspberrypi/rosmaster/src/rosmaster_driver' with build type 'ament_cmake'
[2.541s] INFO:colcon.colcon_cmake.task.cmake.build:Building CMake package in '/home/raspberrypi/rosmaster/src/rosmaster_driver'
[2.542s] INFO:colcon.colcon_core.shell:Skip shell extension 'powershell' for command environment: Not usable outside of PowerShell
[2.542s] DEBUG:colcon.colcon_core.shell:Skip shell extension 'dsv' for command environment
[2.561s] INFO:colcon.colcon_ros.task.ament_cmake.build:Building ROS package in '/home/raspberrypi/rosmaster/src/rosmaster_driver_diff' with build type 'ament_cmake'
[2.561s] INFO:colcon.colcon_cmake.task.cmake.build:Building CMake package in '/home/raspberrypi/rosmaster/src/rosmaster_driver_diff'
[2.562s] INFO:colcon.colcon_core.shell:Skip shell extension 'powershell' for command environment: Not usable outside of PowerShell
[2.563s] DEBUG:colcon.colcon_core.shell:Skip shell extension 'dsv' for command environment
[3.664s] INFO:colcon.colcon_core.task.python.build:Building Python package in '/home/raspberrypi/rosmaster/src/drive_controls'
[3.665s] INFO:colcon.colcon_core.shell:Skip shell extension 'powershell' for command environment: Not usable outside of PowerShell
[3.665s] DEBUG:colcon.colcon_core.shell:Skip shell extension 'dsv' for command environment
[3.695s] DEBUG:colcon.colcon_core.event_handler.log_command:Invoking command in '/home/raspberrypi/rosmaster/build/rosmaster': CMAKE_PREFIX_PATH=/opt/ros/humble /usr/bin/cmake --build /home/raspberrypi/rosmaster/build/rosmaster -- -j4 -l4
[3.733s] DEBUG:colcon.colcon_core.event_handler.log_command:Invoking command in '/home/raspberrypi/rosmaster/build/rosmaster_driver': CMAKE_PREFIX_PATH=/opt/ros/humble /usr/bin/cmake --build /home/raspberrypi/rosmaster/build/rosmaster_driver -- -j4 -l4
[3.755s] DEBUG:colcon.colcon_core.event_handler.log_command:Invoking command in '/home/raspberrypi/rosmaster/build/rosmaster_driver_diff': CMAKE_PREFIX_PATH=/opt/ros/humble /usr/bin/cmake --build /home/raspberrypi/rosmaster/build/rosmaster_driver_diff -- -j4 -l4
[4.165s] DEBUG:colcon.colcon_core.event_handler.log_command:Invoked command in '/home/raspberrypi/rosmaster/build/rosmaster_driver' returned '0': CMAKE_PREFIX_PATH=/opt/ros/humble /usr/bin/cmake --build /home/raspberrypi/rosmaster/build/rosmaster_driver -- -j4 -l4
[4.169s] WARNING:colcon.colcon_cmake.task.cmake.build:Could not run installation step for package 'rosmaster_driver' because it has no 'install' target
[4.169s] Level 1:colcon.colcon_core.environment:create_environment_scripts_only(rosmaster_driver)
[4.202s] Level 1:colcon.colcon_core.environment:checking '/home/raspberrypi/rosmaster/install/rosmaster_driver' for CMake module files
[4.207s] Level 1:colcon.colcon_core.environment:checking '/home/raspberrypi/rosmaster/install/rosmaster_driver' for CMake config files
[4.212s] Level 1:colcon.colcon_core.environment:checking '/home/raspberrypi/rosmaster/install/rosmaster_driver/bin'
[4.212s] Level 1:colcon.colcon_core.environment:checking '/home/raspberrypi/rosmaster/install/rosmaster_driver/lib/pkgconfig/rosmaster_driver.pc'
[4.213s] Level 1:colcon.colcon_core.environment:checking '/home/raspberrypi/rosmaster/install/rosmaster_driver/lib/python3.10/site-packages'
[4.215s] Level 1:colcon.colcon_core.environment:checking '/home/raspberrypi/rosmaster/install/rosmaster_driver/bin'
[4.217s] INFO:colcon.colcon_core.shell:Creating package script '/home/raspberrypi/rosmaster/install/rosmaster_driver/share/rosmaster_driver/package.ps1'
[4.221s] INFO:colcon.colcon_core.shell:Creating package descriptor '/home/raspberrypi/rosmaster/install/rosmaster_driver/share/rosmaster_driver/package.dsv'
[4.225s] INFO:colcon.colcon_core.shell:Creating package script '/home/raspberrypi/rosmaster/install/rosmaster_driver/share/rosmaster_driver/package.sh'
[4.229s] INFO:colcon.colcon_core.shell:Creating package script '/home/raspberrypi/rosmaster/install/rosmaster_driver/share/rosmaster_driver/package.bash'
[4.235s] INFO:colcon.colcon_core.shell:Creating package script '/home/raspberrypi/rosmaster/install/rosmaster_driver/share/rosmaster_driver/package.zsh'
[4.240s] Level 1:colcon.colcon_core.environment:create_file_with_runtime_dependencies(/home/raspberrypi/rosmaster/install/rosmaster_driver/share/colcon-core/packages/rosmaster_driver)
[4.243s] Level 1:colcon.colcon_core.environment:create_environment_scripts_only(rosmaster_driver)
[4.244s] Level 1:colcon.colcon_core.environment:checking '/home/raspberrypi/rosmaster/install/rosmaster_driver' for CMake module files
[4.247s] Level 1:colcon.colcon_core.environment:checking '/home/raspberrypi/rosmaster/install/rosmaster_driver' for CMake config files
[4.249s] Level 1:colcon.colcon_core.environment:checking '/home/raspberrypi/rosmaster/install/rosmaster_driver/bin'
[4.249s] Level 1:colcon.colcon_core.environment:checking '/home/raspberrypi/rosmaster/install/rosmaster_driver/lib/pkgconfig/rosmaster_driver.pc'
[4.250s] Level 1:colcon.colcon_core.environment:checking '/home/raspberrypi/rosmaster/install/rosmaster_driver/lib/python3.10/site-packages'
[4.253s] Level 1:colcon.colcon_core.environment:checking '/home/raspberrypi/rosmaster/install/rosmaster_driver/bin'
[4.254s] INFO:colcon.colcon_core.shell:Creating package script '/home/raspberrypi/rosmaster/install/rosmaster_driver/share/rosmaster_driver/package.ps1'
[4.257s] INFO:colcon.colcon_core.shell:Creating package descriptor '/home/raspberrypi/rosmaster/install/rosmaster_driver/share/rosmaster_driver/package.dsv'
[4.259s] INFO:colcon.colcon_core.shell:Creating package script '/home/raspberrypi/rosmaster/install/rosmaster_driver/share/rosmaster_driver/package.sh'
[4.261s] INFO:colcon.colcon_core.shell:Creating package script '/home/raspberrypi/rosmaster/install/rosmaster_driver/share/rosmaster_driver/package.bash'
[4.263s] INFO:colcon.colcon_core.shell:Creating package script '/home/raspberrypi/rosmaster/install/rosmaster_driver/share/rosmaster_driver/package.zsh'
[4.265s] Level 1:colcon.colcon_core.environment:create_file_with_runtime_dependencies(/home/raspberrypi/rosmaster/install/rosmaster_driver/share/colcon-core/packages/rosmaster_driver)
[4.274s] DEBUG:colcon.colcon_core.event_handler.log_command:Invoked command in '/home/raspberrypi/rosmaster/build/rosmaster' returned '0': CMAKE_PREFIX_PATH=/opt/ros/humble /usr/bin/cmake --build /home/raspberrypi/rosmaster/build/rosmaster -- -j4 -l4
[4.322s] DEBUG:colcon.colcon_core.event_handler.log_command:Invoking command in '/home/raspberrypi/rosmaster/build/rosmaster': CMAKE_PREFIX_PATH=/opt/ros/humble /usr/bin/cmake --install /home/raspberrypi/rosmaster/build/rosmaster
[4.520s] Level 1:colcon.colcon_core.environment:create_environment_scripts_only(rosmaster)
[4.522s] Level 1:colcon.colcon_core.environment:checking '/home/raspberrypi/rosmaster/install/rosmaster' for CMake module files
[4.523s] DEBUG:colcon.colcon_core.event_handler.log_command:Invoked command in '/home/raspberrypi/rosmaster/build/rosmaster' returned '0': CMAKE_PREFIX_PATH=/opt/ros/humble /usr/bin/cmake --install /home/raspberrypi/rosmaster/build/rosmaster
[4.526s] Level 1:colcon.colcon_core.environment:checking '/home/raspberrypi/rosmaster/install/rosmaster' for CMake config files
[4.531s] Level 1:colcon.colcon_core.shell:create_environment_hook('rosmaster', 'cmake_prefix_path')
[4.532s] INFO:colcon.colcon_core.shell:Creating environment hook '/home/raspberrypi/rosmaster/install/rosmaster/share/rosmaster/hook/cmake_prefix_path.ps1'
[4.536s] INFO:colcon.colcon_core.shell:Creating environment descriptor '/home/raspberrypi/rosmaster/install/rosmaster/share/rosmaster/hook/cmake_prefix_path.dsv'
[4.538s] INFO:colcon.colcon_core.shell:Creating environment hook '/home/raspberrypi/rosmaster/install/rosmaster/share/rosmaster/hook/cmake_prefix_path.sh'
[4.541s] Level 1:colcon.colcon_core.environment:checking '/home/raspberrypi/rosmaster/install/rosmaster/bin'
[4.542s] Level 1:colcon.colcon_core.environment:checking '/home/raspberrypi/rosmaster/install/rosmaster/lib/pkgconfig/rosmaster.pc'
[4.542s] Level 1:colcon.colcon_core.environment:checking '/home/raspberrypi/rosmaster/install/rosmaster/lib/python3.10/site-packages'
[4.544s] Level 1:colcon.colcon_core.environment:checking '/home/raspberrypi/rosmaster/install/rosmaster/bin'
[4.546s] INFO:colcon.colcon_core.shell:Creating package script '/home/raspberrypi/rosmaster/install/rosmaster/share/rosmaster/package.ps1'
[4.548s] INFO:colcon.colcon_core.shell:Creating package descriptor '/home/raspberrypi/rosmaster/install/rosmaster/share/rosmaster/package.dsv'
[4.550s] INFO:colcon.colcon_core.shell:Creating package script '/home/raspberrypi/rosmaster/install/rosmaster/share/rosmaster/package.sh'
[4.552s] INFO:colcon.colcon_core.shell:Creating package script '/home/raspberrypi/rosmaster/install/rosmaster/share/rosmaster/package.bash'
[4.555s] INFO:colcon.colcon_core.shell:Creating package script '/home/raspberrypi/rosmaster/install/rosmaster/share/rosmaster/package.zsh'
[4.557s] Level 1:colcon.colcon_core.environment:create_file_with_runtime_dependencies(/home/raspberrypi/rosmaster/install/rosmaster/share/colcon-core/packages/rosmaster)
[4.559s] Level 1:colcon.colcon_core.environment:create_environment_scripts_only(rosmaster)
[4.560s] Level 1:colcon.colcon_core.environment:checking '/home/raspberrypi/rosmaster/install/rosmaster' for CMake module files
[4.563s] Level 1:colcon.colcon_core.environment:checking '/home/raspberrypi/rosmaster/install/rosmaster' for CMake config files
[4.565s] Level 1:colcon.colcon_core.shell:create_environment_hook('rosmaster', 'cmake_prefix_path')
[4.566s] INFO:colcon.colcon_core.shell:Creating environment hook '/home/raspberrypi/rosmaster/install/rosmaster/share/rosmaster/hook/cmake_prefix_path.ps1'
[4.568s] INFO:colcon.colcon_core.shell:Creating environment descriptor '/home/raspberrypi/rosmaster/install/rosmaster/share/rosmaster/hook/cmake_prefix_path.dsv'
[4.570s] INFO:colcon.colcon_core.shell:Creating environment hook '/home/raspberrypi/rosmaster/install/rosmaster/share/rosmaster/hook/cmake_prefix_path.sh'
[4.573s] Level 1:colcon.colcon_core.environment:checking '/home/raspberrypi/rosmaster/install/rosmaster/bin'
[4.574s] Level 1:colcon.colcon_core.environment:checking '/home/raspberrypi/rosmaster/install/rosmaster/lib/pkgconfig/rosmaster.pc'
[4.575s] Level 1:colcon.colcon_core.environment:checking '/home/raspberrypi/rosmaster/install/rosmaster/lib/python3.10/site-packages'
[4.576s] Level 1:colcon.colcon_core.environment:checking '/home/raspberrypi/rosmaster/install/rosmaster/bin'
[4.577s] INFO:colcon.colcon_core.shell:Creating package script '/home/raspberrypi/rosmaster/install/rosmaster/share/rosmaster/package.ps1'
[4.580s] INFO:colcon.colcon_core.shell:Creating package descriptor '/home/raspberrypi/rosmaster/install/rosmaster/share/rosmaster/package.dsv'
[4.583s] INFO:colcon.colcon_core.shell:Creating package script '/home/raspberrypi/rosmaster/install/rosmaster/share/rosmaster/package.sh'
[4.586s] INFO:colcon.colcon_core.shell:Creating package script '/home/raspberrypi/rosmaster/install/rosmaster/share/rosmaster/package.bash'
[4.588s] INFO:colcon.colcon_core.shell:Creating package script '/home/raspberrypi/rosmaster/install/rosmaster/share/rosmaster/package.zsh'
[4.591s] Level 1:colcon.colcon_core.environment:create_file_with_runtime_dependencies(/home/raspberrypi/rosmaster/install/rosmaster/share/colcon-core/packages/rosmaster)
[5.957s] DEBUG:colcon.colcon_core.event_handler.log_command:Invoking command in '/home/raspberrypi/rosmaster/build/drive_controls': PYTHONPATH=/home/raspberrypi/rosmaster/build/drive_controls/prefix_override:/usr/lib/python3/dist-packages/colcon_core/task/python/colcon_distutils_commands:/home/raspberrypi/rosmaster/install/drive_controls/lib/python3.10/site-packages:${PYTHONPATH} /usr/bin/python3 -W ignore:setup.py install is deprecated -W ignore:easy_install command is deprecated setup.py develop --editable --build-directory /home/raspberrypi/rosmaster/build/drive_controls/build --no-deps symlink_data
[8.131s] Level 1:colcon.colcon_core.shell:create_environment_hook('drive_controls', 'pythonpath_develop')
[8.132s] INFO:colcon.colcon_core.shell:Creating environment hook '/home/raspberrypi/rosmaster/build/drive_controls/share/drive_controls/hook/pythonpath_develop.ps1'
[8.133s] DEBUG:colcon.colcon_core.event_handler.log_command:Invoked command in '/home/raspberrypi/rosmaster/build/drive_controls' returned '0': PYTHONPATH=/home/raspberrypi/rosmaster/build/drive_controls/prefix_override:/usr/lib/python3/dist-packages/colcon_core/task/python/colcon_distutils_commands:/home/raspberrypi/rosmaster/install/drive_controls/lib/python3.10/site-packages:${PYTHONPATH} /usr/bin/python3 -W ignore:setup.py install is deprecated -W ignore:easy_install command is deprecated setup.py develop --editable --build-directory /home/raspberrypi/rosmaster/build/drive_controls/build --no-deps symlink_data
[8.137s] INFO:colcon.colcon_core.shell:Creating environment descriptor '/home/raspberrypi/rosmaster/build/drive_controls/share/drive_controls/hook/pythonpath_develop.dsv'
[8.139s] INFO:colcon.colcon_core.shell:Creating environment hook '/home/raspberrypi/rosmaster/build/drive_controls/share/drive_controls/hook/pythonpath_develop.sh'
[8.143s] Level 1:colcon.colcon_core.environment:checking '/home/raspberrypi/rosmaster/install/drive_controls' for CMake module files
[8.146s] Level 1:colcon.colcon_core.environment:checking '/home/raspberrypi/rosmaster/install/drive_controls' for CMake config files
[8.152s] Level 1:colcon.colcon_core.environment:checking '/home/raspberrypi/rosmaster/install/drive_controls/lib'
[8.153s] Level 1:colcon.colcon_core.environment:checking '/home/raspberrypi/rosmaster/install/drive_controls/bin'
[8.154s] Level 1:colcon.colcon_core.environment:checking '/home/raspberrypi/rosmaster/install/drive_controls/lib/pkgconfig/drive_controls.pc'
[8.155s] Level 1:colcon.colcon_core.environment:checking '/home/raspberrypi/rosmaster/install/drive_controls/lib/python3.10/site-packages'
[8.155s] Level 1:colcon.colcon_core.shell:create_environment_hook('drive_controls', 'pythonpath')
[8.156s] INFO:colcon.colcon_core.shell:Creating environment hook '/home/raspberrypi/rosmaster/install/drive_controls/share/drive_controls/hook/pythonpath.ps1'
[8.159s] INFO:colcon.colcon_core.shell:Creating environment descriptor '/home/raspberrypi/rosmaster/install/drive_controls/share/drive_controls/hook/pythonpath.dsv'
[8.161s] INFO:colcon.colcon_core.shell:Creating environment hook '/home/raspberrypi/rosmaster/install/drive_controls/share/drive_controls/hook/pythonpath.sh'
[8.166s] Level 1:colcon.colcon_core.environment:checking '/home/raspberrypi/rosmaster/install/drive_controls/bin'
[8.166s] Level 1:colcon.colcon_core.environment:create_environment_scripts_only(drive_controls)
[8.168s] INFO:colcon.colcon_core.shell:Creating package script '/home/raspberrypi/rosmaster/install/drive_controls/share/drive_controls/package.ps1'
[8.171s] INFO:colcon.colcon_core.shell:Creating package descriptor '/home/raspberrypi/rosmaster/install/drive_controls/share/drive_controls/package.dsv'
[8.174s] INFO:colcon.colcon_core.shell:Creating package script '/home/raspberrypi/rosmaster/install/drive_controls/share/drive_controls/package.sh'
[8.177s] INFO:colcon.colcon_core.shell:Creating package script '/home/raspberrypi/rosmaster/install/drive_controls/share/drive_controls/package.bash'
[8.180s] INFO:colcon.colcon_core.shell:Creating package script '/home/raspberrypi/rosmaster/install/drive_controls/share/drive_controls/package.zsh'
[8.182s] Level 1:colcon.colcon_core.environment:create_file_with_runtime_dependencies(/home/raspberrypi/rosmaster/install/drive_controls/share/colcon-core/packages/drive_controls)
[22.630s] DEBUG:colcon.colcon_core.event_handler.log_command:Invoked command in '/home/raspberrypi/rosmaster/build/rosmaster_driver_diff' returned '0': CMAKE_PREFIX_PATH=/opt/ros/humble /usr/bin/cmake --build /home/raspberrypi/rosmaster/build/rosmaster_driver_diff -- -j4 -l4
[22.645s] DEBUG:colcon.colcon_core.event_handler.log_command:Invoking command in '/home/raspberrypi/rosmaster/build/rosmaster_driver_diff': CMAKE_PREFIX_PATH=/opt/ros/humble /usr/bin/cmake --install /home/raspberrypi/rosmaster/build/rosmaster_driver_diff
[23.550s] Level 1:colcon.colcon_core.environment:create_environment_scripts_only(rosmaster_driver_diff)
[23.552s] Level 1:colcon.colcon_core.environment:checking '/home/raspberrypi/rosmaster/install/rosmaster_driver_diff' for CMake module files
[23.553s] DEBUG:colcon.colcon_core.event_handler.log_command:Invoked command in '/home/raspberrypi/rosmaster/build/rosmaster_driver_diff' returned '0': CMAKE_PREFIX_PATH=/opt/ros/humble /usr/bin/cmake --install /home/raspberrypi/rosmaster/build/rosmaster_driver_diff
[23.556s] Level 1:colcon.colcon_core.environment:checking '/home/raspberrypi/rosmaster/install/rosmaster_driver_diff' for CMake config files
[23.557s] Level 1:colcon.colcon_core.shell:create_environment_hook('rosmaster_driver_diff', 'cmake_prefix_path')
[23.558s] INFO:colcon.colcon_core.shell:Creating environment hook '/home/raspberrypi/rosmaster/install/rosmaster_driver_diff/share/rosmaster_driver_diff/hook/cmake_prefix_path.ps1'
[23.560s] INFO:colcon.colcon_core.shell:Creating environment descriptor '/home/raspberrypi/rosmaster/install/rosmaster_driver_diff/share/rosmaster_driver_diff/hook/cmake_prefix_path.dsv'
[23.562s] INFO:colcon.colcon_core.shell:Creating environment hook '/home/raspberrypi/rosmaster/install/rosmaster_driver_diff/share/rosmaster_driver_diff/hook/cmake_prefix_path.sh'
[23.564s] Level 1:colcon.colcon_core.environment:checking '/home/raspberrypi/rosmaster/install/rosmaster_driver_diff/lib'
[23.565s] Level 1:colcon.colcon_core.shell:create_environment_hook('rosmaster_driver_diff', 'ld_library_path_lib')
[23.565s] INFO:colcon.colcon_core.shell:Creating environment hook '/home/raspberrypi/rosmaster/install/rosmaster_driver_diff/share/rosmaster_driver_diff/hook/ld_library_path_lib.ps1'
[23.567s] INFO:colcon.colcon_core.shell:Creating environment descriptor '/home/raspberrypi/rosmaster/install/rosmaster_driver_diff/share/rosmaster_driver_diff/hook/ld_library_path_lib.dsv'
[23.569s] INFO:colcon.colcon_core.shell:Creating environment hook '/home/raspberrypi/rosmaster/install/rosmaster_driver_diff/share/rosmaster_driver_diff/hook/ld_library_path_lib.sh'
[23.571s] Level 1:colcon.colcon_core.environment:checking '/home/raspberrypi/rosmaster/install/rosmaster_driver_diff/bin'
[23.571s] Level 1:colcon.colcon_core.environment:checking '/home/raspberrypi/rosmaster/install/rosmaster_driver_diff/lib/pkgconfig/rosmaster_driver_diff.pc'
[23.572s] Level 1:colcon.colcon_core.environment:checking '/home/raspberrypi/rosmaster/install/rosmaster_driver_diff/lib/python3.10/site-packages'
[23.573s] Level 1:colcon.colcon_core.environment:checking '/home/raspberrypi/rosmaster/install/rosmaster_driver_diff/bin'
[23.575s] INFO:colcon.colcon_core.shell:Creating package script '/home/raspberrypi/rosmaster/install/rosmaster_driver_diff/share/rosmaster_driver_diff/package.ps1'
[23.577s] INFO:colcon.colcon_core.shell:Creating package descriptor '/home/raspberrypi/rosmaster/install/rosmaster_driver_diff/share/rosmaster_driver_diff/package.dsv'
[23.579s] INFO:colcon.colcon_core.shell:Creating package script '/home/raspberrypi/rosmaster/install/rosmaster_driver_diff/share/rosmaster_driver_diff/package.sh'
[23.581s] INFO:colcon.colcon_core.shell:Creating package script '/home/raspberrypi/rosmaster/install/rosmaster_driver_diff/share/rosmaster_driver_diff/package.bash'
[23.582s] INFO:colcon.colcon_core.shell:Creating package script '/home/raspberrypi/rosmaster/install/rosmaster_driver_diff/share/rosmaster_driver_diff/package.zsh'
[23.584s] Level 1:colcon.colcon_core.environment:create_file_with_runtime_dependencies(/home/raspberrypi/rosmaster/install/rosmaster_driver_diff/share/colcon-core/packages/rosmaster_driver_diff)
[23.586s] Level 1:colcon.colcon_core.environment:create_environment_scripts_only(rosmaster_driver_diff)
[23.587s] Level 1:colcon.colcon_core.environment:checking '/home/raspberrypi/rosmaster/install/rosmaster_driver_diff' for CMake module files
[23.590s] Level 1:colcon.colcon_core.environment:checking '/home/raspberrypi/rosmaster/install/rosmaster_driver_diff' for CMake config files
[23.592s] Level 1:colcon.colcon_core.shell:create_environment_hook('rosmaster_driver_diff', 'cmake_prefix_path')
[23.592s] INFO:colcon.colcon_core.shell:Creating environment hook '/home/raspberrypi/rosmaster/install/rosmaster_driver_diff/share/rosmaster_driver_diff/hook/cmake_prefix_path.ps1'
[23.594s] INFO:colcon.colcon_core.shell:Creating environment descriptor '/home/raspberrypi/rosmaster/install/rosmaster_driver_diff/share/rosmaster_driver_diff/hook/cmake_prefix_path.dsv'
[23.596s] INFO:colcon.colcon_core.shell:Creating environment hook '/home/raspberrypi/rosmaster/install/rosmaster_driver_diff/share/rosmaster_driver_diff/hook/cmake_prefix_path.sh'
[23.599s] Level 1:colcon.colcon_core.environment:checking '/home/raspberrypi/rosmaster/install/rosmaster_driver_diff/lib'
[23.599s] Level 1:colcon.colcon_core.shell:create_environment_hook('rosmaster_driver_diff', 'ld_library_path_lib')
[23.600s] INFO:colcon.colcon_core.shell:Creating environment hook '/home/raspberrypi/rosmaster/install/rosmaster_driver_diff/share/rosmaster_driver_diff/hook/ld_library_path_lib.ps1'
[23.602s] INFO:colcon.colcon_core.shell:Creating environment descriptor '/home/raspberrypi/rosmaster/install/rosmaster_driver_diff/share/rosmaster_driver_diff/hook/ld_library_path_lib.dsv'
[23.603s] INFO:colcon.colcon_core.shell:Creating environment hook '/home/raspberrypi/rosmaster/install/rosmaster_driver_diff/share/rosmaster_driver_diff/hook/ld_library_path_lib.sh'
[23.605s] Level 1:colcon.colcon_core.environment:checking '/home/raspberrypi/rosmaster/install/rosmaster_driver_diff/bin'
[23.606s] Level 1:colcon.colcon_core.environment:checking '/home/raspberrypi/rosmaster/install/rosmaster_driver_diff/lib/pkgconfig/rosmaster_driver_diff.pc'
[23.607s] Level 1:colcon.colcon_core.environment:checking '/home/raspberrypi/rosmaster/install/rosmaster_driver_diff/lib/python3.10/site-packages'
[23.608s] Level 1:colcon.colcon_core.environment:checking '/home/raspberrypi/rosmaster/install/rosmaster_driver_diff/bin'
[23.609s] INFO:colcon.colcon_core.shell:Creating package script '/home/raspberrypi/rosmaster/install/rosmaster_driver_diff/share/rosmaster_driver_diff/package.ps1'
[23.613s] INFO:colcon.colcon_core.shell:Creating package descriptor '/home/raspberrypi/rosmaster/install/rosmaster_driver_diff/share/rosmaster_driver_diff/package.dsv'
[23.615s] INFO:colcon.colcon_core.shell:Creating package script '/home/raspberrypi/rosmaster/install/rosmaster_driver_diff/share/rosmaster_driver_diff/package.sh'
[23.617s] INFO:colcon.colcon_core.shell:Creating package script '/home/raspberrypi/rosmaster/install/rosmaster_driver_diff/share/rosmaster_driver_diff/package.bash'
[23.619s] INFO:colcon.colcon_core.shell:Creating package script '/home/raspberrypi/rosmaster/install/rosmaster_driver_diff/share/rosmaster_driver_diff/package.zsh'
[23.621s] Level 1:colcon.colcon_core.environment:create_file_with_runtime_dependencies(/home/raspberrypi/rosmaster/install/rosmaster_driver_diff/share/colcon-core/packages/rosmaster_driver_diff)
[23.622s] DEBUG:colcon.colcon_parallel_executor.executor.parallel:closing loop
[23.624s] DEBUG:colcon.colcon_parallel_executor.executor.parallel:loop closed
[23.624s] DEBUG:colcon.colcon_parallel_executor.executor.parallel:run_until_complete finished with '0'
[23.625s] DEBUG:colcon.colcon_core.event_reactor:joining thread
[23.649s] INFO:colcon.colcon_core.plugin_system:Skipping extension 'colcon_notification.desktop_notification.notify_send': Could not find 'notify-send'
[23.649s] INFO:colcon.colcon_core.plugin_system:Skipping extension 'colcon_notification.desktop_notification.terminal_notifier': Not used on non-Darwin systems
[23.650s] INFO:colcon.colcon_core.plugin_system:Skipping extension 'colcon_notification.desktop_notification.win32': Not used on non-Windows systems
[23.650s] INFO:colcon.colcon_notification.desktop_notification:Sending desktop notification using 'notify2'
[23.678s] DEBUG:colcon.colcon_notification.desktop_notification.notify2:Failed to initialize notify2: org.freedesktop.DBus.Error.ServiceUnknown: The name org.freedesktop.Notifications was not provided by any .service files
[23.679s] DEBUG:colcon.colcon_core.event_reactor:joined thread
[23.680s] INFO:colcon.colcon_core.shell:Creating prefix script '/home/raspberrypi/rosmaster/install/local_setup.ps1'
[23.685s] INFO:colcon.colcon_core.shell:Creating prefix util module '/home/raspberrypi/rosmaster/install/_local_setup_util_ps1.py'
[23.693s] INFO:colcon.colcon_core.shell:Creating prefix chain script '/home/raspberrypi/rosmaster/install/setup.ps1'
[23.697s] INFO:colcon.colcon_core.shell:Creating prefix script '/home/raspberrypi/rosmaster/install/local_setup.sh'
[23.700s] INFO:colcon.colcon_core.shell:Creating prefix util module '/home/raspberrypi/rosmaster/install/_local_setup_util_sh.py'
[23.703s] INFO:colcon.colcon_core.shell:Creating prefix chain script '/home/raspberrypi/rosmaster/install/setup.sh'
[23.708s] INFO:colcon.colcon_core.shell:Creating prefix script '/home/raspberrypi/rosmaster/install/local_setup.bash'
[23.711s] INFO:colcon.colcon_core.shell:Creating prefix chain script '/home/raspberrypi/rosmaster/install/setup.bash'
[23.715s] INFO:colcon.colcon_core.shell:Creating prefix script '/home/raspberrypi/rosmaster/install/local_setup.zsh'
[23.718s] INFO:colcon.colcon_core.shell:Creating prefix chain script '/home/raspberrypi/rosmaster/install/setup.zsh'
