[0.479s] DEBUG:colcon:Command line arguments: ['/usr/bin/colcon', 'build', '--symlink-install']
[0.479s] DEBUG:colcon:Parsed command line arguments: Namespace(log_base=None, log_level=None, verb_name='build', build_base='build', install_base='install', merge_install=False, symlink_install=True, test_result_base=None, continue_on_error=False, executor='parallel', parallel_workers=4, event_handlers=None, ignore_user_meta=False, metas=['./colcon.meta'], base_paths=['.'], packages_ignore=None, packages_ignore_regex=None, paths=None, packages_up_to=None, packages_up_to_regex=None, packages_above=None, packages_above_and_dependencies=None, packages_above_depth=None, packages_select_by_dep=None, packages_skip_by_dep=None, packages_skip_up_to=None, packages_select_build_failed=False, packages_skip_build_finished=False, packages_select_test_failures=False, packages_skip_test_passed=False, packages_select=None, packages_skip=None, packages_select_regex=None, packages_skip_regex=None, packages_start=None, packages_end=None, allow_overriding=[], cmake_args=None, cmake_target=None, cmake_target_skip_unavailable=False, cmake_clean_cache=False, cmake_clean_first=False, cmake_force_configure=False, ament_cmake_args=None, catkin_cmake_args=None, catkin_skip_building_tests=False, mixin_files=None, mixin=None, verb_parser=<colcon_mixin.mixin.mixin_argument.MixinArgumentDecorator object at 0xffffafee1300>, verb_extension=<colcon_core.verb.build.BuildVerb object at 0xffffb007acb0>, main=<bound method BuildVerb.main of <colcon_core.verb.build.BuildVerb object at 0xffffb007acb0>>, mixin_verb=('build',))
[1.282s] Level 1:colcon.colcon_core.package_discovery:discover_packages(colcon_meta) check parameters
[1.283s] Level 1:colcon.colcon_core.package_discovery:discover_packages(recursive) check parameters
[1.283s] Level 1:colcon.colcon_core.package_discovery:discover_packages(ignore) check parameters
[1.283s] Level 1:colcon.colcon_core.package_discovery:discover_packages(path) check parameters
[1.283s] Level 1:colcon.colcon_core.package_discovery:discover_packages(colcon_meta) discover
[1.284s] Level 1:colcon.colcon_core.package_discovery:discover_packages(recursive) discover
[1.284s] INFO:colcon.colcon_core.package_discovery:Crawling recursively for packages in '/home/raspberrypi/rosmaster'
[1.284s] Level 1:colcon.colcon_core.package_identification:_identify(.) by extensions ['ignore', 'ignore_ament_install']
[1.285s] Level 1:colcon.colcon_core.package_identification:_identify(.) by extension 'ignore'
[1.285s] Level 1:colcon.colcon_core.package_identification:_identify(.) by extension 'ignore_ament_install'
[1.285s] Level 1:colcon.colcon_core.package_identification:_identify(.) by extensions ['colcon_pkg']
[1.285s] Level 1:colcon.colcon_core.package_identification:_identify(.) by extension 'colcon_pkg'
[1.286s] Level 1:colcon.colcon_core.package_identification:_identify(.) by extensions ['colcon_meta']
[1.286s] Level 1:colcon.colcon_core.package_identification:_identify(.) by extension 'colcon_meta'
[1.286s] Level 1:colcon.colcon_core.package_identification:_identify(.) by extensions ['ros']
[1.286s] Level 1:colcon.colcon_core.package_identification:_identify(.) by extension 'ros'
[1.334s] Level 1:colcon.colcon_core.package_identification:_identify(.) by extensions ['cmake', 'python']
[1.334s] Level 1:colcon.colcon_core.package_identification:_identify(.) by extension 'cmake'
[1.335s] Level 1:colcon.colcon_core.package_identification:_identify(.) by extension 'python'
[1.335s] Level 1:colcon.colcon_core.package_identification:_identify(.) by extensions ['python_setup_py']
[1.335s] Level 1:colcon.colcon_core.package_identification:_identify(.) by extension 'python_setup_py'
[1.336s] Level 1:colcon.colcon_core.package_identification:_identify(build) by extensions ['ignore', 'ignore_ament_install']
[1.336s] Level 1:colcon.colcon_core.package_identification:_identify(build) by extension 'ignore'
[1.336s] Level 1:colcon.colcon_core.package_identification:_identify(build) ignored
[1.337s] Level 1:colcon.colcon_core.package_identification:_identify(dep) by extensions ['ignore', 'ignore_ament_install']
[1.337s] Level 1:colcon.colcon_core.package_identification:_identify(dep) by extension 'ignore'
[1.338s] Level 1:colcon.colcon_core.package_identification:_identify(dep) by extension 'ignore_ament_install'
[1.338s] Level 1:colcon.colcon_core.package_identification:_identify(dep) by extensions ['colcon_pkg']
[1.338s] Level 1:colcon.colcon_core.package_identification:_identify(dep) by extension 'colcon_pkg'
[1.338s] Level 1:colcon.colcon_core.package_identification:_identify(dep) by extensions ['colcon_meta']
[1.338s] Level 1:colcon.colcon_core.package_identification:_identify(dep) by extension 'colcon_meta'
[1.339s] Level 1:colcon.colcon_core.package_identification:_identify(dep) by extensions ['ros']
[1.339s] Level 1:colcon.colcon_core.package_identification:_identify(dep) by extension 'ros'
[1.339s] Level 1:colcon.colcon_core.package_identification:_identify(dep) by extensions ['cmake', 'python']
[1.339s] Level 1:colcon.colcon_core.package_identification:_identify(dep) by extension 'cmake'
[1.339s] Level 1:colcon.colcon_core.package_identification:_identify(dep) by extension 'python'
[1.340s] Level 1:colcon.colcon_core.package_identification:_identify(dep) by extensions ['python_setup_py']
[1.340s] Level 1:colcon.colcon_core.package_identification:_identify(dep) by extension 'python_setup_py'
[1.340s] Level 1:colcon.colcon_core.package_identification:_identify(install) by extensions ['ignore', 'ignore_ament_install']
[1.341s] Level 1:colcon.colcon_core.package_identification:_identify(install) by extension 'ignore'
[1.341s] Level 1:colcon.colcon_core.package_identification:_identify(install) ignored
[1.341s] Level 1:colcon.colcon_core.package_identification:_identify(log) by extensions ['ignore', 'ignore_ament_install']
[1.342s] Level 1:colcon.colcon_core.package_identification:_identify(log) by extension 'ignore'
[1.342s] Level 1:colcon.colcon_core.package_identification:_identify(log) ignored
[1.342s] Level 1:colcon.colcon_core.package_identification:_identify(ros2_tools) by extensions ['ignore', 'ignore_ament_install']
[1.343s] Level 1:colcon.colcon_core.package_identification:_identify(ros2_tools) by extension 'ignore'
[1.343s] Level 1:colcon.colcon_core.package_identification:_identify(ros2_tools) by extension 'ignore_ament_install'
[1.343s] Level 1:colcon.colcon_core.package_identification:_identify(ros2_tools) by extensions ['colcon_pkg']
[1.343s] Level 1:colcon.colcon_core.package_identification:_identify(ros2_tools) by extension 'colcon_pkg'
[1.344s] Level 1:colcon.colcon_core.package_identification:_identify(ros2_tools) by extensions ['colcon_meta']
[1.344s] Level 1:colcon.colcon_core.package_identification:_identify(ros2_tools) by extension 'colcon_meta'
[1.344s] Level 1:colcon.colcon_core.package_identification:_identify(ros2_tools) by extensions ['ros']
[1.344s] Level 1:colcon.colcon_core.package_identification:_identify(ros2_tools) by extension 'ros'
[1.345s] Level 1:colcon.colcon_core.package_identification:_identify(ros2_tools) by extensions ['cmake', 'python']
[1.345s] Level 1:colcon.colcon_core.package_identification:_identify(ros2_tools) by extension 'cmake'
[1.345s] Level 1:colcon.colcon_core.package_identification:_identify(ros2_tools) by extension 'python'
[1.346s] Level 1:colcon.colcon_core.package_identification:_identify(ros2_tools) by extensions ['python_setup_py']
[1.346s] Level 1:colcon.colcon_core.package_identification:_identify(ros2_tools) by extension 'python_setup_py'
[1.346s] Level 1:colcon.colcon_core.package_identification:_identify(ros2_tools/files) by extensions ['ignore', 'ignore_ament_install']
[1.347s] Level 1:colcon.colcon_core.package_identification:_identify(ros2_tools/files) by extension 'ignore'
[1.347s] Level 1:colcon.colcon_core.package_identification:_identify(ros2_tools/files) by extension 'ignore_ament_install'
[1.347s] Level 1:colcon.colcon_core.package_identification:_identify(ros2_tools/files) by extensions ['colcon_pkg']
[1.347s] Level 1:colcon.colcon_core.package_identification:_identify(ros2_tools/files) by extension 'colcon_pkg'
[1.348s] Level 1:colcon.colcon_core.package_identification:_identify(ros2_tools/files) by extensions ['colcon_meta']
[1.348s] Level 1:colcon.colcon_core.package_identification:_identify(ros2_tools/files) by extension 'colcon_meta'
[1.348s] Level 1:colcon.colcon_core.package_identification:_identify(ros2_tools/files) by extensions ['ros']
[1.348s] Level 1:colcon.colcon_core.package_identification:_identify(ros2_tools/files) by extension 'ros'
[1.349s] Level 1:colcon.colcon_core.package_identification:_identify(ros2_tools/files) by extensions ['cmake', 'python']
[1.349s] Level 1:colcon.colcon_core.package_identification:_identify(ros2_tools/files) by extension 'cmake'
[1.349s] Level 1:colcon.colcon_core.package_identification:_identify(ros2_tools/files) by extension 'python'
[1.349s] Level 1:colcon.colcon_core.package_identification:_identify(ros2_tools/files) by extensions ['python_setup_py']
[1.349s] Level 1:colcon.colcon_core.package_identification:_identify(ros2_tools/files) by extension 'python_setup_py'
[1.350s] Level 1:colcon.colcon_core.package_identification:_identify(ros2_tools/install) by extensions ['ignore', 'ignore_ament_install']
[1.350s] Level 1:colcon.colcon_core.package_identification:_identify(ros2_tools/install) by extension 'ignore'
[1.351s] Level 1:colcon.colcon_core.package_identification:_identify(ros2_tools/install) by extension 'ignore_ament_install'
[1.351s] Level 1:colcon.colcon_core.package_identification:_identify(ros2_tools/install) by extensions ['colcon_pkg']
[1.351s] Level 1:colcon.colcon_core.package_identification:_identify(ros2_tools/install) by extension 'colcon_pkg'
[1.351s] Level 1:colcon.colcon_core.package_identification:_identify(ros2_tools/install) by extensions ['colcon_meta']
[1.351s] Level 1:colcon.colcon_core.package_identification:_identify(ros2_tools/install) by extension 'colcon_meta'
[1.351s] Level 1:colcon.colcon_core.package_identification:_identify(ros2_tools/install) by extensions ['ros']
[1.352s] Level 1:colcon.colcon_core.package_identification:_identify(ros2_tools/install) by extension 'ros'
[1.352s] Level 1:colcon.colcon_core.package_identification:_identify(ros2_tools/install) by extensions ['cmake', 'python']
[1.352s] Level 1:colcon.colcon_core.package_identification:_identify(ros2_tools/install) by extension 'cmake'
[1.352s] Level 1:colcon.colcon_core.package_identification:_identify(ros2_tools/install) by extension 'python'
[1.353s] Level 1:colcon.colcon_core.package_identification:_identify(ros2_tools/install) by extensions ['python_setup_py']
[1.353s] Level 1:colcon.colcon_core.package_identification:_identify(ros2_tools/install) by extension 'python_setup_py'
[1.353s] Level 1:colcon.colcon_core.package_identification:_identify(src) by extensions ['ignore', 'ignore_ament_install']
[1.354s] Level 1:colcon.colcon_core.package_identification:_identify(src) by extension 'ignore'
[1.354s] Level 1:colcon.colcon_core.package_identification:_identify(src) by extension 'ignore_ament_install'
[1.354s] Level 1:colcon.colcon_core.package_identification:_identify(src) by extensions ['colcon_pkg']
[1.354s] Level 1:colcon.colcon_core.package_identification:_identify(src) by extension 'colcon_pkg'
[1.354s] Level 1:colcon.colcon_core.package_identification:_identify(src) by extensions ['colcon_meta']
[1.355s] Level 1:colcon.colcon_core.package_identification:_identify(src) by extension 'colcon_meta'
[1.355s] Level 1:colcon.colcon_core.package_identification:_identify(src) by extensions ['ros']
[1.355s] Level 1:colcon.colcon_core.package_identification:_identify(src) by extension 'ros'
[1.355s] Level 1:colcon.colcon_core.package_identification:_identify(src) by extensions ['cmake', 'python']
[1.355s] Level 1:colcon.colcon_core.package_identification:_identify(src) by extension 'cmake'
[1.356s] Level 1:colcon.colcon_core.package_identification:_identify(src) by extension 'python'
[1.356s] Level 1:colcon.colcon_core.package_identification:_identify(src) by extensions ['python_setup_py']
[1.356s] Level 1:colcon.colcon_core.package_identification:_identify(src) by extension 'python_setup_py'
[1.356s] Level 1:colcon.colcon_core.package_identification:_identify(src/drive_controls) by extensions ['ignore', 'ignore_ament_install']
[1.357s] Level 1:colcon.colcon_core.package_identification:_identify(src/drive_controls) by extension 'ignore'
[1.357s] Level 1:colcon.colcon_core.package_identification:_identify(src/drive_controls) by extension 'ignore_ament_install'
[1.357s] Level 1:colcon.colcon_core.package_identification:_identify(src/drive_controls) by extensions ['colcon_pkg']
[1.358s] Level 1:colcon.colcon_core.package_identification:_identify(src/drive_controls) by extension 'colcon_pkg'
[1.358s] Level 1:colcon.colcon_core.package_identification:_identify(src/drive_controls) by extensions ['colcon_meta']
[1.358s] Level 1:colcon.colcon_core.package_identification:_identify(src/drive_controls) by extension 'colcon_meta'
[1.358s] Level 1:colcon.colcon_core.package_identification:_identify(src/drive_controls) by extensions ['ros']
[1.358s] Level 1:colcon.colcon_core.package_identification:_identify(src/drive_controls) by extension 'ros'
[1.368s] DEBUG:colcon.colcon_core.package_identification:Package 'src/drive_controls' with type 'ros.ament_python' and name 'drive_controls'
[1.369s] Level 1:colcon.colcon_core.package_identification:_identify(src/rosmaster) by extensions ['ignore', 'ignore_ament_install']
[1.369s] Level 1:colcon.colcon_core.package_identification:_identify(src/rosmaster) by extension 'ignore'
[1.370s] Level 1:colcon.colcon_core.package_identification:_identify(src/rosmaster) by extension 'ignore_ament_install'
[1.370s] Level 1:colcon.colcon_core.package_identification:_identify(src/rosmaster) by extensions ['colcon_pkg']
[1.370s] Level 1:colcon.colcon_core.package_identification:_identify(src/rosmaster) by extension 'colcon_pkg'
[1.370s] Level 1:colcon.colcon_core.package_identification:_identify(src/rosmaster) by extensions ['colcon_meta']
[1.370s] Level 1:colcon.colcon_core.package_identification:_identify(src/rosmaster) by extension 'colcon_meta'
[1.371s] Level 1:colcon.colcon_core.package_identification:_identify(src/rosmaster) by extensions ['ros']
[1.371s] Level 1:colcon.colcon_core.package_identification:_identify(src/rosmaster) by extension 'ros'
[1.373s] DEBUG:colcon.colcon_core.package_identification:Package 'src/rosmaster' with type 'ros.ament_cmake' and name 'rosmaster'
[1.374s] Level 1:colcon.colcon_core.package_identification:_identify(src/rosmaster_driver) by extensions ['ignore', 'ignore_ament_install']
[1.374s] Level 1:colcon.colcon_core.package_identification:_identify(src/rosmaster_driver) by extension 'ignore'
[1.374s] Level 1:colcon.colcon_core.package_identification:_identify(src/rosmaster_driver) by extension 'ignore_ament_install'
[1.375s] Level 1:colcon.colcon_core.package_identification:_identify(src/rosmaster_driver) by extensions ['colcon_pkg']
[1.375s] Level 1:colcon.colcon_core.package_identification:_identify(src/rosmaster_driver) by extension 'colcon_pkg'
[1.375s] Level 1:colcon.colcon_core.package_identification:_identify(src/rosmaster_driver) by extensions ['colcon_meta']
[1.375s] Level 1:colcon.colcon_core.package_identification:_identify(src/rosmaster_driver) by extension 'colcon_meta'
[1.375s] Level 1:colcon.colcon_core.package_identification:_identify(src/rosmaster_driver) by extensions ['ros']
[1.375s] Level 1:colcon.colcon_core.package_identification:_identify(src/rosmaster_driver) by extension 'ros'
[1.379s] DEBUG:colcon.colcon_core.package_identification:Package 'src/rosmaster_driver' with type 'ros.ament_cmake' and name 'rosmaster_driver'
[1.380s] Level 1:colcon.colcon_core.package_identification:_identify(src/rosmaster_driver_diff) by extensions ['ignore', 'ignore_ament_install']
[1.381s] Level 1:colcon.colcon_core.package_identification:_identify(src/rosmaster_driver_diff) by extension 'ignore'
[1.381s] Level 1:colcon.colcon_core.package_identification:_identify(src/rosmaster_driver_diff) by extension 'ignore_ament_install'
[1.381s] Level 1:colcon.colcon_core.package_identification:_identify(src/rosmaster_driver_diff) by extensions ['colcon_pkg']
[1.381s] Level 1:colcon.colcon_core.package_identification:_identify(src/rosmaster_driver_diff) by extension 'colcon_pkg'
[1.382s] Level 1:colcon.colcon_core.package_identification:_identify(src/rosmaster_driver_diff) by extensions ['colcon_meta']
[1.382s] Level 1:colcon.colcon_core.package_identification:_identify(src/rosmaster_driver_diff) by extension 'colcon_meta'
[1.382s] Level 1:colcon.colcon_core.package_identification:_identify(src/rosmaster_driver_diff) by extensions ['ros']
[1.382s] Level 1:colcon.colcon_core.package_identification:_identify(src/rosmaster_driver_diff) by extension 'ros'
[1.387s] DEBUG:colcon.colcon_core.package_identification:Package 'src/rosmaster_driver_diff' with type 'ros.ament_cmake' and name 'rosmaster_driver_diff'
[1.387s] Level 1:colcon.colcon_core.package_discovery:discover_packages(recursive) using defaults
[1.387s] Level 1:colcon.colcon_core.package_discovery:discover_packages(ignore) discover
[1.387s] Level 1:colcon.colcon_core.package_discovery:discover_packages(ignore) using defaults
[1.387s] Level 1:colcon.colcon_core.package_discovery:discover_packages(path) discover
[1.387s] Level 1:colcon.colcon_core.package_discovery:discover_packages(path) using defaults
[1.467s] Level 1:colcon.colcon_core.package_discovery:discover_packages(prefix_path) check parameters
[1.468s] Level 1:colcon.colcon_core.package_discovery:discover_packages(prefix_path) discover
[1.477s] DEBUG:colcon.colcon_installed_package_information.package_discovery:Found 4 installed packages in /home/raspberrypi/rosmaster/install
[1.487s] DEBUG:colcon.colcon_installed_package_information.package_discovery:Found 304 installed packages in /opt/ros/humble
[1.536s] Level 1:colcon.colcon_core.package_discovery:discover_packages(prefix_path) using defaults
[1.704s] Level 5:colcon.colcon_core.verb:set package 'drive_controls' build argument 'cmake_args' from command line to 'None'
[1.704s] Level 5:colcon.colcon_core.verb:set package 'drive_controls' build argument 'cmake_target' from command line to 'None'
[1.704s] Level 5:colcon.colcon_core.verb:set package 'drive_controls' build argument 'cmake_target_skip_unavailable' from command line to 'False'
[1.704s] Level 5:colcon.colcon_core.verb:set package 'drive_controls' build argument 'cmake_clean_cache' from command line to 'False'
[1.705s] Level 5:colcon.colcon_core.verb:set package 'drive_controls' build argument 'cmake_clean_first' from command line to 'False'
[1.705s] Level 5:colcon.colcon_core.verb:set package 'drive_controls' build argument 'cmake_force_configure' from command line to 'False'
[1.705s] Level 5:colcon.colcon_core.verb:set package 'drive_controls' build argument 'ament_cmake_args' from command line to 'None'
[1.705s] Level 5:colcon.colcon_core.verb:set package 'drive_controls' build argument 'catkin_cmake_args' from command line to 'None'
[1.705s] Level 5:colcon.colcon_core.verb:set package 'drive_controls' build argument 'catkin_skip_building_tests' from command line to 'False'
[1.705s] DEBUG:colcon.colcon_core.verb:Building package 'drive_controls' with the following arguments: {'ament_cmake_args': None, 'build_base': '/home/raspberrypi/rosmaster/build/drive_controls', 'catkin_cmake_args': None, 'catkin_skip_building_tests': False, 'cmake_args': None, 'cmake_clean_cache': False, 'cmake_clean_first': False, 'cmake_force_configure': False, 'cmake_target': None, 'cmake_target_skip_unavailable': False, 'install_base': '/home/raspberrypi/rosmaster/install/drive_controls', 'merge_install': False, 'path': '/home/raspberrypi/rosmaster/src/drive_controls', 'symlink_install': True, 'test_result_base': None}
[1.707s] Level 5:colcon.colcon_core.verb:set package 'rosmaster' build argument 'cmake_args' from command line to 'None'
[1.707s] Level 5:colcon.colcon_core.verb:set package 'rosmaster' build argument 'cmake_target' from command line to 'None'
[1.707s] Level 5:colcon.colcon_core.verb:set package 'rosmaster' build argument 'cmake_target_skip_unavailable' from command line to 'False'
[1.707s] Level 5:colcon.colcon_core.verb:set package 'rosmaster' build argument 'cmake_clean_cache' from command line to 'False'
[1.707s] Level 5:colcon.colcon_core.verb:set package 'rosmaster' build argument 'cmake_clean_first' from command line to 'False'
[1.707s] Level 5:colcon.colcon_core.verb:set package 'rosmaster' build argument 'cmake_force_configure' from command line to 'False'
[1.708s] Level 5:colcon.colcon_core.verb:set package 'rosmaster' build argument 'ament_cmake_args' from command line to 'None'
[1.708s] Level 5:colcon.colcon_core.verb:set package 'rosmaster' build argument 'catkin_cmake_args' from command line to 'None'
[1.708s] Level 5:colcon.colcon_core.verb:set package 'rosmaster' build argument 'catkin_skip_building_tests' from command line to 'False'
[1.708s] DEBUG:colcon.colcon_core.verb:Building package 'rosmaster' with the following arguments: {'ament_cmake_args': None, 'build_base': '/home/raspberrypi/rosmaster/build/rosmaster', 'catkin_cmake_args': None, 'catkin_skip_building_tests': False, 'cmake_args': None, 'cmake_clean_cache': False, 'cmake_clean_first': False, 'cmake_force_configure': False, 'cmake_target': None, 'cmake_target_skip_unavailable': False, 'install_base': '/home/raspberrypi/rosmaster/install/rosmaster', 'merge_install': False, 'path': '/home/raspberrypi/rosmaster/src/rosmaster', 'symlink_install': True, 'test_result_base': None}
[1.709s] Level 5:colcon.colcon_core.verb:set package 'rosmaster_driver' build argument 'cmake_args' from command line to 'None'
[1.710s] Level 5:colcon.colcon_core.verb:set package 'rosmaster_driver' build argument 'cmake_target' from command line to 'None'
[1.710s] Level 5:colcon.colcon_core.verb:set package 'rosmaster_driver' build argument 'cmake_target_skip_unavailable' from command line to 'False'
[1.710s] Level 5:colcon.colcon_core.verb:set package 'rosmaster_driver' build argument 'cmake_clean_cache' from command line to 'False'
[1.710s] Level 5:colcon.colcon_core.verb:set package 'rosmaster_driver' build argument 'cmake_clean_first' from command line to 'False'
[1.710s] Level 5:colcon.colcon_core.verb:set package 'rosmaster_driver' build argument 'cmake_force_configure' from command line to 'False'
[1.710s] Level 5:colcon.colcon_core.verb:set package 'rosmaster_driver' build argument 'ament_cmake_args' from command line to 'None'
[1.710s] Level 5:colcon.colcon_core.verb:set package 'rosmaster_driver' build argument 'catkin_cmake_args' from command line to 'None'
[1.710s] Level 5:colcon.colcon_core.verb:set package 'rosmaster_driver' build argument 'catkin_skip_building_tests' from command line to 'False'
[1.711s] DEBUG:colcon.colcon_core.verb:Building package 'rosmaster_driver' with the following arguments: {'ament_cmake_args': None, 'build_base': '/home/raspberrypi/rosmaster/build/rosmaster_driver', 'catkin_cmake_args': None, 'catkin_skip_building_tests': False, 'cmake_args': None, 'cmake_clean_cache': False, 'cmake_clean_first': False, 'cmake_force_configure': False, 'cmake_target': None, 'cmake_target_skip_unavailable': False, 'install_base': '/home/raspberrypi/rosmaster/install/rosmaster_driver', 'merge_install': False, 'path': '/home/raspberrypi/rosmaster/src/rosmaster_driver', 'symlink_install': True, 'test_result_base': None}
[1.712s] Level 5:colcon.colcon_core.verb:set package 'rosmaster_driver_diff' build argument 'cmake_args' from command line to 'None'
[1.713s] Level 5:colcon.colcon_core.verb:set package 'rosmaster_driver_diff' build argument 'cmake_target' from command line to 'None'
[1.713s] Level 5:colcon.colcon_core.verb:set package 'rosmaster_driver_diff' build argument 'cmake_target_skip_unavailable' from command line to 'False'
[1.713s] Level 5:colcon.colcon_core.verb:set package 'rosmaster_driver_diff' build argument 'cmake_clean_cache' from command line to 'False'
[1.713s] Level 5:colcon.colcon_core.verb:set package 'rosmaster_driver_diff' build argument 'cmake_clean_first' from command line to 'False'
[1.713s] Level 5:colcon.colcon_core.verb:set package 'rosmaster_driver_diff' build argument 'cmake_force_configure' from command line to 'False'
[1.713s] Level 5:colcon.colcon_core.verb:set package 'rosmaster_driver_diff' build argument 'ament_cmake_args' from command line to 'None'
[1.713s] Level 5:colcon.colcon_core.verb:set package 'rosmaster_driver_diff' build argument 'catkin_cmake_args' from command line to 'None'
[1.713s] Level 5:colcon.colcon_core.verb:set package 'rosmaster_driver_diff' build argument 'catkin_skip_building_tests' from command line to 'False'
[1.714s] DEBUG:colcon.colcon_core.verb:Building package 'rosmaster_driver_diff' with the following arguments: {'ament_cmake_args': None, 'build_base': '/home/raspberrypi/rosmaster/build/rosmaster_driver_diff', 'catkin_cmake_args': None, 'catkin_skip_building_tests': False, 'cmake_args': None, 'cmake_clean_cache': False, 'cmake_clean_first': False, 'cmake_force_configure': False, 'cmake_target': None, 'cmake_target_skip_unavailable': False, 'install_base': '/home/raspberrypi/rosmaster/install/rosmaster_driver_diff', 'merge_install': False, 'path': '/home/raspberrypi/rosmaster/src/rosmaster_driver_diff', 'symlink_install': True, 'test_result_base': None}
[1.714s] INFO:colcon.colcon_core.executor:Executing jobs using 'parallel' executor
[1.717s] DEBUG:colcon.colcon_parallel_executor.executor.parallel:run_until_complete
[1.718s] INFO:colcon.colcon_ros.task.ament_python.build:Building ROS package in '/home/raspberrypi/rosmaster/src/drive_controls' with build type 'ament_python'
[1.719s] Level 1:colcon.colcon_core.shell:create_environment_hook('drive_controls', 'ament_prefix_path')
[1.729s] INFO:colcon.colcon_core.plugin_system:Skipping extension 'colcon_core.shell.bat': Not used on non-Windows systems
[1.730s] INFO:colcon.colcon_core.shell:Creating environment hook '/home/raspberrypi/rosmaster/install/drive_controls/share/drive_controls/hook/ament_prefix_path.ps1'
[1.733s] INFO:colcon.colcon_core.shell:Creating environment descriptor '/home/raspberrypi/rosmaster/install/drive_controls/share/drive_controls/hook/ament_prefix_path.dsv'
[1.736s] INFO:colcon.colcon_core.shell:Creating environment hook '/home/raspberrypi/rosmaster/install/drive_controls/share/drive_controls/hook/ament_prefix_path.sh'
[1.740s] INFO:colcon.colcon_core.shell:Skip shell extension 'powershell' for command environment: Not usable outside of PowerShell
[1.740s] DEBUG:colcon.colcon_core.shell:Skip shell extension 'dsv' for command environment
[1.760s] INFO:colcon.colcon_ros.task.ament_cmake.build:Building ROS package in '/home/raspberrypi/rosmaster/src/rosmaster' with build type 'ament_cmake'
[1.761s] INFO:colcon.colcon_cmake.task.cmake.build:Building CMake package in '/home/raspberrypi/rosmaster/src/rosmaster'
[1.762s] INFO:colcon.colcon_core.shell:Skip shell extension 'powershell' for command environment: Not usable outside of PowerShell
[1.763s] DEBUG:colcon.colcon_core.shell:Skip shell extension 'dsv' for command environment
[1.786s] INFO:colcon.colcon_ros.task.ament_cmake.build:Building ROS package in '/home/raspberrypi/rosmaster/src/rosmaster_driver' with build type 'ament_cmake'
[1.786s] INFO:colcon.colcon_cmake.task.cmake.build:Building CMake package in '/home/raspberrypi/rosmaster/src/rosmaster_driver'
[1.788s] INFO:colcon.colcon_core.shell:Skip shell extension 'powershell' for command environment: Not usable outside of PowerShell
[1.788s] DEBUG:colcon.colcon_core.shell:Skip shell extension 'dsv' for command environment
[1.810s] INFO:colcon.colcon_ros.task.ament_cmake.build:Building ROS package in '/home/raspberrypi/rosmaster/src/rosmaster_driver_diff' with build type 'ament_cmake'
[1.810s] INFO:colcon.colcon_cmake.task.cmake.build:Building CMake package in '/home/raspberrypi/rosmaster/src/rosmaster_driver_diff'
[1.812s] INFO:colcon.colcon_core.shell:Skip shell extension 'powershell' for command environment: Not usable outside of PowerShell
[1.812s] DEBUG:colcon.colcon_core.shell:Skip shell extension 'dsv' for command environment
[3.022s] INFO:colcon.colcon_core.task.python.build:Building Python package in '/home/raspberrypi/rosmaster/src/drive_controls'
[3.023s] INFO:colcon.colcon_core.shell:Skip shell extension 'powershell' for command environment: Not usable outside of PowerShell
[3.023s] DEBUG:colcon.colcon_core.shell:Skip shell extension 'dsv' for command environment
[3.066s] DEBUG:colcon.colcon_core.event_handler.log_command:Invoking command in '/home/raspberrypi/rosmaster/build/rosmaster': CMAKE_PREFIX_PATH=${CMAKE_PREFIX_PATH}:/home/raspberrypi/rosmaster/install/drive_controls:/opt/ros/humble /usr/bin/cmake --build /home/raspberrypi/rosmaster/build/rosmaster -- -j4 -l4
[3.088s] DEBUG:colcon.colcon_core.event_handler.log_command:Invoking command in '/home/raspberrypi/rosmaster/build/rosmaster_driver': CMAKE_PREFIX_PATH=${CMAKE_PREFIX_PATH}:/home/raspberrypi/rosmaster/install/drive_controls:/opt/ros/humble /usr/bin/cmake --build /home/raspberrypi/rosmaster/build/rosmaster_driver -- -j4 -l4
[3.121s] DEBUG:colcon.colcon_core.event_handler.log_command:Invoking command in '/home/raspberrypi/rosmaster/build/rosmaster_driver_diff': CMAKE_PREFIX_PATH=${CMAKE_PREFIX_PATH}:/home/raspberrypi/rosmaster/install/drive_controls:/opt/ros/humble /usr/bin/cmake --build /home/raspberrypi/rosmaster/build/rosmaster_driver_diff -- -j4 -l4
[3.258s] DEBUG:colcon.colcon_core.event_handler.log_command:Invoked command in '/home/raspberrypi/rosmaster/build/rosmaster' returned '0': CMAKE_PREFIX_PATH=${CMAKE_PREFIX_PATH}:/home/raspberrypi/rosmaster/install/drive_controls:/opt/ros/humble /usr/bin/cmake --build /home/raspberrypi/rosmaster/build/rosmaster -- -j4 -l4
[3.322s] DEBUG:colcon.colcon_core.event_handler.log_command:Invoking command in '/home/raspberrypi/rosmaster/build/rosmaster': CMAKE_PREFIX_PATH=${CMAKE_PREFIX_PATH}:/home/raspberrypi/rosmaster/install/drive_controls:/opt/ros/humble /usr/bin/cmake --install /home/raspberrypi/rosmaster/build/rosmaster
[3.329s] DEBUG:colcon.colcon_core.event_handler.log_command:Invoked command in '/home/raspberrypi/rosmaster/build/rosmaster_driver' returned '0': CMAKE_PREFIX_PATH=${CMAKE_PREFIX_PATH}:/home/raspberrypi/rosmaster/install/drive_controls:/opt/ros/humble /usr/bin/cmake --build /home/raspberrypi/rosmaster/build/rosmaster_driver -- -j4 -l4
[3.330s] WARNING:colcon.colcon_cmake.task.cmake.build:Could not run installation step for package 'rosmaster_driver' because it has no 'install' target
[3.332s] Level 1:colcon.colcon_core.environment:create_environment_scripts_only(rosmaster_driver)
[3.352s] Level 1:colcon.colcon_core.environment:checking '/home/raspberrypi/rosmaster/install/rosmaster_driver' for CMake module files
[3.355s] Level 1:colcon.colcon_core.environment:checking '/home/raspberrypi/rosmaster/install/rosmaster_driver' for CMake config files
[3.358s] Level 1:colcon.colcon_core.environment:checking '/home/raspberrypi/rosmaster/install/rosmaster_driver/bin'
[3.358s] Level 1:colcon.colcon_core.environment:checking '/home/raspberrypi/rosmaster/install/rosmaster_driver/lib/pkgconfig/rosmaster_driver.pc'
[3.360s] Level 1:colcon.colcon_core.environment:checking '/home/raspberrypi/rosmaster/install/rosmaster_driver/lib/python3.10/site-packages'
[3.362s] Level 1:colcon.colcon_core.environment:checking '/home/raspberrypi/rosmaster/install/rosmaster_driver/bin'
[3.365s] INFO:colcon.colcon_core.shell:Creating package script '/home/raspberrypi/rosmaster/install/rosmaster_driver/share/rosmaster_driver/package.ps1'
[3.373s] INFO:colcon.colcon_core.shell:Creating package descriptor '/home/raspberrypi/rosmaster/install/rosmaster_driver/share/rosmaster_driver/package.dsv'
[3.378s] INFO:colcon.colcon_core.shell:Creating package script '/home/raspberrypi/rosmaster/install/rosmaster_driver/share/rosmaster_driver/package.sh'
[3.383s] INFO:colcon.colcon_core.shell:Creating package script '/home/raspberrypi/rosmaster/install/rosmaster_driver/share/rosmaster_driver/package.bash'
[3.388s] INFO:colcon.colcon_core.shell:Creating package script '/home/raspberrypi/rosmaster/install/rosmaster_driver/share/rosmaster_driver/package.zsh'
[3.393s] Level 1:colcon.colcon_core.environment:create_file_with_runtime_dependencies(/home/raspberrypi/rosmaster/install/rosmaster_driver/share/colcon-core/packages/rosmaster_driver)
[3.397s] Level 1:colcon.colcon_core.environment:create_environment_scripts_only(rosmaster_driver)
[3.398s] Level 1:colcon.colcon_core.environment:checking '/home/raspberrypi/rosmaster/install/rosmaster_driver' for CMake module files
[3.401s] Level 1:colcon.colcon_core.environment:checking '/home/raspberrypi/rosmaster/install/rosmaster_driver' for CMake config files
[3.404s] Level 1:colcon.colcon_core.environment:checking '/home/raspberrypi/rosmaster/install/rosmaster_driver/bin'
[3.404s] Level 1:colcon.colcon_core.environment:checking '/home/raspberrypi/rosmaster/install/rosmaster_driver/lib/pkgconfig/rosmaster_driver.pc'
[3.406s] Level 1:colcon.colcon_core.environment:checking '/home/raspberrypi/rosmaster/install/rosmaster_driver/lib/python3.10/site-packages'
[3.409s] Level 1:colcon.colcon_core.environment:checking '/home/raspberrypi/rosmaster/install/rosmaster_driver/bin'
[3.411s] INFO:colcon.colcon_core.shell:Creating package script '/home/raspberrypi/rosmaster/install/rosmaster_driver/share/rosmaster_driver/package.ps1'
[3.413s] INFO:colcon.colcon_core.shell:Creating package descriptor '/home/raspberrypi/rosmaster/install/rosmaster_driver/share/rosmaster_driver/package.dsv'
[3.416s] INFO:colcon.colcon_core.shell:Creating package script '/home/raspberrypi/rosmaster/install/rosmaster_driver/share/rosmaster_driver/package.sh'
[3.421s] INFO:colcon.colcon_core.shell:Creating package script '/home/raspberrypi/rosmaster/install/rosmaster_driver/share/rosmaster_driver/package.bash'
[3.425s] INFO:colcon.colcon_core.shell:Creating package script '/home/raspberrypi/rosmaster/install/rosmaster_driver/share/rosmaster_driver/package.zsh'
[3.428s] Level 1:colcon.colcon_core.environment:create_file_with_runtime_dependencies(/home/raspberrypi/rosmaster/install/rosmaster_driver/share/colcon-core/packages/rosmaster_driver)
[3.528s] Level 1:colcon.colcon_core.environment:create_environment_scripts_only(rosmaster)
[3.530s] DEBUG:colcon.colcon_core.event_handler.log_command:Invoked command in '/home/raspberrypi/rosmaster/build/rosmaster' returned '0': CMAKE_PREFIX_PATH=${CMAKE_PREFIX_PATH}:/home/raspberrypi/rosmaster/install/drive_controls:/opt/ros/humble /usr/bin/cmake --install /home/raspberrypi/rosmaster/build/rosmaster
[3.531s] Level 1:colcon.colcon_core.environment:checking '/home/raspberrypi/rosmaster/install/rosmaster' for CMake module files
[3.537s] Level 1:colcon.colcon_core.environment:checking '/home/raspberrypi/rosmaster/install/rosmaster' for CMake config files
[3.539s] Level 1:colcon.colcon_core.shell:create_environment_hook('rosmaster', 'cmake_prefix_path')
[3.541s] INFO:colcon.colcon_core.shell:Creating environment hook '/home/raspberrypi/rosmaster/install/rosmaster/share/rosmaster/hook/cmake_prefix_path.ps1'
[3.546s] INFO:colcon.colcon_core.shell:Creating environment descriptor '/home/raspberrypi/rosmaster/install/rosmaster/share/rosmaster/hook/cmake_prefix_path.dsv'
[3.564s] INFO:colcon.colcon_core.shell:Creating environment hook '/home/raspberrypi/rosmaster/install/rosmaster/share/rosmaster/hook/cmake_prefix_path.sh'
[3.570s] Level 1:colcon.colcon_core.environment:checking '/home/raspberrypi/rosmaster/install/rosmaster/bin'
[3.571s] Level 1:colcon.colcon_core.environment:checking '/home/raspberrypi/rosmaster/install/rosmaster/lib/pkgconfig/rosmaster.pc'
[3.573s] Level 1:colcon.colcon_core.environment:checking '/home/raspberrypi/rosmaster/install/rosmaster/lib/python3.10/site-packages'
[3.576s] Level 1:colcon.colcon_core.environment:checking '/home/raspberrypi/rosmaster/install/rosmaster/bin'
[3.580s] INFO:colcon.colcon_core.shell:Creating package script '/home/raspberrypi/rosmaster/install/rosmaster/share/rosmaster/package.ps1'
[3.583s] INFO:colcon.colcon_core.shell:Creating package descriptor '/home/raspberrypi/rosmaster/install/rosmaster/share/rosmaster/package.dsv'
[3.586s] INFO:colcon.colcon_core.shell:Creating package script '/home/raspberrypi/rosmaster/install/rosmaster/share/rosmaster/package.sh'
[3.589s] INFO:colcon.colcon_core.shell:Creating package script '/home/raspberrypi/rosmaster/install/rosmaster/share/rosmaster/package.bash'
[3.592s] INFO:colcon.colcon_core.shell:Creating package script '/home/raspberrypi/rosmaster/install/rosmaster/share/rosmaster/package.zsh'
[3.595s] Level 1:colcon.colcon_core.environment:create_file_with_runtime_dependencies(/home/raspberrypi/rosmaster/install/rosmaster/share/colcon-core/packages/rosmaster)
[3.599s] Level 1:colcon.colcon_core.environment:create_environment_scripts_only(rosmaster)
[3.600s] Level 1:colcon.colcon_core.environment:checking '/home/raspberrypi/rosmaster/install/rosmaster' for CMake module files
[3.604s] Level 1:colcon.colcon_core.environment:checking '/home/raspberrypi/rosmaster/install/rosmaster' for CMake config files
[3.606s] Level 1:colcon.colcon_core.shell:create_environment_hook('rosmaster', 'cmake_prefix_path')
[3.608s] INFO:colcon.colcon_core.shell:Creating environment hook '/home/raspberrypi/rosmaster/install/rosmaster/share/rosmaster/hook/cmake_prefix_path.ps1'
[3.614s] INFO:colcon.colcon_core.shell:Creating environment descriptor '/home/raspberrypi/rosmaster/install/rosmaster/share/rosmaster/hook/cmake_prefix_path.dsv'
[3.616s] INFO:colcon.colcon_core.shell:Creating environment hook '/home/raspberrypi/rosmaster/install/rosmaster/share/rosmaster/hook/cmake_prefix_path.sh'
[3.621s] Level 1:colcon.colcon_core.environment:checking '/home/raspberrypi/rosmaster/install/rosmaster/bin'
[3.621s] Level 1:colcon.colcon_core.environment:checking '/home/raspberrypi/rosmaster/install/rosmaster/lib/pkgconfig/rosmaster.pc'
[3.623s] Level 1:colcon.colcon_core.environment:checking '/home/raspberrypi/rosmaster/install/rosmaster/lib/python3.10/site-packages'
[3.625s] Level 1:colcon.colcon_core.environment:checking '/home/raspberrypi/rosmaster/install/rosmaster/bin'
[3.627s] INFO:colcon.colcon_core.shell:Creating package script '/home/raspberrypi/rosmaster/install/rosmaster/share/rosmaster/package.ps1'
[3.631s] INFO:colcon.colcon_core.shell:Creating package descriptor '/home/raspberrypi/rosmaster/install/rosmaster/share/rosmaster/package.dsv'
[3.635s] INFO:colcon.colcon_core.shell:Creating package script '/home/raspberrypi/rosmaster/install/rosmaster/share/rosmaster/package.sh'
[3.639s] INFO:colcon.colcon_core.shell:Creating package script '/home/raspberrypi/rosmaster/install/rosmaster/share/rosmaster/package.bash'
[3.643s] INFO:colcon.colcon_core.shell:Creating package script '/home/raspberrypi/rosmaster/install/rosmaster/share/rosmaster/package.zsh'
[3.648s] Level 1:colcon.colcon_core.environment:create_file_with_runtime_dependencies(/home/raspberrypi/rosmaster/install/rosmaster/share/colcon-core/packages/rosmaster)
[3.664s] DEBUG:colcon.colcon_core.event_handler.log_command:Invoked command in '/home/raspberrypi/rosmaster/build/rosmaster_driver_diff' returned '0': CMAKE_PREFIX_PATH=${CMAKE_PREFIX_PATH}:/home/raspberrypi/rosmaster/install/drive_controls:/opt/ros/humble /usr/bin/cmake --build /home/raspberrypi/rosmaster/build/rosmaster_driver_diff -- -j4 -l4
[3.668s] DEBUG:colcon.colcon_core.event_handler.log_command:Invoking command in '/home/raspberrypi/rosmaster/build/rosmaster_driver_diff': CMAKE_PREFIX_PATH=${CMAKE_PREFIX_PATH}:/home/raspberrypi/rosmaster/install/drive_controls:/opt/ros/humble /usr/bin/cmake --install /home/raspberrypi/rosmaster/build/rosmaster_driver_diff
[3.865s] Level 1:colcon.colcon_core.environment:create_environment_scripts_only(rosmaster_driver_diff)
[3.866s] Level 1:colcon.colcon_core.environment:checking '/home/raspberrypi/rosmaster/install/rosmaster_driver_diff' for CMake module files
[3.870s] Level 1:colcon.colcon_core.environment:checking '/home/raspberrypi/rosmaster/install/rosmaster_driver_diff' for CMake config files
[3.874s] Level 1:colcon.colcon_core.shell:create_environment_hook('rosmaster_driver_diff', 'cmake_prefix_path')
[3.876s] INFO:colcon.colcon_core.shell:Creating environment hook '/home/raspberrypi/rosmaster/install/rosmaster_driver_diff/share/rosmaster_driver_diff/hook/cmake_prefix_path.ps1'
[3.881s] DEBUG:colcon.colcon_core.event_handler.log_command:Invoked command in '/home/raspberrypi/rosmaster/build/rosmaster_driver_diff' returned '0': CMAKE_PREFIX_PATH=${CMAKE_PREFIX_PATH}:/home/raspberrypi/rosmaster/install/drive_controls:/opt/ros/humble /usr/bin/cmake --install /home/raspberrypi/rosmaster/build/rosmaster_driver_diff
[3.883s] INFO:colcon.colcon_core.shell:Creating environment descriptor '/home/raspberrypi/rosmaster/install/rosmaster_driver_diff/share/rosmaster_driver_diff/hook/cmake_prefix_path.dsv'
[3.888s] INFO:colcon.colcon_core.shell:Creating environment hook '/home/raspberrypi/rosmaster/install/rosmaster_driver_diff/share/rosmaster_driver_diff/hook/cmake_prefix_path.sh'
[3.894s] Level 1:colcon.colcon_core.environment:checking '/home/raspberrypi/rosmaster/install/rosmaster_driver_diff/lib'
[3.895s] Level 1:colcon.colcon_core.shell:create_environment_hook('rosmaster_driver_diff', 'ld_library_path_lib')
[3.897s] INFO:colcon.colcon_core.shell:Creating environment hook '/home/raspberrypi/rosmaster/install/rosmaster_driver_diff/share/rosmaster_driver_diff/hook/ld_library_path_lib.ps1'
[3.901s] INFO:colcon.colcon_core.shell:Creating environment descriptor '/home/raspberrypi/rosmaster/install/rosmaster_driver_diff/share/rosmaster_driver_diff/hook/ld_library_path_lib.dsv'
[3.904s] INFO:colcon.colcon_core.shell:Creating environment hook '/home/raspberrypi/rosmaster/install/rosmaster_driver_diff/share/rosmaster_driver_diff/hook/ld_library_path_lib.sh'
[3.907s] Level 1:colcon.colcon_core.environment:checking '/home/raspberrypi/rosmaster/install/rosmaster_driver_diff/bin'
[3.908s] Level 1:colcon.colcon_core.environment:checking '/home/raspberrypi/rosmaster/install/rosmaster_driver_diff/lib/pkgconfig/rosmaster_driver_diff.pc'
[3.909s] Level 1:colcon.colcon_core.environment:checking '/home/raspberrypi/rosmaster/install/rosmaster_driver_diff/lib/python3.10/site-packages'
[3.911s] Level 1:colcon.colcon_core.environment:checking '/home/raspberrypi/rosmaster/install/rosmaster_driver_diff/bin'
[3.913s] INFO:colcon.colcon_core.shell:Creating package script '/home/raspberrypi/rosmaster/install/rosmaster_driver_diff/share/rosmaster_driver_diff/package.ps1'
[3.916s] INFO:colcon.colcon_core.shell:Creating package descriptor '/home/raspberrypi/rosmaster/install/rosmaster_driver_diff/share/rosmaster_driver_diff/package.dsv'
[3.920s] INFO:colcon.colcon_core.shell:Creating package script '/home/raspberrypi/rosmaster/install/rosmaster_driver_diff/share/rosmaster_driver_diff/package.sh'
[3.923s] INFO:colcon.colcon_core.shell:Creating package script '/home/raspberrypi/rosmaster/install/rosmaster_driver_diff/share/rosmaster_driver_diff/package.bash'
[3.926s] INFO:colcon.colcon_core.shell:Creating package script '/home/raspberrypi/rosmaster/install/rosmaster_driver_diff/share/rosmaster_driver_diff/package.zsh'
[3.930s] Level 1:colcon.colcon_core.environment:create_file_with_runtime_dependencies(/home/raspberrypi/rosmaster/install/rosmaster_driver_diff/share/colcon-core/packages/rosmaster_driver_diff)
[3.933s] Level 1:colcon.colcon_core.environment:create_environment_scripts_only(rosmaster_driver_diff)
[3.935s] Level 1:colcon.colcon_core.environment:checking '/home/raspberrypi/rosmaster/install/rosmaster_driver_diff' for CMake module files
[3.939s] Level 1:colcon.colcon_core.environment:checking '/home/raspberrypi/rosmaster/install/rosmaster_driver_diff' for CMake config files
[3.942s] Level 1:colcon.colcon_core.shell:create_environment_hook('rosmaster_driver_diff', 'cmake_prefix_path')
[3.943s] INFO:colcon.colcon_core.shell:Creating environment hook '/home/raspberrypi/rosmaster/install/rosmaster_driver_diff/share/rosmaster_driver_diff/hook/cmake_prefix_path.ps1'
[3.946s] INFO:colcon.colcon_core.shell:Creating environment descriptor '/home/raspberrypi/rosmaster/install/rosmaster_driver_diff/share/rosmaster_driver_diff/hook/cmake_prefix_path.dsv'
[3.950s] INFO:colcon.colcon_core.shell:Creating environment hook '/home/raspberrypi/rosmaster/install/rosmaster_driver_diff/share/rosmaster_driver_diff/hook/cmake_prefix_path.sh'
[3.954s] Level 1:colcon.colcon_core.environment:checking '/home/raspberrypi/rosmaster/install/rosmaster_driver_diff/lib'
[3.955s] Level 1:colcon.colcon_core.shell:create_environment_hook('rosmaster_driver_diff', 'ld_library_path_lib')
[3.956s] INFO:colcon.colcon_core.shell:Creating environment hook '/home/raspberrypi/rosmaster/install/rosmaster_driver_diff/share/rosmaster_driver_diff/hook/ld_library_path_lib.ps1'
[3.959s] INFO:colcon.colcon_core.shell:Creating environment descriptor '/home/raspberrypi/rosmaster/install/rosmaster_driver_diff/share/rosmaster_driver_diff/hook/ld_library_path_lib.dsv'
[3.962s] INFO:colcon.colcon_core.shell:Creating environment hook '/home/raspberrypi/rosmaster/install/rosmaster_driver_diff/share/rosmaster_driver_diff/hook/ld_library_path_lib.sh'
[3.966s] Level 1:colcon.colcon_core.environment:checking '/home/raspberrypi/rosmaster/install/rosmaster_driver_diff/bin'
[3.966s] Level 1:colcon.colcon_core.environment:checking '/home/raspberrypi/rosmaster/install/rosmaster_driver_diff/lib/pkgconfig/rosmaster_driver_diff.pc'
[3.967s] Level 1:colcon.colcon_core.environment:checking '/home/raspberrypi/rosmaster/install/rosmaster_driver_diff/lib/python3.10/site-packages'
[3.969s] Level 1:colcon.colcon_core.environment:checking '/home/raspberrypi/rosmaster/install/rosmaster_driver_diff/bin'
[3.971s] INFO:colcon.colcon_core.shell:Creating package script '/home/raspberrypi/rosmaster/install/rosmaster_driver_diff/share/rosmaster_driver_diff/package.ps1'
[3.975s] INFO:colcon.colcon_core.shell:Creating package descriptor '/home/raspberrypi/rosmaster/install/rosmaster_driver_diff/share/rosmaster_driver_diff/package.dsv'
[3.979s] INFO:colcon.colcon_core.shell:Creating package script '/home/raspberrypi/rosmaster/install/rosmaster_driver_diff/share/rosmaster_driver_diff/package.sh'
[3.982s] INFO:colcon.colcon_core.shell:Creating package script '/home/raspberrypi/rosmaster/install/rosmaster_driver_diff/share/rosmaster_driver_diff/package.bash'
[3.985s] INFO:colcon.colcon_core.shell:Creating package script '/home/raspberrypi/rosmaster/install/rosmaster_driver_diff/share/rosmaster_driver_diff/package.zsh'
[3.991s] Level 1:colcon.colcon_core.environment:create_file_with_runtime_dependencies(/home/raspberrypi/rosmaster/install/rosmaster_driver_diff/share/colcon-core/packages/rosmaster_driver_diff)
[5.131s] DEBUG:colcon.colcon_core.event_handler.log_command:Invoking command in '/home/raspberrypi/rosmaster/build/drive_controls': PYTHONPATH=/home/raspberrypi/rosmaster/build/drive_controls/prefix_override:/usr/lib/python3/dist-packages/colcon_core/task/python/colcon_distutils_commands:/home/raspberrypi/rosmaster/install/drive_controls/lib/python3.10/site-packages:${PYTHONPATH} /usr/bin/python3 -W ignore:setup.py install is deprecated -W ignore:easy_install command is deprecated setup.py develop --editable --build-directory /home/raspberrypi/rosmaster/build/drive_controls/build --no-deps symlink_data
[7.273s] Level 1:colcon.colcon_core.shell:create_environment_hook('drive_controls', 'pythonpath_develop')
[7.274s] INFO:colcon.colcon_core.shell:Creating environment hook '/home/raspberrypi/rosmaster/build/drive_controls/share/drive_controls/hook/pythonpath_develop.ps1'
[7.275s] DEBUG:colcon.colcon_core.event_handler.log_command:Invoked command in '/home/raspberrypi/rosmaster/build/drive_controls' returned '0': PYTHONPATH=/home/raspberrypi/rosmaster/build/drive_controls/prefix_override:/usr/lib/python3/dist-packages/colcon_core/task/python/colcon_distutils_commands:/home/raspberrypi/rosmaster/install/drive_controls/lib/python3.10/site-packages:${PYTHONPATH} /usr/bin/python3 -W ignore:setup.py install is deprecated -W ignore:easy_install command is deprecated setup.py develop --editable --build-directory /home/raspberrypi/rosmaster/build/drive_controls/build --no-deps symlink_data
[7.278s] INFO:colcon.colcon_core.shell:Creating environment descriptor '/home/raspberrypi/rosmaster/build/drive_controls/share/drive_controls/hook/pythonpath_develop.dsv'
[7.280s] INFO:colcon.colcon_core.shell:Creating environment hook '/home/raspberrypi/rosmaster/build/drive_controls/share/drive_controls/hook/pythonpath_develop.sh'
[7.284s] Level 1:colcon.colcon_core.environment:checking '/home/raspberrypi/rosmaster/install/drive_controls' for CMake module files
[7.287s] Level 1:colcon.colcon_core.environment:checking '/home/raspberrypi/rosmaster/install/drive_controls' for CMake config files
[7.290s] Level 1:colcon.colcon_core.environment:checking '/home/raspberrypi/rosmaster/install/drive_controls/lib'
[7.291s] Level 1:colcon.colcon_core.environment:checking '/home/raspberrypi/rosmaster/install/drive_controls/bin'
[7.291s] Level 1:colcon.colcon_core.environment:checking '/home/raspberrypi/rosmaster/install/drive_controls/lib/pkgconfig/drive_controls.pc'
[7.292s] Level 1:colcon.colcon_core.environment:checking '/home/raspberrypi/rosmaster/install/drive_controls/lib/python3.10/site-packages'
[7.293s] Level 1:colcon.colcon_core.shell:create_environment_hook('drive_controls', 'pythonpath')
[7.294s] INFO:colcon.colcon_core.shell:Creating environment hook '/home/raspberrypi/rosmaster/install/drive_controls/share/drive_controls/hook/pythonpath.ps1'
[7.296s] INFO:colcon.colcon_core.shell:Creating environment descriptor '/home/raspberrypi/rosmaster/install/drive_controls/share/drive_controls/hook/pythonpath.dsv'
[7.298s] INFO:colcon.colcon_core.shell:Creating environment hook '/home/raspberrypi/rosmaster/install/drive_controls/share/drive_controls/hook/pythonpath.sh'
[7.301s] Level 1:colcon.colcon_core.environment:checking '/home/raspberrypi/rosmaster/install/drive_controls/bin'
[7.301s] Level 1:colcon.colcon_core.environment:create_environment_scripts_only(drive_controls)
[7.303s] INFO:colcon.colcon_core.shell:Creating package script '/home/raspberrypi/rosmaster/install/drive_controls/share/drive_controls/package.ps1'
[7.306s] INFO:colcon.colcon_core.shell:Creating package descriptor '/home/raspberrypi/rosmaster/install/drive_controls/share/drive_controls/package.dsv'
[7.308s] INFO:colcon.colcon_core.shell:Creating package script '/home/raspberrypi/rosmaster/install/drive_controls/share/drive_controls/package.sh'
[7.310s] INFO:colcon.colcon_core.shell:Creating package script '/home/raspberrypi/rosmaster/install/drive_controls/share/drive_controls/package.bash'
[7.313s] INFO:colcon.colcon_core.shell:Creating package script '/home/raspberrypi/rosmaster/install/drive_controls/share/drive_controls/package.zsh'
[7.315s] Level 1:colcon.colcon_core.environment:create_file_with_runtime_dependencies(/home/raspberrypi/rosmaster/install/drive_controls/share/colcon-core/packages/drive_controls)
[7.316s] DEBUG:colcon.colcon_parallel_executor.executor.parallel:closing loop
[7.317s] DEBUG:colcon.colcon_parallel_executor.executor.parallel:loop closed
[7.318s] DEBUG:colcon.colcon_parallel_executor.executor.parallel:run_until_complete finished with '0'
[7.319s] DEBUG:colcon.colcon_core.event_reactor:joining thread
[7.343s] INFO:colcon.colcon_core.plugin_system:Skipping extension 'colcon_notification.desktop_notification.notify_send': Could not find 'notify-send'
[7.343s] INFO:colcon.colcon_core.plugin_system:Skipping extension 'colcon_notification.desktop_notification.terminal_notifier': Not used on non-Darwin systems
[7.344s] INFO:colcon.colcon_core.plugin_system:Skipping extension 'colcon_notification.desktop_notification.win32': Not used on non-Windows systems
[7.344s] INFO:colcon.colcon_notification.desktop_notification:Sending desktop notification using 'notify2'
[7.348s] DEBUG:colcon.colcon_notification.desktop_notification.notify2:Failed to initialize notify2: org.freedesktop.DBus.Error.ServiceUnknown: The name org.freedesktop.Notifications was not provided by any .service files
[7.348s] DEBUG:colcon.colcon_core.event_reactor:joined thread
[7.349s] INFO:colcon.colcon_core.shell:Creating prefix script '/home/raspberrypi/rosmaster/install/local_setup.ps1'
[7.353s] INFO:colcon.colcon_core.shell:Creating prefix util module '/home/raspberrypi/rosmaster/install/_local_setup_util_ps1.py'
[7.359s] INFO:colcon.colcon_core.shell:Creating prefix chain script '/home/raspberrypi/rosmaster/install/setup.ps1'
[7.365s] INFO:colcon.colcon_core.shell:Creating prefix script '/home/raspberrypi/rosmaster/install/local_setup.sh'
[7.368s] INFO:colcon.colcon_core.shell:Creating prefix util module '/home/raspberrypi/rosmaster/install/_local_setup_util_sh.py'
[7.371s] INFO:colcon.colcon_core.shell:Creating prefix chain script '/home/raspberrypi/rosmaster/install/setup.sh'
[7.376s] INFO:colcon.colcon_core.shell:Creating prefix script '/home/raspberrypi/rosmaster/install/local_setup.bash'
[7.379s] INFO:colcon.colcon_core.shell:Creating prefix chain script '/home/raspberrypi/rosmaster/install/setup.bash'
[7.385s] INFO:colcon.colcon_core.shell:Creating prefix script '/home/raspberrypi/rosmaster/install/local_setup.zsh'
[7.387s] INFO:colcon.colcon_core.shell:Creating prefix chain script '/home/raspberrypi/rosmaster/install/setup.zsh'
