running develop
running egg_info
creating drive_controls.egg-info
writing drive_controls.egg-info/PKG-INFO
writing dependency_links to drive_controls.egg-info/dependency_links.txt
writing entry points to drive_controls.egg-info/entry_points.txt
writing requirements to drive_controls.egg-info/requires.txt
writing top-level names to drive_controls.egg-info/top_level.txt
writing manifest file 'drive_controls.egg-info/SOURCES.txt'
reading manifest file 'drive_controls.egg-info/SOURCES.txt'
writing manifest file 'drive_controls.egg-info/SOURCES.txt'
running build_ext
Creating /home/raspberrypi/rosmaster/install/drive_controls/lib/python3.10/site-packages/drive-controls.egg-link (link to .)
Installing drive script to /home/raspberrypi/rosmaster/install/drive_controls/lib/drive_controls
Installing driveTest script to /home/raspberrypi/rosmaster/install/drive_controls/lib/drive_controls

Installed /home/raspberrypi/rosmaster/build/drive_controls
running symlink_data
creating /home/raspberrypi/rosmaster/install/drive_controls/share/ament_index
creating /home/raspberrypi/rosmaster/install/drive_controls/share/ament_index/resource_index
creating /home/raspberrypi/rosmaster/install/drive_controls/share/ament_index/resource_index/packages
symbolically linking /home/raspberrypi/rosmaster/build/drive_controls/resource/drive_controls -> /home/raspberrypi/rosmaster/install/drive_controls/share/ament_index/resource_index/packages
symbolically linking /home/raspberrypi/rosmaster/build/drive_controls/package.xml -> /home/raspberrypi/rosmaster/install/drive_controls/share/drive_controls
creating /home/raspberrypi/rosmaster/install/drive_controls/share/drive_controls/launch
symbolically linking /home/raspberrypi/rosmaster/build/drive_controls/launch/drive_controls.launch.py -> /home/raspberrypi/rosmaster/install/drive_controls/share/drive_controls/launch
creating /home/raspberrypi/rosmaster/install/drive_controls/share/drive_controls/config
symbolically linking /home/raspberrypi/rosmaster/build/drive_controls/config/params.yaml -> /home/raspberrypi/rosmaster/install/drive_controls/share/drive_controls/config
