-- The CXX compiler identification is GNU 11.4.0
-- Detecting CXX compiler ABI info
-- Detecting CXX compiler ABI info - done
-- Check for working CXX compiler: /usr/bin/c++ - skipped
-- Detecting CXX compile features
-- Detecting CXX compile features - done
-- Found ament_cmake: 1.3.13 (/opt/ros/humble/share/ament_cmake/cmake)
-- Found Python3: /usr/bin/python3 (found version "3.10.12") found components: Interpreter 
-- Override CMake install command with custom implementation using symlinks instead of copying resources
-- Found hardware_interface: 2.53.1 (/opt/ros/humble/share/hardware_interface/cmake)
-- Found rosidl_generator_c: 3.1.8 (/opt/ros/humble/share/rosidl_generator_c/cmake)
-- Found rosidl_adapter: 3.1.8 (/opt/ros/humble/share/rosidl_adapter/cmake)
-- Found rosidl_generator_cpp: 3.1.8 (/opt/ros/humble/share/rosidl_generator_cpp/cmake)
-- Using all available rosidl_typesupport_c: rosidl_typesupport_fastrtps_c;rosidl_typesupport_introspection_c
-- Using all available rosidl_typesupport_cpp: rosidl_typesupport_fastrtps_cpp;rosidl_typesupport_introspection_cpp
-- Found rmw_implementation_cmake: 6.1.2 (/opt/ros/humble/share/rmw_implementation_cmake/cmake)
-- Found rmw_fastrtps_cpp: 6.2.10 (/opt/ros/humble/share/rmw_fastrtps_cpp/cmake)
-- Found TinyXML2 via Config file: TinyXML2_DIR-NOTFOUND
-- Found OpenSSL: /usr/lib/aarch64-linux-gnu/libcrypto.so (found version "3.0.2")  
-- Found TinyXML2 via Config file: TinyXML2_DIR-NOTFOUND
-- Found FastRTPS: /opt/ros/humble/include  
-- Found TinyXML2 via Config file: TinyXML2_DIR-NOTFOUND
-- Found TinyXML2 via Config file: TinyXML2_DIR-NOTFOUND
-- Using RMW implementation 'rmw_fastrtps_cpp' as default
-- Looking for C++ include pthread.h
-- Looking for C++ include pthread.h - found
-- Performing Test CMAKE_HAVE_LIBC_PTHREAD
-- Performing Test CMAKE_HAVE_LIBC_PTHREAD - Success
-- Found Threads: TRUE  
-- Found ament_cmake_gtest: 1.3.13 (/opt/ros/humble/share/ament_cmake_gtest/cmake)
-- Configuring done
-- Generating done
-- Build files have been written to: /home/raspberrypi/rosmaster/build/rosmaster_driver_diff
[ 50%] [32mBuilding CXX object CMakeFiles/diffdrive_rosmaster.dir/src/diffbot_system.cpp.o[0m
[100%] [32m[1mLinking CXX shared library libdiffdrive_rosmaster.so[0m
[100%] Built target diffdrive_rosmaster
-- Install configuration: ""
-- Execute custom install script
-- Symlinking: /home/raspberrypi/rosmaster/install/rosmaster_driver_diff/share/rosmaster_driver_diff//robot_hardware.xml
-- Symlinking: /home/raspberrypi/rosmaster/install/rosmaster_driver_diff/include/diffdrive_rosmaster/rosmaster_driver_diff/diffbot_system.hpp
-- Symlinking: /home/raspberrypi/rosmaster/install/rosmaster_driver_diff/include/diffdrive_rosmaster/rosmaster_driver_diff/rosmaster.hpp
-- Symlinking: /home/raspberrypi/rosmaster/install/rosmaster_driver_diff/include/diffdrive_rosmaster/rosmaster_driver_diff/rosmaster_controller.hpp
-- Symlinking: /home/raspberrypi/rosmaster/install/rosmaster_driver_diff/include/diffdrive_rosmaster/rosmaster_driver_diff/visibility_control.h
-- Symlinking: /home/raspberrypi/rosmaster/install/rosmaster_driver_diff/include/diffdrive_rosmaster/rosmaster_driver_diff/wheel.hpp
-- Up-to-date symlink: /home/raspberrypi/rosmaster/install/rosmaster_driver_diff/share/rosmaster_driver_diff/robot_hardware.xml
-- Symlinking: /home/raspberrypi/rosmaster/install/rosmaster_driver_diff/share/rosmaster_driver_diff/environment/library_path.sh
-- Symlinking: /home/raspberrypi/rosmaster/install/rosmaster_driver_diff/share/rosmaster_driver_diff/environment/library_path.dsv
-- Symlinking: /home/raspberrypi/rosmaster/install/rosmaster_driver_diff/share/ament_index/resource_index/package_run_dependencies/rosmaster_driver_diff
-- Symlinking: /home/raspberrypi/rosmaster/install/rosmaster_driver_diff/share/ament_index/resource_index/parent_prefix_path/rosmaster_driver_diff
-- Symlinking: /home/raspberrypi/rosmaster/install/rosmaster_driver_diff/share/rosmaster_driver_diff/environment/ament_prefix_path.sh
-- Symlinking: /home/raspberrypi/rosmaster/install/rosmaster_driver_diff/share/rosmaster_driver_diff/environment/ament_prefix_path.dsv
-- Symlinking: /home/raspberrypi/rosmaster/install/rosmaster_driver_diff/share/rosmaster_driver_diff/environment/path.sh
-- Symlinking: /home/raspberrypi/rosmaster/install/rosmaster_driver_diff/share/rosmaster_driver_diff/environment/path.dsv
-- Symlinking: /home/raspberrypi/rosmaster/install/rosmaster_driver_diff/share/rosmaster_driver_diff/local_setup.bash
-- Symlinking: /home/raspberrypi/rosmaster/install/rosmaster_driver_diff/share/rosmaster_driver_diff/local_setup.sh
-- Symlinking: /home/raspberrypi/rosmaster/install/rosmaster_driver_diff/share/rosmaster_driver_diff/local_setup.zsh
-- Symlinking: /home/raspberrypi/rosmaster/install/rosmaster_driver_diff/share/rosmaster_driver_diff/local_setup.dsv
-- Symlinking: /home/raspberrypi/rosmaster/install/rosmaster_driver_diff/share/rosmaster_driver_diff/package.dsv
-- Symlinking: /home/raspberrypi/rosmaster/install/rosmaster_driver_diff/share/ament_index/resource_index/packages/rosmaster_driver_diff
-- Symlinking: /home/raspberrypi/rosmaster/install/rosmaster_driver_diff/share/ament_index/resource_index/hardware_interface__pluginlib__plugin/rosmaster_driver_diff
-- Symlinking: /home/raspberrypi/rosmaster/install/rosmaster_driver_diff/share/rosmaster_driver_diff/cmake/ament_cmake_export_targets-extras.cmake
-- Symlinking: /home/raspberrypi/rosmaster/install/rosmaster_driver_diff/share/rosmaster_driver_diff/cmake/ament_cmake_export_dependencies-extras.cmake
-- Symlinking: /home/raspberrypi/rosmaster/install/rosmaster_driver_diff/share/rosmaster_driver_diff/cmake/rosmaster_driver_diffConfig.cmake
-- Symlinking: /home/raspberrypi/rosmaster/install/rosmaster_driver_diff/share/rosmaster_driver_diff/cmake/rosmaster_driver_diffConfig-version.cmake
-- Symlinking: /home/raspberrypi/rosmaster/install/rosmaster_driver_diff/share/rosmaster_driver_diff/package.xml
-- Installing: /home/raspberrypi/rosmaster/install/rosmaster_driver_diff/lib/libdiffdrive_rosmaster.so
-- Set runtime path of "/home/raspberrypi/rosmaster/install/rosmaster_driver_diff/lib/libdiffdrive_rosmaster.so" to ""
-- Installing: /home/raspberrypi/rosmaster/install/rosmaster_driver_diff/share/rosmaster_driver_diff/cmake/export_diffdrive_rosmasterExport.cmake
-- Installing: /home/raspberrypi/rosmaster/install/rosmaster_driver_diff/share/rosmaster_driver_diff/cmake/export_diffdrive_rosmasterExport-noconfig.cmake
