[35m[1mConsolidate compiler generated dependencies of target diffdrive_rosmaster[0m
[ 50%] [32mBuilding CXX object CMakeFiles/diffdrive_rosmaster.dir/src/diffbot_system.cpp.o[0m
[100%] [32m[1mLinking CXX shared library libdiffdrive_rosmaster.so[0m
[100%] Built target diffdrive_rosmaster
-- Install configuration: ""
-- Execute custom install script
-- Up-to-date symlink: /home/raspberrypi/rosmaster/install/rosmaster_driver_diff/share/rosmaster_driver_diff//robot_hardware.xml
-- Up-to-date symlink: /home/raspberrypi/rosmaster/install/rosmaster_driver_diff/include/diffdrive_rosmaster/rosmaster_driver_diff/diffbot_system.hpp
-- Up-to-date symlink: /home/raspberrypi/rosmaster/install/rosmaster_driver_diff/include/diffdrive_rosmaster/rosmaster_driver_diff/rosmaster.hpp
-- Up-to-date symlink: /home/raspberrypi/rosmaster/install/rosmaster_driver_diff/include/diffdrive_rosmaster/rosmaster_driver_diff/rosmaster_controller.hpp
-- Up-to-date symlink: /home/raspberrypi/rosmaster/install/rosmaster_driver_diff/include/diffdrive_rosmaster/rosmaster_driver_diff/visibility_control.h
-- Up-to-date symlink: /home/raspberrypi/rosmaster/install/rosmaster_driver_diff/include/diffdrive_rosmaster/rosmaster_driver_diff/wheel.hpp
-- Up-to-date symlink: /home/raspberrypi/rosmaster/install/rosmaster_driver_diff/share/rosmaster_driver_diff/robot_hardware.xml
-- Up-to-date symlink: /home/raspberrypi/rosmaster/install/rosmaster_driver_diff/share/rosmaster_driver_diff/environment/library_path.sh
-- Up-to-date symlink: /home/raspberrypi/rosmaster/install/rosmaster_driver_diff/share/rosmaster_driver_diff/environment/library_path.dsv
-- Up-to-date symlink: /home/raspberrypi/rosmaster/install/rosmaster_driver_diff/share/ament_index/resource_index/package_run_dependencies/rosmaster_driver_diff
-- Up-to-date symlink: /home/raspberrypi/rosmaster/install/rosmaster_driver_diff/share/ament_index/resource_index/parent_prefix_path/rosmaster_driver_diff
-- Up-to-date symlink: /home/raspberrypi/rosmaster/install/rosmaster_driver_diff/share/rosmaster_driver_diff/environment/ament_prefix_path.sh
-- Up-to-date symlink: /home/raspberrypi/rosmaster/install/rosmaster_driver_diff/share/rosmaster_driver_diff/environment/ament_prefix_path.dsv
-- Up-to-date symlink: /home/raspberrypi/rosmaster/install/rosmaster_driver_diff/share/rosmaster_driver_diff/environment/path.sh
-- Up-to-date symlink: /home/raspberrypi/rosmaster/install/rosmaster_driver_diff/share/rosmaster_driver_diff/environment/path.dsv
-- Up-to-date symlink: /home/raspberrypi/rosmaster/install/rosmaster_driver_diff/share/rosmaster_driver_diff/local_setup.bash
-- Up-to-date symlink: /home/raspberrypi/rosmaster/install/rosmaster_driver_diff/share/rosmaster_driver_diff/local_setup.sh
-- Up-to-date symlink: /home/raspberrypi/rosmaster/install/rosmaster_driver_diff/share/rosmaster_driver_diff/local_setup.zsh
-- Up-to-date symlink: /home/raspberrypi/rosmaster/install/rosmaster_driver_diff/share/rosmaster_driver_diff/local_setup.dsv
-- Symlinking: /home/raspberrypi/rosmaster/install/rosmaster_driver_diff/share/rosmaster_driver_diff/package.dsv
-- Up-to-date symlink: /home/raspberrypi/rosmaster/install/rosmaster_driver_diff/share/ament_index/resource_index/packages/rosmaster_driver_diff
-- Up-to-date symlink: /home/raspberrypi/rosmaster/install/rosmaster_driver_diff/share/ament_index/resource_index/hardware_interface__pluginlib__plugin/rosmaster_driver_diff
-- Up-to-date symlink: /home/raspberrypi/rosmaster/install/rosmaster_driver_diff/share/rosmaster_driver_diff/cmake/ament_cmake_export_targets-extras.cmake
-- Up-to-date symlink: /home/raspberrypi/rosmaster/install/rosmaster_driver_diff/share/rosmaster_driver_diff/cmake/ament_cmake_export_dependencies-extras.cmake
-- Up-to-date symlink: /home/raspberrypi/rosmaster/install/rosmaster_driver_diff/share/rosmaster_driver_diff/cmake/rosmaster_driver_diffConfig.cmake
-- Up-to-date symlink: /home/raspberrypi/rosmaster/install/rosmaster_driver_diff/share/rosmaster_driver_diff/cmake/rosmaster_driver_diffConfig-version.cmake
-- Up-to-date symlink: /home/raspberrypi/rosmaster/install/rosmaster_driver_diff/share/rosmaster_driver_diff/package.xml
-- Installing: /home/raspberrypi/rosmaster/install/rosmaster_driver_diff/lib/libdiffdrive_rosmaster.so
-- Set runtime path of "/home/raspberrypi/rosmaster/install/rosmaster_driver_diff/lib/libdiffdrive_rosmaster.so" to ""
-- Up-to-date: /home/raspberrypi/rosmaster/install/rosmaster_driver_diff/share/rosmaster_driver_diff/cmake/export_diffdrive_rosmasterExport.cmake
-- Up-to-date: /home/raspberrypi/rosmaster/install/rosmaster_driver_diff/share/rosmaster_driver_diff/cmake/export_diffdrive_rosmasterExport-noconfig.cmake
