[2.232s] Invoking command in '/home/raspberrypi/rosmaster/build/rosmaster_driver_diff': CMAKE_PREFIX_PATH=/opt/ros/humble /usr/bin/cmake /home/raspberrypi/rosmaster/src/rosmaster_driver_diff -DAMENT_CMAKE_SYMLINK_INSTALL=1 -DCMAKE_INSTALL_PREFIX=/home/raspberrypi/rosmaster/install/rosmaster_driver_diff
[3.566s] -- The CXX compiler identification is GNU 11.4.0
[3.695s] -- Detecting CXX compiler ABI info
[4.588s] -- Detecting CXX compiler ABI info - done
[4.643s] -- Check for working CXX compiler: /usr/bin/c++ - skipped
[4.650s] -- Detecting CXX compile features
[4.659s] -- Detecting CXX compile features - done
[4.736s] -- Found ament_cmake: 1.3.13 (/opt/ros/humble/share/ament_cmake/cmake)
[6.272s] -- Found Python3: /usr/bin/python3 (found version "3.10.12") found components: Interpreter 
[6.980s] -- Override CMake install command with custom implementation using symlinks instead of copying resources
[7.740s] -- Found hardware_interface: 2.53.1 (/opt/ros/humble/share/hardware_interface/cmake)
[8.393s] -- Found rosidl_generator_c: 3.1.8 (/opt/ros/humble/share/rosidl_generator_c/cmake)
[8.483s] -- Found rosidl_adapter: 3.1.8 (/opt/ros/humble/share/rosidl_adapter/cmake)
[8.628s] -- Found rosidl_generator_cpp: 3.1.8 (/opt/ros/humble/share/rosidl_generator_cpp/cmake)
[8.924s] -- Using all available rosidl_typesupport_c: rosidl_typesupport_fastrtps_c;rosidl_typesupport_introspection_c
[9.148s] -- Using all available rosidl_typesupport_cpp: rosidl_typesupport_fastrtps_cpp;rosidl_typesupport_introspection_cpp
[11.544s] -- Found rmw_implementation_cmake: 6.1.2 (/opt/ros/humble/share/rmw_implementation_cmake/cmake)
[11.583s] -- Found rmw_fastrtps_cpp: 6.2.10 (/opt/ros/humble/share/rmw_fastrtps_cpp/cmake)
[11.838s] -- Found TinyXML2 via Config file: TinyXML2_DIR-NOTFOUND
[12.089s] -- Found OpenSSL: /usr/lib/aarch64-linux-gnu/libcrypto.so (found version "3.0.2")  
[12.106s] -- Found TinyXML2 via Config file: TinyXML2_DIR-NOTFOUND
[12.182s] -- Found FastRTPS: /opt/ros/humble/include  
[12.205s] -- Found TinyXML2 via Config file: TinyXML2_DIR-NOTFOUND
[12.248s] -- Found TinyXML2 via Config file: TinyXML2_DIR-NOTFOUND
[12.287s] -- Using RMW implementation 'rmw_fastrtps_cpp' as default
[12.395s] -- Looking for C++ include pthread.h
[12.965s] -- Looking for C++ include pthread.h - found
[12.966s] -- Performing Test CMAKE_HAVE_LIBC_PTHREAD
[13.510s] -- Performing Test CMAKE_HAVE_LIBC_PTHREAD - Success
[13.516s] -- Found Threads: TRUE  
[13.936s] -- Found ament_cmake_gtest: 1.3.13 (/opt/ros/humble/share/ament_cmake_gtest/cmake)
[14.594s] -- Configuring done
[14.834s] -- Generating done
[14.864s] -- Build files have been written to: /home/raspberrypi/rosmaster/build/rosmaster_driver_diff
[14.937s] Invoked command in '/home/raspberrypi/rosmaster/build/rosmaster_driver_diff' returned '0': CMAKE_PREFIX_PATH=/opt/ros/humble /usr/bin/cmake /home/raspberrypi/rosmaster/src/rosmaster_driver_diff -DAMENT_CMAKE_SYMLINK_INSTALL=1 -DCMAKE_INSTALL_PREFIX=/home/raspberrypi/rosmaster/install/rosmaster_driver_diff
[14.939s] Invoking command in '/home/raspberrypi/rosmaster/build/rosmaster_driver_diff': CMAKE_PREFIX_PATH=/opt/ros/humble /usr/bin/cmake --build /home/raspberrypi/rosmaster/build/rosmaster_driver_diff -- -j4 -l4
[15.344s] [ 50%] [32mBuilding CXX object CMakeFiles/diffdrive_rosmaster.dir/src/diffbot_system.cpp.o[0m
