[0.456s] DEBUG:colcon:Command line arguments: ['/usr/bin/colcon', 'build', '--symlink-install']
[0.456s] DEBUG:colcon:Parsed command line arguments: Namespace(log_base=None, log_level=None, verb_name='build', build_base='build', install_base='install', merge_install=False, symlink_install=True, test_result_base=None, continue_on_error=False, executor='parallel', parallel_workers=4, event_handlers=None, ignore_user_meta=False, metas=['./colcon.meta'], base_paths=['.'], packages_ignore=None, packages_ignore_regex=None, paths=None, packages_up_to=None, packages_up_to_regex=None, packages_above=None, packages_above_and_dependencies=None, packages_above_depth=None, packages_select_by_dep=None, packages_skip_by_dep=None, packages_skip_up_to=None, packages_select_build_failed=False, packages_skip_build_finished=False, packages_select_test_failures=False, packages_skip_test_passed=False, packages_select=None, packages_skip=None, packages_select_regex=None, packages_skip_regex=None, packages_start=None, packages_end=None, allow_overriding=[], cmake_args=None, cmake_target=None, cmake_target_skip_unavailable=False, cmake_clean_cache=False, cmake_clean_first=False, cmake_force_configure=False, ament_cmake_args=None, catkin_cmake_args=None, catkin_skip_building_tests=False, mixin_files=None, mixin=None, verb_parser=<colcon_mixin.mixin.mixin_argument.MixinArgumentDecorator object at 0xffffb84812a0>, verb_extension=<colcon_core.verb.build.BuildVerb object at 0xffffb861ac50>, main=<bound method BuildVerb.main of <colcon_core.verb.build.BuildVerb object at 0xffffb861ac50>>, mixin_verb=('build',))
[1.212s] Level 1:colcon.colcon_core.package_discovery:discover_packages(colcon_meta) check parameters
[1.213s] Level 1:colcon.colcon_core.package_discovery:discover_packages(recursive) check parameters
[1.213s] Level 1:colcon.colcon_core.package_discovery:discover_packages(ignore) check parameters
[1.213s] Level 1:colcon.colcon_core.package_discovery:discover_packages(path) check parameters
[1.213s] Level 1:colcon.colcon_core.package_discovery:discover_packages(colcon_meta) discover
[1.213s] Level 1:colcon.colcon_core.package_discovery:discover_packages(recursive) discover
[1.214s] INFO:colcon.colcon_core.package_discovery:Crawling recursively for packages in '/home/raspberrypi/rosmaster'
[1.214s] Level 1:colcon.colcon_core.package_identification:_identify(.) by extensions ['ignore', 'ignore_ament_install']
[1.214s] Level 1:colcon.colcon_core.package_identification:_identify(.) by extension 'ignore'
[1.215s] Level 1:colcon.colcon_core.package_identification:_identify(.) by extension 'ignore_ament_install'
[1.215s] Level 1:colcon.colcon_core.package_identification:_identify(.) by extensions ['colcon_pkg']
[1.215s] Level 1:colcon.colcon_core.package_identification:_identify(.) by extension 'colcon_pkg'
[1.215s] Level 1:colcon.colcon_core.package_identification:_identify(.) by extensions ['colcon_meta']
[1.215s] Level 1:colcon.colcon_core.package_identification:_identify(.) by extension 'colcon_meta'
[1.216s] Level 1:colcon.colcon_core.package_identification:_identify(.) by extensions ['ros']
[1.216s] Level 1:colcon.colcon_core.package_identification:_identify(.) by extension 'ros'
[1.263s] Level 1:colcon.colcon_core.package_identification:_identify(.) by extensions ['cmake', 'python']
[1.263s] Level 1:colcon.colcon_core.package_identification:_identify(.) by extension 'cmake'
[1.264s] Level 1:colcon.colcon_core.package_identification:_identify(.) by extension 'python'
[1.264s] Level 1:colcon.colcon_core.package_identification:_identify(.) by extensions ['python_setup_py']
[1.264s] Level 1:colcon.colcon_core.package_identification:_identify(.) by extension 'python_setup_py'
[1.265s] Level 1:colcon.colcon_core.package_identification:_identify(build) by extensions ['ignore', 'ignore_ament_install']
[1.265s] Level 1:colcon.colcon_core.package_identification:_identify(build) by extension 'ignore'
[1.265s] Level 1:colcon.colcon_core.package_identification:_identify(build) ignored
[1.266s] Level 1:colcon.colcon_core.package_identification:_identify(dep) by extensions ['ignore', 'ignore_ament_install']
[1.266s] Level 1:colcon.colcon_core.package_identification:_identify(dep) by extension 'ignore'
[1.266s] Level 1:colcon.colcon_core.package_identification:_identify(dep) by extension 'ignore_ament_install'
[1.267s] Level 1:colcon.colcon_core.package_identification:_identify(dep) by extensions ['colcon_pkg']
[1.267s] Level 1:colcon.colcon_core.package_identification:_identify(dep) by extension 'colcon_pkg'
[1.267s] Level 1:colcon.colcon_core.package_identification:_identify(dep) by extensions ['colcon_meta']
[1.267s] Level 1:colcon.colcon_core.package_identification:_identify(dep) by extension 'colcon_meta'
[1.267s] Level 1:colcon.colcon_core.package_identification:_identify(dep) by extensions ['ros']
[1.267s] Level 1:colcon.colcon_core.package_identification:_identify(dep) by extension 'ros'
[1.268s] Level 1:colcon.colcon_core.package_identification:_identify(dep) by extensions ['cmake', 'python']
[1.268s] Level 1:colcon.colcon_core.package_identification:_identify(dep) by extension 'cmake'
[1.268s] Level 1:colcon.colcon_core.package_identification:_identify(dep) by extension 'python'
[1.268s] Level 1:colcon.colcon_core.package_identification:_identify(dep) by extensions ['python_setup_py']
[1.268s] Level 1:colcon.colcon_core.package_identification:_identify(dep) by extension 'python_setup_py'
[1.269s] Level 1:colcon.colcon_core.package_identification:_identify(install) by extensions ['ignore', 'ignore_ament_install']
[1.269s] Level 1:colcon.colcon_core.package_identification:_identify(install) by extension 'ignore'
[1.270s] Level 1:colcon.colcon_core.package_identification:_identify(install) ignored
[1.270s] Level 1:colcon.colcon_core.package_identification:_identify(log) by extensions ['ignore', 'ignore_ament_install']
[1.270s] Level 1:colcon.colcon_core.package_identification:_identify(log) by extension 'ignore'
[1.271s] Level 1:colcon.colcon_core.package_identification:_identify(log) ignored
[1.271s] Level 1:colcon.colcon_core.package_identification:_identify(ros2_tools) by extensions ['ignore', 'ignore_ament_install']
[1.271s] Level 1:colcon.colcon_core.package_identification:_identify(ros2_tools) by extension 'ignore'
[1.272s] Level 1:colcon.colcon_core.package_identification:_identify(ros2_tools) by extension 'ignore_ament_install'
[1.272s] Level 1:colcon.colcon_core.package_identification:_identify(ros2_tools) by extensions ['colcon_pkg']
[1.272s] Level 1:colcon.colcon_core.package_identification:_identify(ros2_tools) by extension 'colcon_pkg'
[1.272s] Level 1:colcon.colcon_core.package_identification:_identify(ros2_tools) by extensions ['colcon_meta']
[1.272s] Level 1:colcon.colcon_core.package_identification:_identify(ros2_tools) by extension 'colcon_meta'
[1.272s] Level 1:colcon.colcon_core.package_identification:_identify(ros2_tools) by extensions ['ros']
[1.273s] Level 1:colcon.colcon_core.package_identification:_identify(ros2_tools) by extension 'ros'
[1.273s] Level 1:colcon.colcon_core.package_identification:_identify(ros2_tools) by extensions ['cmake', 'python']
[1.273s] Level 1:colcon.colcon_core.package_identification:_identify(ros2_tools) by extension 'cmake'
[1.273s] Level 1:colcon.colcon_core.package_identification:_identify(ros2_tools) by extension 'python'
[1.273s] Level 1:colcon.colcon_core.package_identification:_identify(ros2_tools) by extensions ['python_setup_py']
[1.274s] Level 1:colcon.colcon_core.package_identification:_identify(ros2_tools) by extension 'python_setup_py'
[1.274s] Level 1:colcon.colcon_core.package_identification:_identify(ros2_tools/files) by extensions ['ignore', 'ignore_ament_install']
[1.274s] Level 1:colcon.colcon_core.package_identification:_identify(ros2_tools/files) by extension 'ignore'
[1.275s] Level 1:colcon.colcon_core.package_identification:_identify(ros2_tools/files) by extension 'ignore_ament_install'
[1.275s] Level 1:colcon.colcon_core.package_identification:_identify(ros2_tools/files) by extensions ['colcon_pkg']
[1.275s] Level 1:colcon.colcon_core.package_identification:_identify(ros2_tools/files) by extension 'colcon_pkg'
[1.275s] Level 1:colcon.colcon_core.package_identification:_identify(ros2_tools/files) by extensions ['colcon_meta']
[1.275s] Level 1:colcon.colcon_core.package_identification:_identify(ros2_tools/files) by extension 'colcon_meta'
[1.276s] Level 1:colcon.colcon_core.package_identification:_identify(ros2_tools/files) by extensions ['ros']
[1.276s] Level 1:colcon.colcon_core.package_identification:_identify(ros2_tools/files) by extension 'ros'
[1.276s] Level 1:colcon.colcon_core.package_identification:_identify(ros2_tools/files) by extensions ['cmake', 'python']
[1.276s] Level 1:colcon.colcon_core.package_identification:_identify(ros2_tools/files) by extension 'cmake'
[1.276s] Level 1:colcon.colcon_core.package_identification:_identify(ros2_tools/files) by extension 'python'
[1.277s] Level 1:colcon.colcon_core.package_identification:_identify(ros2_tools/files) by extensions ['python_setup_py']
[1.277s] Level 1:colcon.colcon_core.package_identification:_identify(ros2_tools/files) by extension 'python_setup_py'
[1.277s] Level 1:colcon.colcon_core.package_identification:_identify(ros2_tools/install) by extensions ['ignore', 'ignore_ament_install']
[1.278s] Level 1:colcon.colcon_core.package_identification:_identify(ros2_tools/install) by extension 'ignore'
[1.278s] Level 1:colcon.colcon_core.package_identification:_identify(ros2_tools/install) by extension 'ignore_ament_install'
[1.278s] Level 1:colcon.colcon_core.package_identification:_identify(ros2_tools/install) by extensions ['colcon_pkg']
[1.278s] Level 1:colcon.colcon_core.package_identification:_identify(ros2_tools/install) by extension 'colcon_pkg'
[1.278s] Level 1:colcon.colcon_core.package_identification:_identify(ros2_tools/install) by extensions ['colcon_meta']
[1.279s] Level 1:colcon.colcon_core.package_identification:_identify(ros2_tools/install) by extension 'colcon_meta'
[1.279s] Level 1:colcon.colcon_core.package_identification:_identify(ros2_tools/install) by extensions ['ros']
[1.279s] Level 1:colcon.colcon_core.package_identification:_identify(ros2_tools/install) by extension 'ros'
[1.279s] Level 1:colcon.colcon_core.package_identification:_identify(ros2_tools/install) by extensions ['cmake', 'python']
[1.279s] Level 1:colcon.colcon_core.package_identification:_identify(ros2_tools/install) by extension 'cmake'
[1.280s] Level 1:colcon.colcon_core.package_identification:_identify(ros2_tools/install) by extension 'python'
[1.280s] Level 1:colcon.colcon_core.package_identification:_identify(ros2_tools/install) by extensions ['python_setup_py']
[1.280s] Level 1:colcon.colcon_core.package_identification:_identify(ros2_tools/install) by extension 'python_setup_py'
[1.280s] Level 1:colcon.colcon_core.package_identification:_identify(src) by extensions ['ignore', 'ignore_ament_install']
[1.281s] Level 1:colcon.colcon_core.package_identification:_identify(src) by extension 'ignore'
[1.281s] Level 1:colcon.colcon_core.package_identification:_identify(src) by extension 'ignore_ament_install'
[1.281s] Level 1:colcon.colcon_core.package_identification:_identify(src) by extensions ['colcon_pkg']
[1.281s] Level 1:colcon.colcon_core.package_identification:_identify(src) by extension 'colcon_pkg'
[1.281s] Level 1:colcon.colcon_core.package_identification:_identify(src) by extensions ['colcon_meta']
[1.282s] Level 1:colcon.colcon_core.package_identification:_identify(src) by extension 'colcon_meta'
[1.282s] Level 1:colcon.colcon_core.package_identification:_identify(src) by extensions ['ros']
[1.282s] Level 1:colcon.colcon_core.package_identification:_identify(src) by extension 'ros'
[1.282s] Level 1:colcon.colcon_core.package_identification:_identify(src) by extensions ['cmake', 'python']
[1.282s] Level 1:colcon.colcon_core.package_identification:_identify(src) by extension 'cmake'
[1.283s] Level 1:colcon.colcon_core.package_identification:_identify(src) by extension 'python'
[1.283s] Level 1:colcon.colcon_core.package_identification:_identify(src) by extensions ['python_setup_py']
[1.283s] Level 1:colcon.colcon_core.package_identification:_identify(src) by extension 'python_setup_py'
[1.283s] Level 1:colcon.colcon_core.package_identification:_identify(src/drive_controls) by extensions ['ignore', 'ignore_ament_install']
[1.284s] Level 1:colcon.colcon_core.package_identification:_identify(src/drive_controls) by extension 'ignore'
[1.284s] Level 1:colcon.colcon_core.package_identification:_identify(src/drive_controls) by extension 'ignore_ament_install'
[1.284s] Level 1:colcon.colcon_core.package_identification:_identify(src/drive_controls) by extensions ['colcon_pkg']
[1.284s] Level 1:colcon.colcon_core.package_identification:_identify(src/drive_controls) by extension 'colcon_pkg'
[1.285s] Level 1:colcon.colcon_core.package_identification:_identify(src/drive_controls) by extensions ['colcon_meta']
[1.285s] Level 1:colcon.colcon_core.package_identification:_identify(src/drive_controls) by extension 'colcon_meta'
[1.285s] Level 1:colcon.colcon_core.package_identification:_identify(src/drive_controls) by extensions ['ros']
[1.285s] Level 1:colcon.colcon_core.package_identification:_identify(src/drive_controls) by extension 'ros'
[1.295s] DEBUG:colcon.colcon_core.package_identification:Package 'src/drive_controls' with type 'ros.ament_python' and name 'drive_controls'
[1.296s] Level 1:colcon.colcon_core.package_identification:_identify(src/rosmaster) by extensions ['ignore', 'ignore_ament_install']
[1.296s] Level 1:colcon.colcon_core.package_identification:_identify(src/rosmaster) by extension 'ignore'
[1.296s] Level 1:colcon.colcon_core.package_identification:_identify(src/rosmaster) by extension 'ignore_ament_install'
[1.297s] Level 1:colcon.colcon_core.package_identification:_identify(src/rosmaster) by extensions ['colcon_pkg']
[1.297s] Level 1:colcon.colcon_core.package_identification:_identify(src/rosmaster) by extension 'colcon_pkg'
[1.297s] Level 1:colcon.colcon_core.package_identification:_identify(src/rosmaster) by extensions ['colcon_meta']
[1.297s] Level 1:colcon.colcon_core.package_identification:_identify(src/rosmaster) by extension 'colcon_meta'
[1.297s] Level 1:colcon.colcon_core.package_identification:_identify(src/rosmaster) by extensions ['ros']
[1.297s] Level 1:colcon.colcon_core.package_identification:_identify(src/rosmaster) by extension 'ros'
[1.299s] DEBUG:colcon.colcon_core.package_identification:Package 'src/rosmaster' with type 'ros.ament_cmake' and name 'rosmaster'
[1.300s] Level 1:colcon.colcon_core.package_identification:_identify(src/rosmaster_driver) by extensions ['ignore', 'ignore_ament_install']
[1.300s] Level 1:colcon.colcon_core.package_identification:_identify(src/rosmaster_driver) by extension 'ignore'
[1.301s] Level 1:colcon.colcon_core.package_identification:_identify(src/rosmaster_driver) by extension 'ignore_ament_install'
[1.301s] Level 1:colcon.colcon_core.package_identification:_identify(src/rosmaster_driver) by extensions ['colcon_pkg']
[1.301s] Level 1:colcon.colcon_core.package_identification:_identify(src/rosmaster_driver) by extension 'colcon_pkg'
[1.301s] Level 1:colcon.colcon_core.package_identification:_identify(src/rosmaster_driver) by extensions ['colcon_meta']
[1.301s] Level 1:colcon.colcon_core.package_identification:_identify(src/rosmaster_driver) by extension 'colcon_meta'
[1.302s] Level 1:colcon.colcon_core.package_identification:_identify(src/rosmaster_driver) by extensions ['ros']
[1.302s] Level 1:colcon.colcon_core.package_identification:_identify(src/rosmaster_driver) by extension 'ros'
[1.306s] DEBUG:colcon.colcon_core.package_identification:Package 'src/rosmaster_driver' with type 'ros.ament_cmake' and name 'rosmaster_driver'
[1.306s] Level 1:colcon.colcon_core.package_identification:_identify(src/rosmaster_driver_diff) by extensions ['ignore', 'ignore_ament_install']
[1.307s] Level 1:colcon.colcon_core.package_identification:_identify(src/rosmaster_driver_diff) by extension 'ignore'
[1.307s] Level 1:colcon.colcon_core.package_identification:_identify(src/rosmaster_driver_diff) by extension 'ignore_ament_install'
[1.307s] Level 1:colcon.colcon_core.package_identification:_identify(src/rosmaster_driver_diff) by extensions ['colcon_pkg']
[1.307s] Level 1:colcon.colcon_core.package_identification:_identify(src/rosmaster_driver_diff) by extension 'colcon_pkg'
[1.308s] Level 1:colcon.colcon_core.package_identification:_identify(src/rosmaster_driver_diff) by extensions ['colcon_meta']
[1.308s] Level 1:colcon.colcon_core.package_identification:_identify(src/rosmaster_driver_diff) by extension 'colcon_meta'
[1.308s] Level 1:colcon.colcon_core.package_identification:_identify(src/rosmaster_driver_diff) by extensions ['ros']
[1.308s] Level 1:colcon.colcon_core.package_identification:_identify(src/rosmaster_driver_diff) by extension 'ros'
[1.312s] DEBUG:colcon.colcon_core.package_identification:Package 'src/rosmaster_driver_diff' with type 'ros.ament_cmake' and name 'rosmaster_driver_diff'
[1.313s] Level 1:colcon.colcon_core.package_discovery:discover_packages(recursive) using defaults
[1.313s] Level 1:colcon.colcon_core.package_discovery:discover_packages(ignore) discover
[1.313s] Level 1:colcon.colcon_core.package_discovery:discover_packages(ignore) using defaults
[1.313s] Level 1:colcon.colcon_core.package_discovery:discover_packages(path) discover
[1.313s] Level 1:colcon.colcon_core.package_discovery:discover_packages(path) using defaults
[1.391s] Level 1:colcon.colcon_core.package_discovery:discover_packages(prefix_path) check parameters
[1.391s] Level 1:colcon.colcon_core.package_discovery:discover_packages(prefix_path) discover
[1.400s] DEBUG:colcon.colcon_installed_package_information.package_discovery:Found 4 installed packages in /home/raspberrypi/rosmaster/install
[1.410s] DEBUG:colcon.colcon_installed_package_information.package_discovery:Found 304 installed packages in /opt/ros/humble
[1.458s] Level 1:colcon.colcon_core.package_discovery:discover_packages(prefix_path) using defaults
[1.625s] Level 5:colcon.colcon_core.verb:set package 'drive_controls' build argument 'cmake_args' from command line to 'None'
[1.625s] Level 5:colcon.colcon_core.verb:set package 'drive_controls' build argument 'cmake_target' from command line to 'None'
[1.626s] Level 5:colcon.colcon_core.verb:set package 'drive_controls' build argument 'cmake_target_skip_unavailable' from command line to 'False'
[1.626s] Level 5:colcon.colcon_core.verb:set package 'drive_controls' build argument 'cmake_clean_cache' from command line to 'False'
[1.626s] Level 5:colcon.colcon_core.verb:set package 'drive_controls' build argument 'cmake_clean_first' from command line to 'False'
[1.626s] Level 5:colcon.colcon_core.verb:set package 'drive_controls' build argument 'cmake_force_configure' from command line to 'False'
[1.626s] Level 5:colcon.colcon_core.verb:set package 'drive_controls' build argument 'ament_cmake_args' from command line to 'None'
[1.626s] Level 5:colcon.colcon_core.verb:set package 'drive_controls' build argument 'catkin_cmake_args' from command line to 'None'
[1.626s] Level 5:colcon.colcon_core.verb:set package 'drive_controls' build argument 'catkin_skip_building_tests' from command line to 'False'
[1.626s] DEBUG:colcon.colcon_core.verb:Building package 'drive_controls' with the following arguments: {'ament_cmake_args': None, 'build_base': '/home/raspberrypi/rosmaster/build/drive_controls', 'catkin_cmake_args': None, 'catkin_skip_building_tests': False, 'cmake_args': None, 'cmake_clean_cache': False, 'cmake_clean_first': False, 'cmake_force_configure': False, 'cmake_target': None, 'cmake_target_skip_unavailable': False, 'install_base': '/home/raspberrypi/rosmaster/install/drive_controls', 'merge_install': False, 'path': '/home/raspberrypi/rosmaster/src/drive_controls', 'symlink_install': True, 'test_result_base': None}
[1.628s] Level 5:colcon.colcon_core.verb:set package 'rosmaster' build argument 'cmake_args' from command line to 'None'
[1.628s] Level 5:colcon.colcon_core.verb:set package 'rosmaster' build argument 'cmake_target' from command line to 'None'
[1.628s] Level 5:colcon.colcon_core.verb:set package 'rosmaster' build argument 'cmake_target_skip_unavailable' from command line to 'False'
[1.628s] Level 5:colcon.colcon_core.verb:set package 'rosmaster' build argument 'cmake_clean_cache' from command line to 'False'
[1.629s] Level 5:colcon.colcon_core.verb:set package 'rosmaster' build argument 'cmake_clean_first' from command line to 'False'
[1.629s] Level 5:colcon.colcon_core.verb:set package 'rosmaster' build argument 'cmake_force_configure' from command line to 'False'
[1.629s] Level 5:colcon.colcon_core.verb:set package 'rosmaster' build argument 'ament_cmake_args' from command line to 'None'
[1.629s] Level 5:colcon.colcon_core.verb:set package 'rosmaster' build argument 'catkin_cmake_args' from command line to 'None'
[1.629s] Level 5:colcon.colcon_core.verb:set package 'rosmaster' build argument 'catkin_skip_building_tests' from command line to 'False'
[1.629s] DEBUG:colcon.colcon_core.verb:Building package 'rosmaster' with the following arguments: {'ament_cmake_args': None, 'build_base': '/home/raspberrypi/rosmaster/build/rosmaster', 'catkin_cmake_args': None, 'catkin_skip_building_tests': False, 'cmake_args': None, 'cmake_clean_cache': False, 'cmake_clean_first': False, 'cmake_force_configure': False, 'cmake_target': None, 'cmake_target_skip_unavailable': False, 'install_base': '/home/raspberrypi/rosmaster/install/rosmaster', 'merge_install': False, 'path': '/home/raspberrypi/rosmaster/src/rosmaster', 'symlink_install': True, 'test_result_base': None}
[1.631s] Level 5:colcon.colcon_core.verb:set package 'rosmaster_driver' build argument 'cmake_args' from command line to 'None'
[1.631s] Level 5:colcon.colcon_core.verb:set package 'rosmaster_driver' build argument 'cmake_target' from command line to 'None'
[1.631s] Level 5:colcon.colcon_core.verb:set package 'rosmaster_driver' build argument 'cmake_target_skip_unavailable' from command line to 'False'
[1.631s] Level 5:colcon.colcon_core.verb:set package 'rosmaster_driver' build argument 'cmake_clean_cache' from command line to 'False'
[1.631s] Level 5:colcon.colcon_core.verb:set package 'rosmaster_driver' build argument 'cmake_clean_first' from command line to 'False'
[1.631s] Level 5:colcon.colcon_core.verb:set package 'rosmaster_driver' build argument 'cmake_force_configure' from command line to 'False'
[1.631s] Level 5:colcon.colcon_core.verb:set package 'rosmaster_driver' build argument 'ament_cmake_args' from command line to 'None'
[1.631s] Level 5:colcon.colcon_core.verb:set package 'rosmaster_driver' build argument 'catkin_cmake_args' from command line to 'None'
[1.631s] Level 5:colcon.colcon_core.verb:set package 'rosmaster_driver' build argument 'catkin_skip_building_tests' from command line to 'False'
[1.632s] DEBUG:colcon.colcon_core.verb:Building package 'rosmaster_driver' with the following arguments: {'ament_cmake_args': None, 'build_base': '/home/raspberrypi/rosmaster/build/rosmaster_driver', 'catkin_cmake_args': None, 'catkin_skip_building_tests': False, 'cmake_args': None, 'cmake_clean_cache': False, 'cmake_clean_first': False, 'cmake_force_configure': False, 'cmake_target': None, 'cmake_target_skip_unavailable': False, 'install_base': '/home/raspberrypi/rosmaster/install/rosmaster_driver', 'merge_install': False, 'path': '/home/raspberrypi/rosmaster/src/rosmaster_driver', 'symlink_install': True, 'test_result_base': None}
[1.633s] Level 5:colcon.colcon_core.verb:set package 'rosmaster_driver_diff' build argument 'cmake_args' from command line to 'None'
[1.633s] Level 5:colcon.colcon_core.verb:set package 'rosmaster_driver_diff' build argument 'cmake_target' from command line to 'None'
[1.633s] Level 5:colcon.colcon_core.verb:set package 'rosmaster_driver_diff' build argument 'cmake_target_skip_unavailable' from command line to 'False'
[1.633s] Level 5:colcon.colcon_core.verb:set package 'rosmaster_driver_diff' build argument 'cmake_clean_cache' from command line to 'False'
[1.634s] Level 5:colcon.colcon_core.verb:set package 'rosmaster_driver_diff' build argument 'cmake_clean_first' from command line to 'False'
[1.634s] Level 5:colcon.colcon_core.verb:set package 'rosmaster_driver_diff' build argument 'cmake_force_configure' from command line to 'False'
[1.634s] Level 5:colcon.colcon_core.verb:set package 'rosmaster_driver_diff' build argument 'ament_cmake_args' from command line to 'None'
[1.634s] Level 5:colcon.colcon_core.verb:set package 'rosmaster_driver_diff' build argument 'catkin_cmake_args' from command line to 'None'
[1.634s] Level 5:colcon.colcon_core.verb:set package 'rosmaster_driver_diff' build argument 'catkin_skip_building_tests' from command line to 'False'
[1.634s] DEBUG:colcon.colcon_core.verb:Building package 'rosmaster_driver_diff' with the following arguments: {'ament_cmake_args': None, 'build_base': '/home/raspberrypi/rosmaster/build/rosmaster_driver_diff', 'catkin_cmake_args': None, 'catkin_skip_building_tests': False, 'cmake_args': None, 'cmake_clean_cache': False, 'cmake_clean_first': False, 'cmake_force_configure': False, 'cmake_target': None, 'cmake_target_skip_unavailable': False, 'install_base': '/home/raspberrypi/rosmaster/install/rosmaster_driver_diff', 'merge_install': False, 'path': '/home/raspberrypi/rosmaster/src/rosmaster_driver_diff', 'symlink_install': True, 'test_result_base': None}
[1.635s] INFO:colcon.colcon_core.executor:Executing jobs using 'parallel' executor
[1.638s] DEBUG:colcon.colcon_parallel_executor.executor.parallel:run_until_complete
[1.639s] INFO:colcon.colcon_ros.task.ament_python.build:Building ROS package in '/home/raspberrypi/rosmaster/src/drive_controls' with build type 'ament_python'
[1.640s] Level 1:colcon.colcon_core.shell:create_environment_hook('drive_controls', 'ament_prefix_path')
[1.650s] INFO:colcon.colcon_core.plugin_system:Skipping extension 'colcon_core.shell.bat': Not used on non-Windows systems
[1.651s] INFO:colcon.colcon_core.shell:Creating environment hook '/home/raspberrypi/rosmaster/install/drive_controls/share/drive_controls/hook/ament_prefix_path.ps1'
[1.654s] INFO:colcon.colcon_core.shell:Creating environment descriptor '/home/raspberrypi/rosmaster/install/drive_controls/share/drive_controls/hook/ament_prefix_path.dsv'
[1.656s] INFO:colcon.colcon_core.shell:Creating environment hook '/home/raspberrypi/rosmaster/install/drive_controls/share/drive_controls/hook/ament_prefix_path.sh'
[1.660s] INFO:colcon.colcon_core.shell:Skip shell extension 'powershell' for command environment: Not usable outside of PowerShell
[1.660s] DEBUG:colcon.colcon_core.shell:Skip shell extension 'dsv' for command environment
[1.680s] INFO:colcon.colcon_ros.task.ament_cmake.build:Building ROS package in '/home/raspberrypi/rosmaster/src/rosmaster' with build type 'ament_cmake'
[1.681s] INFO:colcon.colcon_cmake.task.cmake.build:Building CMake package in '/home/raspberrypi/rosmaster/src/rosmaster'
[1.682s] INFO:colcon.colcon_core.shell:Skip shell extension 'powershell' for command environment: Not usable outside of PowerShell
[1.683s] DEBUG:colcon.colcon_core.shell:Skip shell extension 'dsv' for command environment
[1.704s] INFO:colcon.colcon_ros.task.ament_cmake.build:Building ROS package in '/home/raspberrypi/rosmaster/src/rosmaster_driver' with build type 'ament_cmake'
[1.705s] INFO:colcon.colcon_cmake.task.cmake.build:Building CMake package in '/home/raspberrypi/rosmaster/src/rosmaster_driver'
[1.706s] INFO:colcon.colcon_core.shell:Skip shell extension 'powershell' for command environment: Not usable outside of PowerShell
[1.706s] DEBUG:colcon.colcon_core.shell:Skip shell extension 'dsv' for command environment
[1.728s] INFO:colcon.colcon_ros.task.ament_cmake.build:Building ROS package in '/home/raspberrypi/rosmaster/src/rosmaster_driver_diff' with build type 'ament_cmake'
[1.728s] INFO:colcon.colcon_cmake.task.cmake.build:Building CMake package in '/home/raspberrypi/rosmaster/src/rosmaster_driver_diff'
[1.730s] INFO:colcon.colcon_core.shell:Skip shell extension 'powershell' for command environment: Not usable outside of PowerShell
[1.730s] DEBUG:colcon.colcon_core.shell:Skip shell extension 'dsv' for command environment
[2.895s] INFO:colcon.colcon_core.task.python.build:Building Python package in '/home/raspberrypi/rosmaster/src/drive_controls'
[2.896s] INFO:colcon.colcon_core.shell:Skip shell extension 'powershell' for command environment: Not usable outside of PowerShell
[2.897s] DEBUG:colcon.colcon_core.shell:Skip shell extension 'dsv' for command environment
[2.930s] DEBUG:colcon.colcon_core.event_handler.log_command:Invoking command in '/home/raspberrypi/rosmaster/build/rosmaster': CMAKE_PREFIX_PATH=${CMAKE_PREFIX_PATH}:/home/raspberrypi/rosmaster/install/drive_controls:/opt/ros/humble /usr/bin/cmake --build /home/raspberrypi/rosmaster/build/rosmaster -- -j4 -l4
[2.956s] DEBUG:colcon.colcon_core.event_handler.log_command:Invoking command in '/home/raspberrypi/rosmaster/build/rosmaster_driver': CMAKE_PREFIX_PATH=${CMAKE_PREFIX_PATH}:/home/raspberrypi/rosmaster/install/drive_controls:/opt/ros/humble /usr/bin/cmake --build /home/raspberrypi/rosmaster/build/rosmaster_driver -- -j4 -l4
[2.987s] DEBUG:colcon.colcon_core.event_handler.log_command:Invoking command in '/home/raspberrypi/rosmaster/build/rosmaster_driver_diff': CMAKE_PREFIX_PATH=${CMAKE_PREFIX_PATH}:/home/raspberrypi/rosmaster/install/drive_controls:/opt/ros/humble /usr/bin/cmake --build /home/raspberrypi/rosmaster/build/rosmaster_driver_diff -- -j4 -l4
[3.145s] DEBUG:colcon.colcon_core.event_handler.log_command:Invoked command in '/home/raspberrypi/rosmaster/build/rosmaster' returned '0': CMAKE_PREFIX_PATH=${CMAKE_PREFIX_PATH}:/home/raspberrypi/rosmaster/install/drive_controls:/opt/ros/humble /usr/bin/cmake --build /home/raspberrypi/rosmaster/build/rosmaster -- -j4 -l4
[3.196s] DEBUG:colcon.colcon_core.event_handler.log_command:Invoking command in '/home/raspberrypi/rosmaster/build/rosmaster': CMAKE_PREFIX_PATH=${CMAKE_PREFIX_PATH}:/home/raspberrypi/rosmaster/install/drive_controls:/opt/ros/humble /usr/bin/cmake --install /home/raspberrypi/rosmaster/build/rosmaster
[3.201s] DEBUG:colcon.colcon_core.event_handler.log_command:Invoked command in '/home/raspberrypi/rosmaster/build/rosmaster_driver' returned '0': CMAKE_PREFIX_PATH=${CMAKE_PREFIX_PATH}:/home/raspberrypi/rosmaster/install/drive_controls:/opt/ros/humble /usr/bin/cmake --build /home/raspberrypi/rosmaster/build/rosmaster_driver -- -j4 -l4
[3.203s] WARNING:colcon.colcon_cmake.task.cmake.build:Could not run installation step for package 'rosmaster_driver' because it has no 'install' target
[3.205s] Level 1:colcon.colcon_core.environment:create_environment_scripts_only(rosmaster_driver)
[3.223s] Level 1:colcon.colcon_core.environment:checking '/home/raspberrypi/rosmaster/install/rosmaster_driver' for CMake module files
[3.226s] Level 1:colcon.colcon_core.environment:checking '/home/raspberrypi/rosmaster/install/rosmaster_driver' for CMake config files
[3.230s] Level 1:colcon.colcon_core.environment:checking '/home/raspberrypi/rosmaster/install/rosmaster_driver/bin'
[3.232s] Level 1:colcon.colcon_core.environment:checking '/home/raspberrypi/rosmaster/install/rosmaster_driver/lib/pkgconfig/rosmaster_driver.pc'
[3.238s] Level 1:colcon.colcon_core.environment:checking '/home/raspberrypi/rosmaster/install/rosmaster_driver/lib/python3.10/site-packages'
[3.241s] Level 1:colcon.colcon_core.environment:checking '/home/raspberrypi/rosmaster/install/rosmaster_driver/bin'
[3.243s] INFO:colcon.colcon_core.shell:Creating package script '/home/raspberrypi/rosmaster/install/rosmaster_driver/share/rosmaster_driver/package.ps1'
[3.260s] INFO:colcon.colcon_core.shell:Creating package descriptor '/home/raspberrypi/rosmaster/install/rosmaster_driver/share/rosmaster_driver/package.dsv'
[3.263s] INFO:colcon.colcon_core.shell:Creating package script '/home/raspberrypi/rosmaster/install/rosmaster_driver/share/rosmaster_driver/package.sh'
[3.285s] INFO:colcon.colcon_core.shell:Creating package script '/home/raspberrypi/rosmaster/install/rosmaster_driver/share/rosmaster_driver/package.bash'
[3.294s] INFO:colcon.colcon_core.shell:Creating package script '/home/raspberrypi/rosmaster/install/rosmaster_driver/share/rosmaster_driver/package.zsh'
[3.298s] Level 1:colcon.colcon_core.environment:create_file_with_runtime_dependencies(/home/raspberrypi/rosmaster/install/rosmaster_driver/share/colcon-core/packages/rosmaster_driver)
[3.301s] Level 1:colcon.colcon_core.environment:create_environment_scripts_only(rosmaster_driver)
[3.302s] Level 1:colcon.colcon_core.environment:checking '/home/raspberrypi/rosmaster/install/rosmaster_driver' for CMake module files
[3.305s] Level 1:colcon.colcon_core.environment:checking '/home/raspberrypi/rosmaster/install/rosmaster_driver' for CMake config files
[3.307s] Level 1:colcon.colcon_core.environment:checking '/home/raspberrypi/rosmaster/install/rosmaster_driver/bin'
[3.307s] Level 1:colcon.colcon_core.environment:checking '/home/raspberrypi/rosmaster/install/rosmaster_driver/lib/pkgconfig/rosmaster_driver.pc'
[3.309s] Level 1:colcon.colcon_core.environment:checking '/home/raspberrypi/rosmaster/install/rosmaster_driver/lib/python3.10/site-packages'
[3.311s] Level 1:colcon.colcon_core.environment:checking '/home/raspberrypi/rosmaster/install/rosmaster_driver/bin'
[3.312s] INFO:colcon.colcon_core.shell:Creating package script '/home/raspberrypi/rosmaster/install/rosmaster_driver/share/rosmaster_driver/package.ps1'
[3.315s] INFO:colcon.colcon_core.shell:Creating package descriptor '/home/raspberrypi/rosmaster/install/rosmaster_driver/share/rosmaster_driver/package.dsv'
[3.317s] INFO:colcon.colcon_core.shell:Creating package script '/home/raspberrypi/rosmaster/install/rosmaster_driver/share/rosmaster_driver/package.sh'
[3.320s] INFO:colcon.colcon_core.shell:Creating package script '/home/raspberrypi/rosmaster/install/rosmaster_driver/share/rosmaster_driver/package.bash'
[3.323s] INFO:colcon.colcon_core.shell:Creating package script '/home/raspberrypi/rosmaster/install/rosmaster_driver/share/rosmaster_driver/package.zsh'
[3.326s] Level 1:colcon.colcon_core.environment:create_file_with_runtime_dependencies(/home/raspberrypi/rosmaster/install/rosmaster_driver/share/colcon-core/packages/rosmaster_driver)
[3.344s] Level 1:colcon.colcon_core.environment:create_environment_scripts_only(rosmaster)
[3.346s] Level 1:colcon.colcon_core.environment:checking '/home/raspberrypi/rosmaster/install/rosmaster' for CMake module files
[3.348s] DEBUG:colcon.colcon_core.event_handler.log_command:Invoked command in '/home/raspberrypi/rosmaster/build/rosmaster' returned '0': CMAKE_PREFIX_PATH=${CMAKE_PREFIX_PATH}:/home/raspberrypi/rosmaster/install/drive_controls:/opt/ros/humble /usr/bin/cmake --install /home/raspberrypi/rosmaster/build/rosmaster
[3.351s] Level 1:colcon.colcon_core.environment:checking '/home/raspberrypi/rosmaster/install/rosmaster' for CMake config files
[3.354s] Level 1:colcon.colcon_core.shell:create_environment_hook('rosmaster', 'cmake_prefix_path')
[3.356s] INFO:colcon.colcon_core.shell:Creating environment hook '/home/raspberrypi/rosmaster/install/rosmaster/share/rosmaster/hook/cmake_prefix_path.ps1'
[3.359s] INFO:colcon.colcon_core.shell:Creating environment descriptor '/home/raspberrypi/rosmaster/install/rosmaster/share/rosmaster/hook/cmake_prefix_path.dsv'
[3.362s] INFO:colcon.colcon_core.shell:Creating environment hook '/home/raspberrypi/rosmaster/install/rosmaster/share/rosmaster/hook/cmake_prefix_path.sh'
[3.369s] Level 1:colcon.colcon_core.environment:checking '/home/raspberrypi/rosmaster/install/rosmaster/bin'
[3.369s] Level 1:colcon.colcon_core.environment:checking '/home/raspberrypi/rosmaster/install/rosmaster/lib/pkgconfig/rosmaster.pc'
[3.370s] Level 1:colcon.colcon_core.environment:checking '/home/raspberrypi/rosmaster/install/rosmaster/lib/python3.10/site-packages'
[3.374s] Level 1:colcon.colcon_core.environment:checking '/home/raspberrypi/rosmaster/install/rosmaster/bin'
[3.376s] INFO:colcon.colcon_core.shell:Creating package script '/home/raspberrypi/rosmaster/install/rosmaster/share/rosmaster/package.ps1'
[3.379s] INFO:colcon.colcon_core.shell:Creating package descriptor '/home/raspberrypi/rosmaster/install/rosmaster/share/rosmaster/package.dsv'
[3.382s] INFO:colcon.colcon_core.shell:Creating package script '/home/raspberrypi/rosmaster/install/rosmaster/share/rosmaster/package.sh'
[3.385s] INFO:colcon.colcon_core.shell:Creating package script '/home/raspberrypi/rosmaster/install/rosmaster/share/rosmaster/package.bash'
[3.387s] INFO:colcon.colcon_core.shell:Creating package script '/home/raspberrypi/rosmaster/install/rosmaster/share/rosmaster/package.zsh'
[3.390s] Level 1:colcon.colcon_core.environment:create_file_with_runtime_dependencies(/home/raspberrypi/rosmaster/install/rosmaster/share/colcon-core/packages/rosmaster)
[3.394s] Level 1:colcon.colcon_core.environment:create_environment_scripts_only(rosmaster)
[3.396s] Level 1:colcon.colcon_core.environment:checking '/home/raspberrypi/rosmaster/install/rosmaster' for CMake module files
[3.400s] Level 1:colcon.colcon_core.environment:checking '/home/raspberrypi/rosmaster/install/rosmaster' for CMake config files
[3.402s] Level 1:colcon.colcon_core.shell:create_environment_hook('rosmaster', 'cmake_prefix_path')
[3.404s] INFO:colcon.colcon_core.shell:Creating environment hook '/home/raspberrypi/rosmaster/install/rosmaster/share/rosmaster/hook/cmake_prefix_path.ps1'
[3.407s] INFO:colcon.colcon_core.shell:Creating environment descriptor '/home/raspberrypi/rosmaster/install/rosmaster/share/rosmaster/hook/cmake_prefix_path.dsv'
[3.411s] INFO:colcon.colcon_core.shell:Creating environment hook '/home/raspberrypi/rosmaster/install/rosmaster/share/rosmaster/hook/cmake_prefix_path.sh'
[3.417s] Level 1:colcon.colcon_core.environment:checking '/home/raspberrypi/rosmaster/install/rosmaster/bin'
[3.418s] Level 1:colcon.colcon_core.environment:checking '/home/raspberrypi/rosmaster/install/rosmaster/lib/pkgconfig/rosmaster.pc'
[3.419s] Level 1:colcon.colcon_core.environment:checking '/home/raspberrypi/rosmaster/install/rosmaster/lib/python3.10/site-packages'
[3.422s] Level 1:colcon.colcon_core.environment:checking '/home/raspberrypi/rosmaster/install/rosmaster/bin'
[3.423s] INFO:colcon.colcon_core.shell:Creating package script '/home/raspberrypi/rosmaster/install/rosmaster/share/rosmaster/package.ps1'
[3.427s] INFO:colcon.colcon_core.shell:Creating package descriptor '/home/raspberrypi/rosmaster/install/rosmaster/share/rosmaster/package.dsv'
[3.431s] INFO:colcon.colcon_core.shell:Creating package script '/home/raspberrypi/rosmaster/install/rosmaster/share/rosmaster/package.sh'
[3.436s] INFO:colcon.colcon_core.shell:Creating package script '/home/raspberrypi/rosmaster/install/rosmaster/share/rosmaster/package.bash'
[3.440s] INFO:colcon.colcon_core.shell:Creating package script '/home/raspberrypi/rosmaster/install/rosmaster/share/rosmaster/package.zsh'
[3.444s] Level 1:colcon.colcon_core.environment:create_file_with_runtime_dependencies(/home/raspberrypi/rosmaster/install/rosmaster/share/colcon-core/packages/rosmaster)
[3.454s] DEBUG:colcon.colcon_core.event_handler.log_command:Invoked command in '/home/raspberrypi/rosmaster/build/rosmaster_driver_diff' returned '0': CMAKE_PREFIX_PATH=${CMAKE_PREFIX_PATH}:/home/raspberrypi/rosmaster/install/drive_controls:/opt/ros/humble /usr/bin/cmake --build /home/raspberrypi/rosmaster/build/rosmaster_driver_diff -- -j4 -l4
[3.463s] DEBUG:colcon.colcon_core.event_handler.log_command:Invoking command in '/home/raspberrypi/rosmaster/build/rosmaster_driver_diff': CMAKE_PREFIX_PATH=${CMAKE_PREFIX_PATH}:/home/raspberrypi/rosmaster/install/drive_controls:/opt/ros/humble /usr/bin/cmake --install /home/raspberrypi/rosmaster/build/rosmaster_driver_diff
[3.634s] Level 1:colcon.colcon_core.environment:create_environment_scripts_only(rosmaster_driver_diff)
[3.635s] Level 1:colcon.colcon_core.environment:checking '/home/raspberrypi/rosmaster/install/rosmaster_driver_diff' for CMake module files
[3.637s] DEBUG:colcon.colcon_core.event_handler.log_command:Invoked command in '/home/raspberrypi/rosmaster/build/rosmaster_driver_diff' returned '0': CMAKE_PREFIX_PATH=${CMAKE_PREFIX_PATH}:/home/raspberrypi/rosmaster/install/drive_controls:/opt/ros/humble /usr/bin/cmake --install /home/raspberrypi/rosmaster/build/rosmaster_driver_diff
[3.640s] Level 1:colcon.colcon_core.environment:checking '/home/raspberrypi/rosmaster/install/rosmaster_driver_diff' for CMake config files
[3.642s] Level 1:colcon.colcon_core.shell:create_environment_hook('rosmaster_driver_diff', 'cmake_prefix_path')
[3.643s] INFO:colcon.colcon_core.shell:Creating environment hook '/home/raspberrypi/rosmaster/install/rosmaster_driver_diff/share/rosmaster_driver_diff/hook/cmake_prefix_path.ps1'
[3.646s] INFO:colcon.colcon_core.shell:Creating environment descriptor '/home/raspberrypi/rosmaster/install/rosmaster_driver_diff/share/rosmaster_driver_diff/hook/cmake_prefix_path.dsv'
[3.648s] INFO:colcon.colcon_core.shell:Creating environment hook '/home/raspberrypi/rosmaster/install/rosmaster_driver_diff/share/rosmaster_driver_diff/hook/cmake_prefix_path.sh'
[3.651s] Level 1:colcon.colcon_core.environment:checking '/home/raspberrypi/rosmaster/install/rosmaster_driver_diff/lib'
[3.652s] Level 1:colcon.colcon_core.shell:create_environment_hook('rosmaster_driver_diff', 'ld_library_path_lib')
[3.653s] INFO:colcon.colcon_core.shell:Creating environment hook '/home/raspberrypi/rosmaster/install/rosmaster_driver_diff/share/rosmaster_driver_diff/hook/ld_library_path_lib.ps1'
[3.655s] INFO:colcon.colcon_core.shell:Creating environment descriptor '/home/raspberrypi/rosmaster/install/rosmaster_driver_diff/share/rosmaster_driver_diff/hook/ld_library_path_lib.dsv'
[3.657s] INFO:colcon.colcon_core.shell:Creating environment hook '/home/raspberrypi/rosmaster/install/rosmaster_driver_diff/share/rosmaster_driver_diff/hook/ld_library_path_lib.sh'
[3.660s] Level 1:colcon.colcon_core.environment:checking '/home/raspberrypi/rosmaster/install/rosmaster_driver_diff/bin'
[3.660s] Level 1:colcon.colcon_core.environment:checking '/home/raspberrypi/rosmaster/install/rosmaster_driver_diff/lib/pkgconfig/rosmaster_driver_diff.pc'
[3.661s] Level 1:colcon.colcon_core.environment:checking '/home/raspberrypi/rosmaster/install/rosmaster_driver_diff/lib/python3.10/site-packages'
[3.663s] Level 1:colcon.colcon_core.environment:checking '/home/raspberrypi/rosmaster/install/rosmaster_driver_diff/bin'
[3.665s] INFO:colcon.colcon_core.shell:Creating package script '/home/raspberrypi/rosmaster/install/rosmaster_driver_diff/share/rosmaster_driver_diff/package.ps1'
[3.668s] INFO:colcon.colcon_core.shell:Creating package descriptor '/home/raspberrypi/rosmaster/install/rosmaster_driver_diff/share/rosmaster_driver_diff/package.dsv'
[3.670s] INFO:colcon.colcon_core.shell:Creating package script '/home/raspberrypi/rosmaster/install/rosmaster_driver_diff/share/rosmaster_driver_diff/package.sh'
[3.673s] INFO:colcon.colcon_core.shell:Creating package script '/home/raspberrypi/rosmaster/install/rosmaster_driver_diff/share/rosmaster_driver_diff/package.bash'
[3.676s] INFO:colcon.colcon_core.shell:Creating package script '/home/raspberrypi/rosmaster/install/rosmaster_driver_diff/share/rosmaster_driver_diff/package.zsh'
[3.678s] Level 1:colcon.colcon_core.environment:create_file_with_runtime_dependencies(/home/raspberrypi/rosmaster/install/rosmaster_driver_diff/share/colcon-core/packages/rosmaster_driver_diff)
[3.681s] Level 1:colcon.colcon_core.environment:create_environment_scripts_only(rosmaster_driver_diff)
[3.682s] Level 1:colcon.colcon_core.environment:checking '/home/raspberrypi/rosmaster/install/rosmaster_driver_diff' for CMake module files
[3.685s] Level 1:colcon.colcon_core.environment:checking '/home/raspberrypi/rosmaster/install/rosmaster_driver_diff' for CMake config files
[3.687s] Level 1:colcon.colcon_core.shell:create_environment_hook('rosmaster_driver_diff', 'cmake_prefix_path')
[3.688s] INFO:colcon.colcon_core.shell:Creating environment hook '/home/raspberrypi/rosmaster/install/rosmaster_driver_diff/share/rosmaster_driver_diff/hook/cmake_prefix_path.ps1'
[3.691s] INFO:colcon.colcon_core.shell:Creating environment descriptor '/home/raspberrypi/rosmaster/install/rosmaster_driver_diff/share/rosmaster_driver_diff/hook/cmake_prefix_path.dsv'
[3.693s] INFO:colcon.colcon_core.shell:Creating environment hook '/home/raspberrypi/rosmaster/install/rosmaster_driver_diff/share/rosmaster_driver_diff/hook/cmake_prefix_path.sh'
[3.696s] Level 1:colcon.colcon_core.environment:checking '/home/raspberrypi/rosmaster/install/rosmaster_driver_diff/lib'
[3.697s] Level 1:colcon.colcon_core.shell:create_environment_hook('rosmaster_driver_diff', 'ld_library_path_lib')
[3.698s] INFO:colcon.colcon_core.shell:Creating environment hook '/home/raspberrypi/rosmaster/install/rosmaster_driver_diff/share/rosmaster_driver_diff/hook/ld_library_path_lib.ps1'
[3.700s] INFO:colcon.colcon_core.shell:Creating environment descriptor '/home/raspberrypi/rosmaster/install/rosmaster_driver_diff/share/rosmaster_driver_diff/hook/ld_library_path_lib.dsv'
[3.702s] INFO:colcon.colcon_core.shell:Creating environment hook '/home/raspberrypi/rosmaster/install/rosmaster_driver_diff/share/rosmaster_driver_diff/hook/ld_library_path_lib.sh'
[3.705s] Level 1:colcon.colcon_core.environment:checking '/home/raspberrypi/rosmaster/install/rosmaster_driver_diff/bin'
[3.705s] Level 1:colcon.colcon_core.environment:checking '/home/raspberrypi/rosmaster/install/rosmaster_driver_diff/lib/pkgconfig/rosmaster_driver_diff.pc'
[3.706s] Level 1:colcon.colcon_core.environment:checking '/home/raspberrypi/rosmaster/install/rosmaster_driver_diff/lib/python3.10/site-packages'
[3.707s] Level 1:colcon.colcon_core.environment:checking '/home/raspberrypi/rosmaster/install/rosmaster_driver_diff/bin'
[3.709s] INFO:colcon.colcon_core.shell:Creating package script '/home/raspberrypi/rosmaster/install/rosmaster_driver_diff/share/rosmaster_driver_diff/package.ps1'
[3.712s] INFO:colcon.colcon_core.shell:Creating package descriptor '/home/raspberrypi/rosmaster/install/rosmaster_driver_diff/share/rosmaster_driver_diff/package.dsv'
[3.714s] INFO:colcon.colcon_core.shell:Creating package script '/home/raspberrypi/rosmaster/install/rosmaster_driver_diff/share/rosmaster_driver_diff/package.sh'
[3.717s] INFO:colcon.colcon_core.shell:Creating package script '/home/raspberrypi/rosmaster/install/rosmaster_driver_diff/share/rosmaster_driver_diff/package.bash'
[3.719s] INFO:colcon.colcon_core.shell:Creating package script '/home/raspberrypi/rosmaster/install/rosmaster_driver_diff/share/rosmaster_driver_diff/package.zsh'
[3.722s] Level 1:colcon.colcon_core.environment:create_file_with_runtime_dependencies(/home/raspberrypi/rosmaster/install/rosmaster_driver_diff/share/colcon-core/packages/rosmaster_driver_diff)
[4.874s] DEBUG:colcon.colcon_core.event_handler.log_command:Invoking command in '/home/raspberrypi/rosmaster/build/drive_controls': PYTHONPATH=/home/raspberrypi/rosmaster/build/drive_controls/prefix_override:/usr/lib/python3/dist-packages/colcon_core/task/python/colcon_distutils_commands:/home/raspberrypi/rosmaster/install/drive_controls/lib/python3.10/site-packages:${PYTHONPATH} /usr/bin/python3 -W ignore:setup.py install is deprecated -W ignore:easy_install command is deprecated setup.py develop --editable --build-directory /home/raspberrypi/rosmaster/build/drive_controls/build --no-deps symlink_data
[6.891s] Level 1:colcon.colcon_core.shell:create_environment_hook('drive_controls', 'pythonpath_develop')
[6.892s] INFO:colcon.colcon_core.shell:Creating environment hook '/home/raspberrypi/rosmaster/build/drive_controls/share/drive_controls/hook/pythonpath_develop.ps1'
[6.893s] DEBUG:colcon.colcon_core.event_handler.log_command:Invoked command in '/home/raspberrypi/rosmaster/build/drive_controls' returned '0': PYTHONPATH=/home/raspberrypi/rosmaster/build/drive_controls/prefix_override:/usr/lib/python3/dist-packages/colcon_core/task/python/colcon_distutils_commands:/home/raspberrypi/rosmaster/install/drive_controls/lib/python3.10/site-packages:${PYTHONPATH} /usr/bin/python3 -W ignore:setup.py install is deprecated -W ignore:easy_install command is deprecated setup.py develop --editable --build-directory /home/raspberrypi/rosmaster/build/drive_controls/build --no-deps symlink_data
[6.895s] INFO:colcon.colcon_core.shell:Creating environment descriptor '/home/raspberrypi/rosmaster/build/drive_controls/share/drive_controls/hook/pythonpath_develop.dsv'
[6.898s] INFO:colcon.colcon_core.shell:Creating environment hook '/home/raspberrypi/rosmaster/build/drive_controls/share/drive_controls/hook/pythonpath_develop.sh'
[6.901s] Level 1:colcon.colcon_core.environment:checking '/home/raspberrypi/rosmaster/install/drive_controls' for CMake module files
[6.904s] Level 1:colcon.colcon_core.environment:checking '/home/raspberrypi/rosmaster/install/drive_controls' for CMake config files
[6.909s] Level 1:colcon.colcon_core.environment:checking '/home/raspberrypi/rosmaster/install/drive_controls/lib'
[6.909s] Level 1:colcon.colcon_core.environment:checking '/home/raspberrypi/rosmaster/install/drive_controls/bin'
[6.910s] Level 1:colcon.colcon_core.environment:checking '/home/raspberrypi/rosmaster/install/drive_controls/lib/pkgconfig/drive_controls.pc'
[6.910s] Level 1:colcon.colcon_core.environment:checking '/home/raspberrypi/rosmaster/install/drive_controls/lib/python3.10/site-packages'
[6.911s] Level 1:colcon.colcon_core.shell:create_environment_hook('drive_controls', 'pythonpath')
[6.912s] INFO:colcon.colcon_core.shell:Creating environment hook '/home/raspberrypi/rosmaster/install/drive_controls/share/drive_controls/hook/pythonpath.ps1'
[6.914s] INFO:colcon.colcon_core.shell:Creating environment descriptor '/home/raspberrypi/rosmaster/install/drive_controls/share/drive_controls/hook/pythonpath.dsv'
[6.916s] INFO:colcon.colcon_core.shell:Creating environment hook '/home/raspberrypi/rosmaster/install/drive_controls/share/drive_controls/hook/pythonpath.sh'
[6.919s] Level 1:colcon.colcon_core.environment:checking '/home/raspberrypi/rosmaster/install/drive_controls/bin'
[6.920s] Level 1:colcon.colcon_core.environment:create_environment_scripts_only(drive_controls)
[6.921s] INFO:colcon.colcon_core.shell:Creating package script '/home/raspberrypi/rosmaster/install/drive_controls/share/drive_controls/package.ps1'
[6.924s] INFO:colcon.colcon_core.shell:Creating package descriptor '/home/raspberrypi/rosmaster/install/drive_controls/share/drive_controls/package.dsv'
[6.927s] INFO:colcon.colcon_core.shell:Creating package script '/home/raspberrypi/rosmaster/install/drive_controls/share/drive_controls/package.sh'
[6.929s] INFO:colcon.colcon_core.shell:Creating package script '/home/raspberrypi/rosmaster/install/drive_controls/share/drive_controls/package.bash'
[6.931s] INFO:colcon.colcon_core.shell:Creating package script '/home/raspberrypi/rosmaster/install/drive_controls/share/drive_controls/package.zsh'
[6.933s] Level 1:colcon.colcon_core.environment:create_file_with_runtime_dependencies(/home/raspberrypi/rosmaster/install/drive_controls/share/colcon-core/packages/drive_controls)
[6.934s] DEBUG:colcon.colcon_parallel_executor.executor.parallel:closing loop
[6.936s] DEBUG:colcon.colcon_parallel_executor.executor.parallel:loop closed
[6.936s] DEBUG:colcon.colcon_parallel_executor.executor.parallel:run_until_complete finished with '0'
[6.937s] DEBUG:colcon.colcon_core.event_reactor:joining thread
[6.959s] INFO:colcon.colcon_core.plugin_system:Skipping extension 'colcon_notification.desktop_notification.notify_send': Could not find 'notify-send'
[6.960s] INFO:colcon.colcon_core.plugin_system:Skipping extension 'colcon_notification.desktop_notification.terminal_notifier': Not used on non-Darwin systems
[6.960s] INFO:colcon.colcon_core.plugin_system:Skipping extension 'colcon_notification.desktop_notification.win32': Not used on non-Windows systems
[6.960s] INFO:colcon.colcon_notification.desktop_notification:Sending desktop notification using 'notify2'
[6.964s] DEBUG:colcon.colcon_notification.desktop_notification.notify2:Failed to initialize notify2: org.freedesktop.DBus.Error.ServiceUnknown: The name org.freedesktop.Notifications was not provided by any .service files
[6.964s] DEBUG:colcon.colcon_core.event_reactor:joined thread
[6.965s] INFO:colcon.colcon_core.shell:Creating prefix script '/home/raspberrypi/rosmaster/install/local_setup.ps1'
[6.969s] INFO:colcon.colcon_core.shell:Creating prefix util module '/home/raspberrypi/rosmaster/install/_local_setup_util_ps1.py'
[6.976s] INFO:colcon.colcon_core.shell:Creating prefix chain script '/home/raspberrypi/rosmaster/install/setup.ps1'
[6.981s] INFO:colcon.colcon_core.shell:Creating prefix script '/home/raspberrypi/rosmaster/install/local_setup.sh'
[6.984s] INFO:colcon.colcon_core.shell:Creating prefix util module '/home/raspberrypi/rosmaster/install/_local_setup_util_sh.py'
[6.987s] INFO:colcon.colcon_core.shell:Creating prefix chain script '/home/raspberrypi/rosmaster/install/setup.sh'
[6.993s] INFO:colcon.colcon_core.shell:Creating prefix script '/home/raspberrypi/rosmaster/install/local_setup.bash'
[6.995s] INFO:colcon.colcon_core.shell:Creating prefix chain script '/home/raspberrypi/rosmaster/install/setup.bash'
[7.000s] INFO:colcon.colcon_core.shell:Creating prefix script '/home/raspberrypi/rosmaster/install/local_setup.zsh'
[7.003s] INFO:colcon.colcon_core.shell:Creating prefix chain script '/home/raspberrypi/rosmaster/install/setup.zsh'
