[1.283s] Invoking command in '/home/raspberrypi/rosmaster/build/rosmaster': CMAKE_PREFIX_PATH=/opt/ros/humble /usr/bin/cmake /home/raspberrypi/rosmaster/src/rosmaster -DAMENT_CMAKE_SYMLINK_INSTALL=1 -DCMAKE_INSTALL_PREFIX=/home/raspberrypi/rosmaster/install/rosmaster
[2.199s] -- The C compiler identification is GNU 11.4.0
[2.974s] -- The CXX compiler identification is GNU 11.4.0
[3.038s] -- Detecting C compiler ABI info
[3.808s] -- Detecting C compiler ABI info - done
[3.888s] -- Check for working C compiler: /usr/bin/cc - skipped
[3.889s] -- Detecting C compile features
[3.892s] -- Detecting C compile features - done
[3.940s] -- Detecting CXX compiler ABI info
[4.884s] -- Detecting CXX compiler ABI info - done
[4.952s] -- Check for working CXX compiler: /usr/bin/c++ - skipped
[4.954s] -- Detecting CXX compile features
[4.957s] -- Detecting CXX compile features - done
[5.058s] -- Found ament_cmake: 1.3.13 (/opt/ros/humble/share/ament_cmake/cmake)
[6.933s] -- Found Python3: /usr/bin/python3 (found version "3.10.12") found components: Interpreter 
[7.624s] -- Override CMake install command with custom implementation using symlinks instead of copying resources
[8.162s] -- Found ament_lint_auto: 0.12.15 (/opt/ros/humble/share/ament_lint_auto/cmake)
[9.021s] -- Added test 'flake8' to check Python code syntax and style conventions
[9.027s] -- Added test 'lint_cmake' to check CMake code style
[9.032s] -- Added test 'pep257' to check Python code against some of the docstring style conventions in PEP 257
[9.051s] -- Added test 'xmllint' to check XML markup files
[9.082s] -- Configuring done
[9.160s] -- Generating done
[9.185s] -- Build files have been written to: /home/raspberrypi/rosmaster/build/rosmaster
[9.210s] Invoked command in '/home/raspberrypi/rosmaster/build/rosmaster' returned '0': CMAKE_PREFIX_PATH=/opt/ros/humble /usr/bin/cmake /home/raspberrypi/rosmaster/src/rosmaster -DAMENT_CMAKE_SYMLINK_INSTALL=1 -DCMAKE_INSTALL_PREFIX=/home/raspberrypi/rosmaster/install/rosmaster
[9.212s] Invoking command in '/home/raspberrypi/rosmaster/build/rosmaster': CMAKE_PREFIX_PATH=/opt/ros/humble /usr/bin/cmake --build /home/raspberrypi/rosmaster/build/rosmaster -- -j4 -l4
[9.442s] Invoked command in '/home/raspberrypi/rosmaster/build/rosmaster' returned '0': CMAKE_PREFIX_PATH=/opt/ros/humble /usr/bin/cmake --build /home/raspberrypi/rosmaster/build/rosmaster -- -j4 -l4
[9.486s] Invoking command in '/home/raspberrypi/rosmaster/build/rosmaster': CMAKE_PREFIX_PATH=/opt/ros/humble /usr/bin/cmake --install /home/raspberrypi/rosmaster/build/rosmaster
[9.528s] -- Install configuration: ""
[9.532s] -- Execute custom install script
[9.537s] -- Symlinking: /home/raspberrypi/rosmaster/install/rosmaster/share/rosmaster/config/gazebo_params.yaml
[9.589s] -- Symlinking: /home/raspberrypi/rosmaster/install/rosmaster/share/rosmaster/config/mecanum_controllers.yaml
[9.665s] -- Symlinking: /home/raspberrypi/rosmaster/install/rosmaster/share/rosmaster/config/my_controllers.yaml
[9.736s] -- Symlinking: /home/raspberrypi/rosmaster/install/rosmaster/share/rosmaster/config/twist_mux.yaml
[9.843s] -- Symlinking: /home/raspberrypi/rosmaster/install/rosmaster/share/rosmaster/description/inertial_macros.xacro
[9.936s] -- Symlinking: /home/raspberrypi/rosmaster/install/rosmaster/share/rosmaster/description/robot.urdf.xacro
[9.974s] -- Symlinking: /home/raspberrypi/rosmaster/install/rosmaster/share/rosmaster/description/ros2_control.xacro
[10.017s] -- Symlinking: /home/raspberrypi/rosmaster/install/rosmaster/share/rosmaster/description/rosmaster_core.xacro
[10.059s] -- Symlinking: /home/raspberrypi/rosmaster/install/rosmaster/share/rosmaster/launch/launch_robot.launch.py
[10.132s] -- Symlinking: /home/raspberrypi/rosmaster/install/rosmaster/share/rosmaster/launch/launch_sim.launch.py
[10.214s] -- Symlinking: /home/raspberrypi/rosmaster/install/rosmaster/share/rosmaster/launch/mecanum_control.launch.py
[10.301s] -- Symlinking: /home/raspberrypi/rosmaster/install/rosmaster/share/rosmaster/launch/rsp.launch.py
[10.393s] -- Symlinking: /home/raspberrypi/rosmaster/install/rosmaster/share/rosmaster/worlds/empty.world
[10.442s] -- Symlinking: /home/raspberrypi/rosmaster/install/rosmaster/share/ament_index/resource_index/package_run_dependencies/rosmaster
[10.501s] -- Symlinking: /home/raspberrypi/rosmaster/install/rosmaster/share/ament_index/resource_index/parent_prefix_path/rosmaster
[10.560s] -- Symlinking: /home/raspberrypi/rosmaster/install/rosmaster/share/rosmaster/environment/ament_prefix_path.sh
[10.607s] -- Symlinking: /home/raspberrypi/rosmaster/install/rosmaster/share/rosmaster/environment/ament_prefix_path.dsv
[10.668s] -- Symlinking: /home/raspberrypi/rosmaster/install/rosmaster/share/rosmaster/environment/path.sh
[10.753s] -- Symlinking: /home/raspberrypi/rosmaster/install/rosmaster/share/rosmaster/environment/path.dsv
[10.793s] -- Symlinking: /home/raspberrypi/rosmaster/install/rosmaster/share/rosmaster/local_setup.bash
[10.833s] -- Symlinking: /home/raspberrypi/rosmaster/install/rosmaster/share/rosmaster/local_setup.sh
[10.884s] -- Symlinking: /home/raspberrypi/rosmaster/install/rosmaster/share/rosmaster/local_setup.zsh
[10.938s] -- Symlinking: /home/raspberrypi/rosmaster/install/rosmaster/share/rosmaster/local_setup.dsv
[10.986s] -- Symlinking: /home/raspberrypi/rosmaster/install/rosmaster/share/rosmaster/package.dsv
[11.040s] -- Symlinking: /home/raspberrypi/rosmaster/install/rosmaster/share/ament_index/resource_index/packages/rosmaster
[11.084s] -- Symlinking: /home/raspberrypi/rosmaster/install/rosmaster/share/rosmaster/cmake/rosmasterConfig.cmake
[11.125s] -- Symlinking: /home/raspberrypi/rosmaster/install/rosmaster/share/rosmaster/cmake/rosmasterConfig-version.cmake
[11.173s] -- Symlinking: /home/raspberrypi/rosmaster/install/rosmaster/share/rosmaster/package.xml
[11.242s] Invoked command in '/home/raspberrypi/rosmaster/build/rosmaster' returned '0': CMAKE_PREFIX_PATH=/opt/ros/humble /usr/bin/cmake --install /home/raspberrypi/rosmaster/build/rosmaster
