[0.670s] DEBUG:colcon:Command line arguments: ['/usr/bin/colcon', 'build', '--symlink-install']
[0.671s] DEBUG:colcon:Parsed command line arguments: Namespace(log_base=None, log_level=None, verb_name='build', build_base='build', install_base='install', merge_install=False, symlink_install=True, test_result_base=None, continue_on_error=False, executor='parallel', parallel_workers=4, event_handlers=None, ignore_user_meta=False, metas=['./colcon.meta'], base_paths=['.'], packages_ignore=None, packages_ignore_regex=None, paths=None, packages_up_to=None, packages_up_to_regex=None, packages_above=None, packages_above_and_dependencies=None, packages_above_depth=None, packages_select_by_dep=None, packages_skip_by_dep=None, packages_skip_up_to=None, packages_select_build_failed=False, packages_skip_build_finished=False, packages_select_test_failures=False, packages_skip_test_passed=False, packages_select=None, packages_skip=None, packages_select_regex=None, packages_skip_regex=None, packages_start=None, packages_end=None, allow_overriding=[], cmake_args=None, cmake_target=None, cmake_target_skip_unavailable=False, cmake_clean_cache=False, cmake_clean_first=False, cmake_force_configure=False, ament_cmake_args=None, catkin_cmake_args=None, catkin_skip_building_tests=False, mixin_files=None, mixin=None, verb_parser=<colcon_mixin.mixin.mixin_argument.MixinArgumentDecorator object at 0xffffb6e912a0>, verb_extension=<colcon_core.verb.build.BuildVerb object at 0xffffb700ac50>, main=<bound method BuildVerb.main of <colcon_core.verb.build.BuildVerb object at 0xffffb700ac50>>, mixin_verb=('build',))
[1.702s] Level 1:colcon.colcon_core.package_discovery:discover_packages(colcon_meta) check parameters
[1.703s] Level 1:colcon.colcon_core.package_discovery:discover_packages(recursive) check parameters
[1.703s] Level 1:colcon.colcon_core.package_discovery:discover_packages(ignore) check parameters
[1.703s] Level 1:colcon.colcon_core.package_discovery:discover_packages(path) check parameters
[1.703s] Level 1:colcon.colcon_core.package_discovery:discover_packages(colcon_meta) discover
[1.704s] Level 1:colcon.colcon_core.package_discovery:discover_packages(recursive) discover
[1.704s] INFO:colcon.colcon_core.package_discovery:Crawling recursively for packages in '/home/raspberrypi/rosmaster'
[1.705s] Level 1:colcon.colcon_core.package_identification:_identify(.) by extensions ['ignore', 'ignore_ament_install']
[1.705s] Level 1:colcon.colcon_core.package_identification:_identify(.) by extension 'ignore'
[1.706s] Level 1:colcon.colcon_core.package_identification:_identify(.) by extension 'ignore_ament_install'
[1.706s] Level 1:colcon.colcon_core.package_identification:_identify(.) by extensions ['colcon_pkg']
[1.707s] Level 1:colcon.colcon_core.package_identification:_identify(.) by extension 'colcon_pkg'
[1.707s] Level 1:colcon.colcon_core.package_identification:_identify(.) by extensions ['colcon_meta']
[1.708s] Level 1:colcon.colcon_core.package_identification:_identify(.) by extension 'colcon_meta'
[1.708s] Level 1:colcon.colcon_core.package_identification:_identify(.) by extensions ['ros']
[1.708s] Level 1:colcon.colcon_core.package_identification:_identify(.) by extension 'ros'
[1.771s] Level 1:colcon.colcon_core.package_identification:_identify(.) by extensions ['cmake', 'python']
[1.771s] Level 1:colcon.colcon_core.package_identification:_identify(.) by extension 'cmake'
[1.771s] Level 1:colcon.colcon_core.package_identification:_identify(.) by extension 'python'
[1.771s] Level 1:colcon.colcon_core.package_identification:_identify(.) by extensions ['python_setup_py']
[1.771s] Level 1:colcon.colcon_core.package_identification:_identify(.) by extension 'python_setup_py'
[1.772s] Level 1:colcon.colcon_core.package_identification:_identify(build) by extensions ['ignore', 'ignore_ament_install']
[1.773s] Level 1:colcon.colcon_core.package_identification:_identify(build) by extension 'ignore'
[1.773s] Level 1:colcon.colcon_core.package_identification:_identify(build) ignored
[1.773s] Level 1:colcon.colcon_core.package_identification:_identify(dep) by extensions ['ignore', 'ignore_ament_install']
[1.774s] Level 1:colcon.colcon_core.package_identification:_identify(dep) by extension 'ignore'
[1.774s] Level 1:colcon.colcon_core.package_identification:_identify(dep) by extension 'ignore_ament_install'
[1.774s] Level 1:colcon.colcon_core.package_identification:_identify(dep) by extensions ['colcon_pkg']
[1.774s] Level 1:colcon.colcon_core.package_identification:_identify(dep) by extension 'colcon_pkg'
[1.775s] Level 1:colcon.colcon_core.package_identification:_identify(dep) by extensions ['colcon_meta']
[1.775s] Level 1:colcon.colcon_core.package_identification:_identify(dep) by extension 'colcon_meta'
[1.775s] Level 1:colcon.colcon_core.package_identification:_identify(dep) by extensions ['ros']
[1.776s] Level 1:colcon.colcon_core.package_identification:_identify(dep) by extension 'ros'
[1.776s] Level 1:colcon.colcon_core.package_identification:_identify(dep) by extensions ['cmake', 'python']
[1.777s] Level 1:colcon.colcon_core.package_identification:_identify(dep) by extension 'cmake'
[1.777s] Level 1:colcon.colcon_core.package_identification:_identify(dep) by extension 'python'
[1.778s] Level 1:colcon.colcon_core.package_identification:_identify(dep) by extensions ['python_setup_py']
[1.778s] Level 1:colcon.colcon_core.package_identification:_identify(dep) by extension 'python_setup_py'
[1.779s] Level 1:colcon.colcon_core.package_identification:_identify(install) by extensions ['ignore', 'ignore_ament_install']
[1.780s] Level 1:colcon.colcon_core.package_identification:_identify(install) by extension 'ignore'
[1.780s] Level 1:colcon.colcon_core.package_identification:_identify(install) ignored
[1.781s] Level 1:colcon.colcon_core.package_identification:_identify(log) by extensions ['ignore', 'ignore_ament_install']
[1.782s] Level 1:colcon.colcon_core.package_identification:_identify(log) by extension 'ignore'
[1.782s] Level 1:colcon.colcon_core.package_identification:_identify(log) ignored
[1.783s] Level 1:colcon.colcon_core.package_identification:_identify(ros2_tools) by extensions ['ignore', 'ignore_ament_install']
[1.783s] Level 1:colcon.colcon_core.package_identification:_identify(ros2_tools) by extension 'ignore'
[1.784s] Level 1:colcon.colcon_core.package_identification:_identify(ros2_tools) by extension 'ignore_ament_install'
[1.784s] Level 1:colcon.colcon_core.package_identification:_identify(ros2_tools) by extensions ['colcon_pkg']
[1.784s] Level 1:colcon.colcon_core.package_identification:_identify(ros2_tools) by extension 'colcon_pkg'
[1.785s] Level 1:colcon.colcon_core.package_identification:_identify(ros2_tools) by extensions ['colcon_meta']
[1.785s] Level 1:colcon.colcon_core.package_identification:_identify(ros2_tools) by extension 'colcon_meta'
[1.785s] Level 1:colcon.colcon_core.package_identification:_identify(ros2_tools) by extensions ['ros']
[1.785s] Level 1:colcon.colcon_core.package_identification:_identify(ros2_tools) by extension 'ros'
[1.786s] Level 1:colcon.colcon_core.package_identification:_identify(ros2_tools) by extensions ['cmake', 'python']
[1.786s] Level 1:colcon.colcon_core.package_identification:_identify(ros2_tools) by extension 'cmake'
[1.786s] Level 1:colcon.colcon_core.package_identification:_identify(ros2_tools) by extension 'python'
[1.787s] Level 1:colcon.colcon_core.package_identification:_identify(ros2_tools) by extensions ['python_setup_py']
[1.787s] Level 1:colcon.colcon_core.package_identification:_identify(ros2_tools) by extension 'python_setup_py'
[1.787s] Level 1:colcon.colcon_core.package_identification:_identify(ros2_tools/files) by extensions ['ignore', 'ignore_ament_install']
[1.788s] Level 1:colcon.colcon_core.package_identification:_identify(ros2_tools/files) by extension 'ignore'
[1.788s] Level 1:colcon.colcon_core.package_identification:_identify(ros2_tools/files) by extension 'ignore_ament_install'
[1.788s] Level 1:colcon.colcon_core.package_identification:_identify(ros2_tools/files) by extensions ['colcon_pkg']
[1.789s] Level 1:colcon.colcon_core.package_identification:_identify(ros2_tools/files) by extension 'colcon_pkg'
[1.789s] Level 1:colcon.colcon_core.package_identification:_identify(ros2_tools/files) by extensions ['colcon_meta']
[1.789s] Level 1:colcon.colcon_core.package_identification:_identify(ros2_tools/files) by extension 'colcon_meta'
[1.789s] Level 1:colcon.colcon_core.package_identification:_identify(ros2_tools/files) by extensions ['ros']
[1.789s] Level 1:colcon.colcon_core.package_identification:_identify(ros2_tools/files) by extension 'ros'
[1.790s] Level 1:colcon.colcon_core.package_identification:_identify(ros2_tools/files) by extensions ['cmake', 'python']
[1.790s] Level 1:colcon.colcon_core.package_identification:_identify(ros2_tools/files) by extension 'cmake'
[1.790s] Level 1:colcon.colcon_core.package_identification:_identify(ros2_tools/files) by extension 'python'
[1.790s] Level 1:colcon.colcon_core.package_identification:_identify(ros2_tools/files) by extensions ['python_setup_py']
[1.791s] Level 1:colcon.colcon_core.package_identification:_identify(ros2_tools/files) by extension 'python_setup_py'
[1.791s] Level 1:colcon.colcon_core.package_identification:_identify(ros2_tools/install) by extensions ['ignore', 'ignore_ament_install']
[1.791s] Level 1:colcon.colcon_core.package_identification:_identify(ros2_tools/install) by extension 'ignore'
[1.792s] Level 1:colcon.colcon_core.package_identification:_identify(ros2_tools/install) by extension 'ignore_ament_install'
[1.792s] Level 1:colcon.colcon_core.package_identification:_identify(ros2_tools/install) by extensions ['colcon_pkg']
[1.792s] Level 1:colcon.colcon_core.package_identification:_identify(ros2_tools/install) by extension 'colcon_pkg'
[1.792s] Level 1:colcon.colcon_core.package_identification:_identify(ros2_tools/install) by extensions ['colcon_meta']
[1.792s] Level 1:colcon.colcon_core.package_identification:_identify(ros2_tools/install) by extension 'colcon_meta'
[1.793s] Level 1:colcon.colcon_core.package_identification:_identify(ros2_tools/install) by extensions ['ros']
[1.793s] Level 1:colcon.colcon_core.package_identification:_identify(ros2_tools/install) by extension 'ros'
[1.793s] Level 1:colcon.colcon_core.package_identification:_identify(ros2_tools/install) by extensions ['cmake', 'python']
[1.794s] Level 1:colcon.colcon_core.package_identification:_identify(ros2_tools/install) by extension 'cmake'
[1.794s] Level 1:colcon.colcon_core.package_identification:_identify(ros2_tools/install) by extension 'python'
[1.794s] Level 1:colcon.colcon_core.package_identification:_identify(ros2_tools/install) by extensions ['python_setup_py']
[1.794s] Level 1:colcon.colcon_core.package_identification:_identify(ros2_tools/install) by extension 'python_setup_py'
[1.795s] Level 1:colcon.colcon_core.package_identification:_identify(src) by extensions ['ignore', 'ignore_ament_install']
[1.795s] Level 1:colcon.colcon_core.package_identification:_identify(src) by extension 'ignore'
[1.795s] Level 1:colcon.colcon_core.package_identification:_identify(src) by extension 'ignore_ament_install'
[1.796s] Level 1:colcon.colcon_core.package_identification:_identify(src) by extensions ['colcon_pkg']
[1.796s] Level 1:colcon.colcon_core.package_identification:_identify(src) by extension 'colcon_pkg'
[1.796s] Level 1:colcon.colcon_core.package_identification:_identify(src) by extensions ['colcon_meta']
[1.796s] Level 1:colcon.colcon_core.package_identification:_identify(src) by extension 'colcon_meta'
[1.796s] Level 1:colcon.colcon_core.package_identification:_identify(src) by extensions ['ros']
[1.796s] Level 1:colcon.colcon_core.package_identification:_identify(src) by extension 'ros'
[1.797s] Level 1:colcon.colcon_core.package_identification:_identify(src) by extensions ['cmake', 'python']
[1.797s] Level 1:colcon.colcon_core.package_identification:_identify(src) by extension 'cmake'
[1.797s] Level 1:colcon.colcon_core.package_identification:_identify(src) by extension 'python'
[1.797s] Level 1:colcon.colcon_core.package_identification:_identify(src) by extensions ['python_setup_py']
[1.797s] Level 1:colcon.colcon_core.package_identification:_identify(src) by extension 'python_setup_py'
[1.798s] Level 1:colcon.colcon_core.package_identification:_identify(src/drive_controls) by extensions ['ignore', 'ignore_ament_install']
[1.799s] Level 1:colcon.colcon_core.package_identification:_identify(src/drive_controls) by extension 'ignore'
[1.799s] Level 1:colcon.colcon_core.package_identification:_identify(src/drive_controls) by extension 'ignore_ament_install'
[1.799s] Level 1:colcon.colcon_core.package_identification:_identify(src/drive_controls) by extensions ['colcon_pkg']
[1.799s] Level 1:colcon.colcon_core.package_identification:_identify(src/drive_controls) by extension 'colcon_pkg'
[1.799s] Level 1:colcon.colcon_core.package_identification:_identify(src/drive_controls) by extensions ['colcon_meta']
[1.800s] Level 1:colcon.colcon_core.package_identification:_identify(src/drive_controls) by extension 'colcon_meta'
[1.800s] Level 1:colcon.colcon_core.package_identification:_identify(src/drive_controls) by extensions ['ros']
[1.800s] Level 1:colcon.colcon_core.package_identification:_identify(src/drive_controls) by extension 'ros'
[1.810s] DEBUG:colcon.colcon_core.package_identification:Package 'src/drive_controls' with type 'ros.ament_python' and name 'drive_controls'
[1.811s] Level 1:colcon.colcon_core.package_identification:_identify(src/rosmaster) by extensions ['ignore', 'ignore_ament_install']
[1.811s] Level 1:colcon.colcon_core.package_identification:_identify(src/rosmaster) by extension 'ignore'
[1.812s] Level 1:colcon.colcon_core.package_identification:_identify(src/rosmaster) by extension 'ignore_ament_install'
[1.812s] Level 1:colcon.colcon_core.package_identification:_identify(src/rosmaster) by extensions ['colcon_pkg']
[1.812s] Level 1:colcon.colcon_core.package_identification:_identify(src/rosmaster) by extension 'colcon_pkg'
[1.812s] Level 1:colcon.colcon_core.package_identification:_identify(src/rosmaster) by extensions ['colcon_meta']
[1.813s] Level 1:colcon.colcon_core.package_identification:_identify(src/rosmaster) by extension 'colcon_meta'
[1.813s] Level 1:colcon.colcon_core.package_identification:_identify(src/rosmaster) by extensions ['ros']
[1.813s] Level 1:colcon.colcon_core.package_identification:_identify(src/rosmaster) by extension 'ros'
[1.815s] DEBUG:colcon.colcon_core.package_identification:Package 'src/rosmaster' with type 'ros.ament_cmake' and name 'rosmaster'
[1.816s] Level 1:colcon.colcon_core.package_identification:_identify(src/rosmaster_driver) by extensions ['ignore', 'ignore_ament_install']
[1.817s] Level 1:colcon.colcon_core.package_identification:_identify(src/rosmaster_driver) by extension 'ignore'
[1.817s] Level 1:colcon.colcon_core.package_identification:_identify(src/rosmaster_driver) by extension 'ignore_ament_install'
[1.817s] Level 1:colcon.colcon_core.package_identification:_identify(src/rosmaster_driver) by extensions ['colcon_pkg']
[1.817s] Level 1:colcon.colcon_core.package_identification:_identify(src/rosmaster_driver) by extension 'colcon_pkg'
[1.818s] Level 1:colcon.colcon_core.package_identification:_identify(src/rosmaster_driver) by extensions ['colcon_meta']
[1.818s] Level 1:colcon.colcon_core.package_identification:_identify(src/rosmaster_driver) by extension 'colcon_meta'
[1.818s] Level 1:colcon.colcon_core.package_identification:_identify(src/rosmaster_driver) by extensions ['ros']
[1.818s] Level 1:colcon.colcon_core.package_identification:_identify(src/rosmaster_driver) by extension 'ros'
[1.823s] DEBUG:colcon.colcon_core.package_identification:Package 'src/rosmaster_driver' with type 'ros.ament_cmake' and name 'rosmaster_driver'
[1.823s] Level 1:colcon.colcon_core.package_identification:_identify(src/rosmaster_driver_diff) by extensions ['ignore', 'ignore_ament_install']
[1.824s] Level 1:colcon.colcon_core.package_identification:_identify(src/rosmaster_driver_diff) by extension 'ignore'
[1.824s] Level 1:colcon.colcon_core.package_identification:_identify(src/rosmaster_driver_diff) by extension 'ignore_ament_install'
[1.825s] Level 1:colcon.colcon_core.package_identification:_identify(src/rosmaster_driver_diff) by extensions ['colcon_pkg']
[1.825s] Level 1:colcon.colcon_core.package_identification:_identify(src/rosmaster_driver_diff) by extension 'colcon_pkg'
[1.825s] Level 1:colcon.colcon_core.package_identification:_identify(src/rosmaster_driver_diff) by extensions ['colcon_meta']
[1.825s] Level 1:colcon.colcon_core.package_identification:_identify(src/rosmaster_driver_diff) by extension 'colcon_meta'
[1.826s] Level 1:colcon.colcon_core.package_identification:_identify(src/rosmaster_driver_diff) by extensions ['ros']
[1.826s] Level 1:colcon.colcon_core.package_identification:_identify(src/rosmaster_driver_diff) by extension 'ros'
[1.831s] DEBUG:colcon.colcon_core.package_identification:Package 'src/rosmaster_driver_diff' with type 'ros.ament_cmake' and name 'rosmaster_driver_diff'
[1.831s] Level 1:colcon.colcon_core.package_discovery:discover_packages(recursive) using defaults
[1.831s] Level 1:colcon.colcon_core.package_discovery:discover_packages(ignore) discover
[1.831s] Level 1:colcon.colcon_core.package_discovery:discover_packages(ignore) using defaults
[1.831s] Level 1:colcon.colcon_core.package_discovery:discover_packages(path) discover
[1.832s] Level 1:colcon.colcon_core.package_discovery:discover_packages(path) using defaults
[1.924s] Level 1:colcon.colcon_core.package_discovery:discover_packages(prefix_path) check parameters
[1.924s] Level 1:colcon.colcon_core.package_discovery:discover_packages(prefix_path) discover
[1.937s] DEBUG:colcon.colcon_installed_package_information.package_discovery:Found 4 installed packages in /home/raspberrypi/rosmaster/install
[1.948s] DEBUG:colcon.colcon_installed_package_information.package_discovery:Found 304 installed packages in /opt/ros/humble
[2.011s] Level 1:colcon.colcon_core.package_discovery:discover_packages(prefix_path) using defaults
[2.236s] Level 5:colcon.colcon_core.verb:set package 'drive_controls' build argument 'cmake_args' from command line to 'None'
[2.237s] Level 5:colcon.colcon_core.verb:set package 'drive_controls' build argument 'cmake_target' from command line to 'None'
[2.237s] Level 5:colcon.colcon_core.verb:set package 'drive_controls' build argument 'cmake_target_skip_unavailable' from command line to 'False'
[2.237s] Level 5:colcon.colcon_core.verb:set package 'drive_controls' build argument 'cmake_clean_cache' from command line to 'False'
[2.237s] Level 5:colcon.colcon_core.verb:set package 'drive_controls' build argument 'cmake_clean_first' from command line to 'False'
[2.237s] Level 5:colcon.colcon_core.verb:set package 'drive_controls' build argument 'cmake_force_configure' from command line to 'False'
[2.237s] Level 5:colcon.colcon_core.verb:set package 'drive_controls' build argument 'ament_cmake_args' from command line to 'None'
[2.237s] Level 5:colcon.colcon_core.verb:set package 'drive_controls' build argument 'catkin_cmake_args' from command line to 'None'
[2.238s] Level 5:colcon.colcon_core.verb:set package 'drive_controls' build argument 'catkin_skip_building_tests' from command line to 'False'
[2.238s] DEBUG:colcon.colcon_core.verb:Building package 'drive_controls' with the following arguments: {'ament_cmake_args': None, 'build_base': '/home/raspberrypi/rosmaster/build/drive_controls', 'catkin_cmake_args': None, 'catkin_skip_building_tests': False, 'cmake_args': None, 'cmake_clean_cache': False, 'cmake_clean_first': False, 'cmake_force_configure': False, 'cmake_target': None, 'cmake_target_skip_unavailable': False, 'install_base': '/home/raspberrypi/rosmaster/install/drive_controls', 'merge_install': False, 'path': '/home/raspberrypi/rosmaster/src/drive_controls', 'symlink_install': True, 'test_result_base': None}
[2.240s] Level 5:colcon.colcon_core.verb:set package 'rosmaster' build argument 'cmake_args' from command line to 'None'
[2.240s] Level 5:colcon.colcon_core.verb:set package 'rosmaster' build argument 'cmake_target' from command line to 'None'
[2.240s] Level 5:colcon.colcon_core.verb:set package 'rosmaster' build argument 'cmake_target_skip_unavailable' from command line to 'False'
[2.241s] Level 5:colcon.colcon_core.verb:set package 'rosmaster' build argument 'cmake_clean_cache' from command line to 'False'
[2.241s] Level 5:colcon.colcon_core.verb:set package 'rosmaster' build argument 'cmake_clean_first' from command line to 'False'
[2.241s] Level 5:colcon.colcon_core.verb:set package 'rosmaster' build argument 'cmake_force_configure' from command line to 'False'
[2.241s] Level 5:colcon.colcon_core.verb:set package 'rosmaster' build argument 'ament_cmake_args' from command line to 'None'
[2.241s] Level 5:colcon.colcon_core.verb:set package 'rosmaster' build argument 'catkin_cmake_args' from command line to 'None'
[2.241s] Level 5:colcon.colcon_core.verb:set package 'rosmaster' build argument 'catkin_skip_building_tests' from command line to 'False'
[2.241s] DEBUG:colcon.colcon_core.verb:Building package 'rosmaster' with the following arguments: {'ament_cmake_args': None, 'build_base': '/home/raspberrypi/rosmaster/build/rosmaster', 'catkin_cmake_args': None, 'catkin_skip_building_tests': False, 'cmake_args': None, 'cmake_clean_cache': False, 'cmake_clean_first': False, 'cmake_force_configure': False, 'cmake_target': None, 'cmake_target_skip_unavailable': False, 'install_base': '/home/raspberrypi/rosmaster/install/rosmaster', 'merge_install': False, 'path': '/home/raspberrypi/rosmaster/src/rosmaster', 'symlink_install': True, 'test_result_base': None}
[2.243s] Level 5:colcon.colcon_core.verb:set package 'rosmaster_driver' build argument 'cmake_args' from command line to 'None'
[2.244s] Level 5:colcon.colcon_core.verb:set package 'rosmaster_driver' build argument 'cmake_target' from command line to 'None'
[2.244s] Level 5:colcon.colcon_core.verb:set package 'rosmaster_driver' build argument 'cmake_target_skip_unavailable' from command line to 'False'
[2.244s] Level 5:colcon.colcon_core.verb:set package 'rosmaster_driver' build argument 'cmake_clean_cache' from command line to 'False'
[2.244s] Level 5:colcon.colcon_core.verb:set package 'rosmaster_driver' build argument 'cmake_clean_first' from command line to 'False'
[2.244s] Level 5:colcon.colcon_core.verb:set package 'rosmaster_driver' build argument 'cmake_force_configure' from command line to 'False'
[2.245s] Level 5:colcon.colcon_core.verb:set package 'rosmaster_driver' build argument 'ament_cmake_args' from command line to 'None'
[2.245s] Level 5:colcon.colcon_core.verb:set package 'rosmaster_driver' build argument 'catkin_cmake_args' from command line to 'None'
[2.245s] Level 5:colcon.colcon_core.verb:set package 'rosmaster_driver' build argument 'catkin_skip_building_tests' from command line to 'False'
[2.245s] DEBUG:colcon.colcon_core.verb:Building package 'rosmaster_driver' with the following arguments: {'ament_cmake_args': None, 'build_base': '/home/raspberrypi/rosmaster/build/rosmaster_driver', 'catkin_cmake_args': None, 'catkin_skip_building_tests': False, 'cmake_args': None, 'cmake_clean_cache': False, 'cmake_clean_first': False, 'cmake_force_configure': False, 'cmake_target': None, 'cmake_target_skip_unavailable': False, 'install_base': '/home/raspberrypi/rosmaster/install/rosmaster_driver', 'merge_install': False, 'path': '/home/raspberrypi/rosmaster/src/rosmaster_driver', 'symlink_install': True, 'test_result_base': None}
[2.247s] Level 5:colcon.colcon_core.verb:set package 'rosmaster_driver_diff' build argument 'cmake_args' from command line to 'None'
[2.247s] Level 5:colcon.colcon_core.verb:set package 'rosmaster_driver_diff' build argument 'cmake_target' from command line to 'None'
[2.247s] Level 5:colcon.colcon_core.verb:set package 'rosmaster_driver_diff' build argument 'cmake_target_skip_unavailable' from command line to 'False'
[2.247s] Level 5:colcon.colcon_core.verb:set package 'rosmaster_driver_diff' build argument 'cmake_clean_cache' from command line to 'False'
[2.247s] Level 5:colcon.colcon_core.verb:set package 'rosmaster_driver_diff' build argument 'cmake_clean_first' from command line to 'False'
[2.247s] Level 5:colcon.colcon_core.verb:set package 'rosmaster_driver_diff' build argument 'cmake_force_configure' from command line to 'False'
[2.247s] Level 5:colcon.colcon_core.verb:set package 'rosmaster_driver_diff' build argument 'ament_cmake_args' from command line to 'None'
[2.248s] Level 5:colcon.colcon_core.verb:set package 'rosmaster_driver_diff' build argument 'catkin_cmake_args' from command line to 'None'
[2.248s] Level 5:colcon.colcon_core.verb:set package 'rosmaster_driver_diff' build argument 'catkin_skip_building_tests' from command line to 'False'
[2.248s] DEBUG:colcon.colcon_core.verb:Building package 'rosmaster_driver_diff' with the following arguments: {'ament_cmake_args': None, 'build_base': '/home/raspberrypi/rosmaster/build/rosmaster_driver_diff', 'catkin_cmake_args': None, 'catkin_skip_building_tests': False, 'cmake_args': None, 'cmake_clean_cache': False, 'cmake_clean_first': False, 'cmake_force_configure': False, 'cmake_target': None, 'cmake_target_skip_unavailable': False, 'install_base': '/home/raspberrypi/rosmaster/install/rosmaster_driver_diff', 'merge_install': False, 'path': '/home/raspberrypi/rosmaster/src/rosmaster_driver_diff', 'symlink_install': True, 'test_result_base': None}
[2.249s] INFO:colcon.colcon_core.executor:Executing jobs using 'parallel' executor
[2.252s] DEBUG:colcon.colcon_parallel_executor.executor.parallel:run_until_complete
[2.253s] INFO:colcon.colcon_ros.task.ament_python.build:Building ROS package in '/home/raspberrypi/rosmaster/src/drive_controls' with build type 'ament_python'
[2.254s] Level 1:colcon.colcon_core.shell:create_environment_hook('drive_controls', 'ament_prefix_path')
[2.265s] INFO:colcon.colcon_core.plugin_system:Skipping extension 'colcon_core.shell.bat': Not used on non-Windows systems
[2.267s] INFO:colcon.colcon_core.shell:Creating environment hook '/home/raspberrypi/rosmaster/install/drive_controls/share/drive_controls/hook/ament_prefix_path.ps1'
[2.270s] INFO:colcon.colcon_core.shell:Creating environment descriptor '/home/raspberrypi/rosmaster/install/drive_controls/share/drive_controls/hook/ament_prefix_path.dsv'
[2.273s] INFO:colcon.colcon_core.shell:Creating environment hook '/home/raspberrypi/rosmaster/install/drive_controls/share/drive_controls/hook/ament_prefix_path.sh'
[2.277s] INFO:colcon.colcon_core.shell:Skip shell extension 'powershell' for command environment: Not usable outside of PowerShell
[2.277s] DEBUG:colcon.colcon_core.shell:Skip shell extension 'dsv' for command environment
[2.299s] INFO:colcon.colcon_ros.task.ament_cmake.build:Building ROS package in '/home/raspberrypi/rosmaster/src/rosmaster' with build type 'ament_cmake'
[2.301s] INFO:colcon.colcon_cmake.task.cmake.build:Building CMake package in '/home/raspberrypi/rosmaster/src/rosmaster'
[2.302s] INFO:colcon.colcon_core.shell:Skip shell extension 'powershell' for command environment: Not usable outside of PowerShell
[2.303s] DEBUG:colcon.colcon_core.shell:Skip shell extension 'dsv' for command environment
[2.326s] INFO:colcon.colcon_ros.task.ament_cmake.build:Building ROS package in '/home/raspberrypi/rosmaster/src/rosmaster_driver' with build type 'ament_cmake'
[2.328s] INFO:colcon.colcon_cmake.task.cmake.build:Building CMake package in '/home/raspberrypi/rosmaster/src/rosmaster_driver'
[2.329s] INFO:colcon.colcon_core.shell:Skip shell extension 'powershell' for command environment: Not usable outside of PowerShell
[2.330s] DEBUG:colcon.colcon_core.shell:Skip shell extension 'dsv' for command environment
[2.356s] INFO:colcon.colcon_ros.task.ament_cmake.build:Building ROS package in '/home/raspberrypi/rosmaster/src/rosmaster_driver_diff' with build type 'ament_cmake'
[2.359s] INFO:colcon.colcon_cmake.task.cmake.build:Building CMake package in '/home/raspberrypi/rosmaster/src/rosmaster_driver_diff'
[2.362s] INFO:colcon.colcon_core.shell:Skip shell extension 'powershell' for command environment: Not usable outside of PowerShell
[2.363s] DEBUG:colcon.colcon_core.shell:Skip shell extension 'dsv' for command environment
[4.042s] INFO:colcon.colcon_core.task.python.build:Building Python package in '/home/raspberrypi/rosmaster/src/drive_controls'
[4.043s] INFO:colcon.colcon_core.shell:Skip shell extension 'powershell' for command environment: Not usable outside of PowerShell
[4.044s] DEBUG:colcon.colcon_core.shell:Skip shell extension 'dsv' for command environment
[4.078s] DEBUG:colcon.colcon_core.event_handler.log_command:Invoking command in '/home/raspberrypi/rosmaster/build/rosmaster': CMAKE_PREFIX_PATH=${CMAKE_PREFIX_PATH}:/home/raspberrypi/rosmaster/install/drive_controls:/opt/ros/humble /usr/bin/cmake --build /home/raspberrypi/rosmaster/build/rosmaster -- -j4 -l4
[4.101s] DEBUG:colcon.colcon_core.event_handler.log_command:Invoking command in '/home/raspberrypi/rosmaster/build/rosmaster_driver': CMAKE_PREFIX_PATH=${CMAKE_PREFIX_PATH}:/home/raspberrypi/rosmaster/install/drive_controls:/opt/ros/humble /usr/bin/cmake --build /home/raspberrypi/rosmaster/build/rosmaster_driver -- -j4 -l4
[4.192s] DEBUG:colcon.colcon_core.event_handler.log_command:Invoking command in '/home/raspberrypi/rosmaster/build/rosmaster_driver_diff': CMAKE_PREFIX_PATH=${CMAKE_PREFIX_PATH}:/home/raspberrypi/rosmaster/install/drive_controls:/opt/ros/humble /usr/bin/cmake --build /home/raspberrypi/rosmaster/build/rosmaster_driver_diff -- -j4 -l4
[4.405s] WARNING:colcon.colcon_cmake.task.cmake.build:Could not run installation step for package 'rosmaster_driver' because it has no 'install' target
[4.407s] DEBUG:colcon.colcon_core.event_handler.log_command:Invoked command in '/home/raspberrypi/rosmaster/build/rosmaster_driver' returned '0': CMAKE_PREFIX_PATH=${CMAKE_PREFIX_PATH}:/home/raspberrypi/rosmaster/install/drive_controls:/opt/ros/humble /usr/bin/cmake --build /home/raspberrypi/rosmaster/build/rosmaster_driver -- -j4 -l4
[4.408s] Level 1:colcon.colcon_core.environment:create_environment_scripts_only(rosmaster_driver)
[4.441s] Level 1:colcon.colcon_core.environment:checking '/home/raspberrypi/rosmaster/install/rosmaster_driver' for CMake module files
[4.444s] Level 1:colcon.colcon_core.environment:checking '/home/raspberrypi/rosmaster/install/rosmaster_driver' for CMake config files
[4.447s] Level 1:colcon.colcon_core.environment:checking '/home/raspberrypi/rosmaster/install/rosmaster_driver/bin'
[4.452s] Level 1:colcon.colcon_core.environment:checking '/home/raspberrypi/rosmaster/install/rosmaster_driver/lib/pkgconfig/rosmaster_driver.pc'
[4.454s] Level 1:colcon.colcon_core.environment:checking '/home/raspberrypi/rosmaster/install/rosmaster_driver/lib/python3.10/site-packages'
[4.461s] Level 1:colcon.colcon_core.environment:checking '/home/raspberrypi/rosmaster/install/rosmaster_driver/bin'
[4.465s] INFO:colcon.colcon_core.shell:Creating package script '/home/raspberrypi/rosmaster/install/rosmaster_driver/share/rosmaster_driver/package.ps1'
[4.474s] INFO:colcon.colcon_core.shell:Creating package descriptor '/home/raspberrypi/rosmaster/install/rosmaster_driver/share/rosmaster_driver/package.dsv'
[4.484s] INFO:colcon.colcon_core.shell:Creating package script '/home/raspberrypi/rosmaster/install/rosmaster_driver/share/rosmaster_driver/package.sh'
[4.493s] INFO:colcon.colcon_core.shell:Creating package script '/home/raspberrypi/rosmaster/install/rosmaster_driver/share/rosmaster_driver/package.bash'
[4.502s] INFO:colcon.colcon_core.shell:Creating package script '/home/raspberrypi/rosmaster/install/rosmaster_driver/share/rosmaster_driver/package.zsh'
[4.508s] Level 1:colcon.colcon_core.environment:create_file_with_runtime_dependencies(/home/raspberrypi/rosmaster/install/rosmaster_driver/share/colcon-core/packages/rosmaster_driver)
[4.515s] Level 1:colcon.colcon_core.environment:create_environment_scripts_only(rosmaster_driver)
[4.516s] Level 1:colcon.colcon_core.environment:checking '/home/raspberrypi/rosmaster/install/rosmaster_driver' for CMake module files
[4.518s] Level 1:colcon.colcon_core.environment:checking '/home/raspberrypi/rosmaster/install/rosmaster_driver' for CMake config files
[4.521s] Level 1:colcon.colcon_core.environment:checking '/home/raspberrypi/rosmaster/install/rosmaster_driver/bin'
[4.522s] Level 1:colcon.colcon_core.environment:checking '/home/raspberrypi/rosmaster/install/rosmaster_driver/lib/pkgconfig/rosmaster_driver.pc'
[4.523s] Level 1:colcon.colcon_core.environment:checking '/home/raspberrypi/rosmaster/install/rosmaster_driver/lib/python3.10/site-packages'
[4.527s] Level 1:colcon.colcon_core.environment:checking '/home/raspberrypi/rosmaster/install/rosmaster_driver/bin'
[4.529s] INFO:colcon.colcon_core.shell:Creating package script '/home/raspberrypi/rosmaster/install/rosmaster_driver/share/rosmaster_driver/package.ps1'
[4.532s] INFO:colcon.colcon_core.shell:Creating package descriptor '/home/raspberrypi/rosmaster/install/rosmaster_driver/share/rosmaster_driver/package.dsv'
[4.534s] INFO:colcon.colcon_core.shell:Creating package script '/home/raspberrypi/rosmaster/install/rosmaster_driver/share/rosmaster_driver/package.sh'
[4.537s] INFO:colcon.colcon_core.shell:Creating package script '/home/raspberrypi/rosmaster/install/rosmaster_driver/share/rosmaster_driver/package.bash'
[4.540s] INFO:colcon.colcon_core.shell:Creating package script '/home/raspberrypi/rosmaster/install/rosmaster_driver/share/rosmaster_driver/package.zsh'
[4.545s] Level 1:colcon.colcon_core.environment:create_file_with_runtime_dependencies(/home/raspberrypi/rosmaster/install/rosmaster_driver/share/colcon-core/packages/rosmaster_driver)
[4.554s] DEBUG:colcon.colcon_core.event_handler.log_command:Invoked command in '/home/raspberrypi/rosmaster/build/rosmaster' returned '0': CMAKE_PREFIX_PATH=${CMAKE_PREFIX_PATH}:/home/raspberrypi/rosmaster/install/drive_controls:/opt/ros/humble /usr/bin/cmake --build /home/raspberrypi/rosmaster/build/rosmaster -- -j4 -l4
[4.656s] DEBUG:colcon.colcon_core.event_handler.log_command:Invoking command in '/home/raspberrypi/rosmaster/build/rosmaster': CMAKE_PREFIX_PATH=${CMAKE_PREFIX_PATH}:/home/raspberrypi/rosmaster/install/drive_controls:/opt/ros/humble /usr/bin/cmake --install /home/raspberrypi/rosmaster/build/rosmaster
[4.855s] Level 1:colcon.colcon_core.environment:create_environment_scripts_only(rosmaster)
[4.858s] Level 1:colcon.colcon_core.environment:checking '/home/raspberrypi/rosmaster/install/rosmaster' for CMake module files
[4.863s] Level 1:colcon.colcon_core.environment:checking '/home/raspberrypi/rosmaster/install/rosmaster' for CMake config files
[4.866s] DEBUG:colcon.colcon_core.event_handler.log_command:Invoked command in '/home/raspberrypi/rosmaster/build/rosmaster' returned '0': CMAKE_PREFIX_PATH=${CMAKE_PREFIX_PATH}:/home/raspberrypi/rosmaster/install/drive_controls:/opt/ros/humble /usr/bin/cmake --install /home/raspberrypi/rosmaster/build/rosmaster
[4.879s] Level 1:colcon.colcon_core.shell:create_environment_hook('rosmaster', 'cmake_prefix_path')
[4.889s] INFO:colcon.colcon_core.shell:Creating environment hook '/home/raspberrypi/rosmaster/install/rosmaster/share/rosmaster/hook/cmake_prefix_path.ps1'
[4.902s] INFO:colcon.colcon_core.shell:Creating environment descriptor '/home/raspberrypi/rosmaster/install/rosmaster/share/rosmaster/hook/cmake_prefix_path.dsv'
[4.940s] INFO:colcon.colcon_core.shell:Creating environment hook '/home/raspberrypi/rosmaster/install/rosmaster/share/rosmaster/hook/cmake_prefix_path.sh'
[4.974s] Level 1:colcon.colcon_core.environment:checking '/home/raspberrypi/rosmaster/install/rosmaster/bin'
[4.981s] Level 1:colcon.colcon_core.environment:checking '/home/raspberrypi/rosmaster/install/rosmaster/lib/pkgconfig/rosmaster.pc'
[4.985s] Level 1:colcon.colcon_core.environment:checking '/home/raspberrypi/rosmaster/install/rosmaster/lib/python3.10/site-packages'
[5.002s] Level 1:colcon.colcon_core.environment:checking '/home/raspberrypi/rosmaster/install/rosmaster/bin'
[5.016s] INFO:colcon.colcon_core.shell:Creating package script '/home/raspberrypi/rosmaster/install/rosmaster/share/rosmaster/package.ps1'
[5.025s] INFO:colcon.colcon_core.shell:Creating package descriptor '/home/raspberrypi/rosmaster/install/rosmaster/share/rosmaster/package.dsv'
[5.029s] INFO:colcon.colcon_core.shell:Creating package script '/home/raspberrypi/rosmaster/install/rosmaster/share/rosmaster/package.sh'
[5.032s] INFO:colcon.colcon_core.shell:Creating package script '/home/raspberrypi/rosmaster/install/rosmaster/share/rosmaster/package.bash'
[5.038s] INFO:colcon.colcon_core.shell:Creating package script '/home/raspberrypi/rosmaster/install/rosmaster/share/rosmaster/package.zsh'
[5.041s] Level 1:colcon.colcon_core.environment:create_file_with_runtime_dependencies(/home/raspberrypi/rosmaster/install/rosmaster/share/colcon-core/packages/rosmaster)
[5.045s] Level 1:colcon.colcon_core.environment:create_environment_scripts_only(rosmaster)
[5.047s] Level 1:colcon.colcon_core.environment:checking '/home/raspberrypi/rosmaster/install/rosmaster' for CMake module files
[5.053s] Level 1:colcon.colcon_core.environment:checking '/home/raspberrypi/rosmaster/install/rosmaster' for CMake config files
[5.055s] Level 1:colcon.colcon_core.shell:create_environment_hook('rosmaster', 'cmake_prefix_path')
[5.057s] INFO:colcon.colcon_core.shell:Creating environment hook '/home/raspberrypi/rosmaster/install/rosmaster/share/rosmaster/hook/cmake_prefix_path.ps1'
[5.060s] INFO:colcon.colcon_core.shell:Creating environment descriptor '/home/raspberrypi/rosmaster/install/rosmaster/share/rosmaster/hook/cmake_prefix_path.dsv'
[5.064s] INFO:colcon.colcon_core.shell:Creating environment hook '/home/raspberrypi/rosmaster/install/rosmaster/share/rosmaster/hook/cmake_prefix_path.sh'
[5.069s] Level 1:colcon.colcon_core.environment:checking '/home/raspberrypi/rosmaster/install/rosmaster/bin'
[5.070s] Level 1:colcon.colcon_core.environment:checking '/home/raspberrypi/rosmaster/install/rosmaster/lib/pkgconfig/rosmaster.pc'
[5.072s] Level 1:colcon.colcon_core.environment:checking '/home/raspberrypi/rosmaster/install/rosmaster/lib/python3.10/site-packages'
[5.074s] Level 1:colcon.colcon_core.environment:checking '/home/raspberrypi/rosmaster/install/rosmaster/bin'
[5.077s] INFO:colcon.colcon_core.shell:Creating package script '/home/raspberrypi/rosmaster/install/rosmaster/share/rosmaster/package.ps1'
[5.081s] INFO:colcon.colcon_core.shell:Creating package descriptor '/home/raspberrypi/rosmaster/install/rosmaster/share/rosmaster/package.dsv'
[5.086s] INFO:colcon.colcon_core.shell:Creating package script '/home/raspberrypi/rosmaster/install/rosmaster/share/rosmaster/package.sh'
[5.090s] INFO:colcon.colcon_core.shell:Creating package script '/home/raspberrypi/rosmaster/install/rosmaster/share/rosmaster/package.bash'
[5.094s] INFO:colcon.colcon_core.shell:Creating package script '/home/raspberrypi/rosmaster/install/rosmaster/share/rosmaster/package.zsh'
[5.098s] Level 1:colcon.colcon_core.environment:create_file_with_runtime_dependencies(/home/raspberrypi/rosmaster/install/rosmaster/share/colcon-core/packages/rosmaster)
[6.834s] DEBUG:colcon.colcon_core.event_handler.log_command:Invoking command in '/home/raspberrypi/rosmaster/build/drive_controls': PYTHONPATH=/home/raspberrypi/rosmaster/build/drive_controls/prefix_override:/usr/lib/python3/dist-packages/colcon_core/task/python/colcon_distutils_commands:/home/raspberrypi/rosmaster/install/drive_controls/lib/python3.10/site-packages:${PYTHONPATH} /usr/bin/python3 -W ignore:setup.py install is deprecated -W ignore:easy_install command is deprecated setup.py develop --editable --build-directory /home/raspberrypi/rosmaster/build/drive_controls/build --no-deps symlink_data
[10.187s] Level 1:colcon.colcon_core.shell:create_environment_hook('drive_controls', 'pythonpath_develop')
[10.189s] INFO:colcon.colcon_core.shell:Creating environment hook '/home/raspberrypi/rosmaster/build/drive_controls/share/drive_controls/hook/pythonpath_develop.ps1'
[10.190s] DEBUG:colcon.colcon_core.event_handler.log_command:Invoked command in '/home/raspberrypi/rosmaster/build/drive_controls' returned '0': PYTHONPATH=/home/raspberrypi/rosmaster/build/drive_controls/prefix_override:/usr/lib/python3/dist-packages/colcon_core/task/python/colcon_distutils_commands:/home/raspberrypi/rosmaster/install/drive_controls/lib/python3.10/site-packages:${PYTHONPATH} /usr/bin/python3 -W ignore:setup.py install is deprecated -W ignore:easy_install command is deprecated setup.py develop --editable --build-directory /home/raspberrypi/rosmaster/build/drive_controls/build --no-deps symlink_data
[10.195s] INFO:colcon.colcon_core.shell:Creating environment descriptor '/home/raspberrypi/rosmaster/build/drive_controls/share/drive_controls/hook/pythonpath_develop.dsv'
[10.200s] INFO:colcon.colcon_core.shell:Creating environment hook '/home/raspberrypi/rosmaster/build/drive_controls/share/drive_controls/hook/pythonpath_develop.sh'
[10.215s] Level 1:colcon.colcon_core.environment:checking '/home/raspberrypi/rosmaster/install/drive_controls' for CMake module files
[10.218s] Level 1:colcon.colcon_core.environment:checking '/home/raspberrypi/rosmaster/install/drive_controls' for CMake config files
[10.225s] Level 1:colcon.colcon_core.environment:checking '/home/raspberrypi/rosmaster/install/drive_controls/lib'
[10.226s] Level 1:colcon.colcon_core.environment:checking '/home/raspberrypi/rosmaster/install/drive_controls/bin'
[10.226s] Level 1:colcon.colcon_core.environment:checking '/home/raspberrypi/rosmaster/install/drive_controls/lib/pkgconfig/drive_controls.pc'
[10.227s] Level 1:colcon.colcon_core.environment:checking '/home/raspberrypi/rosmaster/install/drive_controls/lib/python3.10/site-packages'
[10.228s] Level 1:colcon.colcon_core.shell:create_environment_hook('drive_controls', 'pythonpath')
[10.229s] INFO:colcon.colcon_core.shell:Creating environment hook '/home/raspberrypi/rosmaster/install/drive_controls/share/drive_controls/hook/pythonpath.ps1'
[10.231s] INFO:colcon.colcon_core.shell:Creating environment descriptor '/home/raspberrypi/rosmaster/install/drive_controls/share/drive_controls/hook/pythonpath.dsv'
[10.233s] INFO:colcon.colcon_core.shell:Creating environment hook '/home/raspberrypi/rosmaster/install/drive_controls/share/drive_controls/hook/pythonpath.sh'
[10.237s] Level 1:colcon.colcon_core.environment:checking '/home/raspberrypi/rosmaster/install/drive_controls/bin'
[10.238s] Level 1:colcon.colcon_core.environment:create_environment_scripts_only(drive_controls)
[10.239s] INFO:colcon.colcon_core.shell:Creating package script '/home/raspberrypi/rosmaster/install/drive_controls/share/drive_controls/package.ps1'
[10.245s] INFO:colcon.colcon_core.shell:Creating package descriptor '/home/raspberrypi/rosmaster/install/drive_controls/share/drive_controls/package.dsv'
[10.262s] INFO:colcon.colcon_core.shell:Creating package script '/home/raspberrypi/rosmaster/install/drive_controls/share/drive_controls/package.sh'
[10.266s] INFO:colcon.colcon_core.shell:Creating package script '/home/raspberrypi/rosmaster/install/drive_controls/share/drive_controls/package.bash'
[10.269s] INFO:colcon.colcon_core.shell:Creating package script '/home/raspberrypi/rosmaster/install/drive_controls/share/drive_controls/package.zsh'
[10.271s] Level 1:colcon.colcon_core.environment:create_file_with_runtime_dependencies(/home/raspberrypi/rosmaster/install/drive_controls/share/colcon-core/packages/drive_controls)
[25.271s] DEBUG:colcon.colcon_core.event_handler.log_command:Invoked command in '/home/raspberrypi/rosmaster/build/rosmaster_driver_diff' returned '0': CMAKE_PREFIX_PATH=${CMAKE_PREFIX_PATH}:/home/raspberrypi/rosmaster/install/drive_controls:/opt/ros/humble /usr/bin/cmake --build /home/raspberrypi/rosmaster/build/rosmaster_driver_diff -- -j4 -l4
[25.282s] DEBUG:colcon.colcon_core.event_handler.log_command:Invoking command in '/home/raspberrypi/rosmaster/build/rosmaster_driver_diff': CMAKE_PREFIX_PATH=${CMAKE_PREFIX_PATH}:/home/raspberrypi/rosmaster/install/drive_controls:/opt/ros/humble /usr/bin/cmake --install /home/raspberrypi/rosmaster/build/rosmaster_driver_diff
[25.397s] Level 1:colcon.colcon_core.environment:create_environment_scripts_only(rosmaster_driver_diff)
[25.398s] Level 1:colcon.colcon_core.environment:checking '/home/raspberrypi/rosmaster/install/rosmaster_driver_diff' for CMake module files
[25.400s] DEBUG:colcon.colcon_core.event_handler.log_command:Invoked command in '/home/raspberrypi/rosmaster/build/rosmaster_driver_diff' returned '0': CMAKE_PREFIX_PATH=${CMAKE_PREFIX_PATH}:/home/raspberrypi/rosmaster/install/drive_controls:/opt/ros/humble /usr/bin/cmake --install /home/raspberrypi/rosmaster/build/rosmaster_driver_diff
[25.403s] Level 1:colcon.colcon_core.environment:checking '/home/raspberrypi/rosmaster/install/rosmaster_driver_diff' for CMake config files
[25.404s] Level 1:colcon.colcon_core.shell:create_environment_hook('rosmaster_driver_diff', 'cmake_prefix_path')
[25.405s] INFO:colcon.colcon_core.shell:Creating environment hook '/home/raspberrypi/rosmaster/install/rosmaster_driver_diff/share/rosmaster_driver_diff/hook/cmake_prefix_path.ps1'
[25.566s] INFO:colcon.colcon_core.shell:Creating environment descriptor '/home/raspberrypi/rosmaster/install/rosmaster_driver_diff/share/rosmaster_driver_diff/hook/cmake_prefix_path.dsv'
[25.568s] INFO:colcon.colcon_core.shell:Creating environment hook '/home/raspberrypi/rosmaster/install/rosmaster_driver_diff/share/rosmaster_driver_diff/hook/cmake_prefix_path.sh'
[25.572s] Level 1:colcon.colcon_core.environment:checking '/home/raspberrypi/rosmaster/install/rosmaster_driver_diff/lib'
[25.573s] Level 1:colcon.colcon_core.shell:create_environment_hook('rosmaster_driver_diff', 'ld_library_path_lib')
[25.574s] INFO:colcon.colcon_core.shell:Creating environment hook '/home/raspberrypi/rosmaster/install/rosmaster_driver_diff/share/rosmaster_driver_diff/hook/ld_library_path_lib.ps1'
[25.577s] INFO:colcon.colcon_core.shell:Creating environment descriptor '/home/raspberrypi/rosmaster/install/rosmaster_driver_diff/share/rosmaster_driver_diff/hook/ld_library_path_lib.dsv'
[25.579s] INFO:colcon.colcon_core.shell:Creating environment hook '/home/raspberrypi/rosmaster/install/rosmaster_driver_diff/share/rosmaster_driver_diff/hook/ld_library_path_lib.sh'
[25.582s] Level 1:colcon.colcon_core.environment:checking '/home/raspberrypi/rosmaster/install/rosmaster_driver_diff/bin'
[25.583s] Level 1:colcon.colcon_core.environment:checking '/home/raspberrypi/rosmaster/install/rosmaster_driver_diff/lib/pkgconfig/rosmaster_driver_diff.pc'
[25.584s] Level 1:colcon.colcon_core.environment:checking '/home/raspberrypi/rosmaster/install/rosmaster_driver_diff/lib/python3.10/site-packages'
[25.586s] Level 1:colcon.colcon_core.environment:checking '/home/raspberrypi/rosmaster/install/rosmaster_driver_diff/bin'
[25.587s] INFO:colcon.colcon_core.shell:Creating package script '/home/raspberrypi/rosmaster/install/rosmaster_driver_diff/share/rosmaster_driver_diff/package.ps1'
[25.590s] INFO:colcon.colcon_core.shell:Creating package descriptor '/home/raspberrypi/rosmaster/install/rosmaster_driver_diff/share/rosmaster_driver_diff/package.dsv'
[25.593s] INFO:colcon.colcon_core.shell:Creating package script '/home/raspberrypi/rosmaster/install/rosmaster_driver_diff/share/rosmaster_driver_diff/package.sh'
[25.595s] INFO:colcon.colcon_core.shell:Creating package script '/home/raspberrypi/rosmaster/install/rosmaster_driver_diff/share/rosmaster_driver_diff/package.bash'
[25.598s] INFO:colcon.colcon_core.shell:Creating package script '/home/raspberrypi/rosmaster/install/rosmaster_driver_diff/share/rosmaster_driver_diff/package.zsh'
[25.600s] Level 1:colcon.colcon_core.environment:create_file_with_runtime_dependencies(/home/raspberrypi/rosmaster/install/rosmaster_driver_diff/share/colcon-core/packages/rosmaster_driver_diff)
[25.603s] Level 1:colcon.colcon_core.environment:create_environment_scripts_only(rosmaster_driver_diff)
[25.604s] Level 1:colcon.colcon_core.environment:checking '/home/raspberrypi/rosmaster/install/rosmaster_driver_diff' for CMake module files
[25.608s] Level 1:colcon.colcon_core.environment:checking '/home/raspberrypi/rosmaster/install/rosmaster_driver_diff' for CMake config files
[25.610s] Level 1:colcon.colcon_core.shell:create_environment_hook('rosmaster_driver_diff', 'cmake_prefix_path')
[25.611s] INFO:colcon.colcon_core.shell:Creating environment hook '/home/raspberrypi/rosmaster/install/rosmaster_driver_diff/share/rosmaster_driver_diff/hook/cmake_prefix_path.ps1'
[26.244s] INFO:colcon.colcon_core.shell:Creating environment descriptor '/home/raspberrypi/rosmaster/install/rosmaster_driver_diff/share/rosmaster_driver_diff/hook/cmake_prefix_path.dsv'
[26.248s] INFO:colcon.colcon_core.shell:Creating environment hook '/home/raspberrypi/rosmaster/install/rosmaster_driver_diff/share/rosmaster_driver_diff/hook/cmake_prefix_path.sh'
[26.252s] Level 1:colcon.colcon_core.environment:checking '/home/raspberrypi/rosmaster/install/rosmaster_driver_diff/lib'
[26.253s] Level 1:colcon.colcon_core.shell:create_environment_hook('rosmaster_driver_diff', 'ld_library_path_lib')
[26.254s] INFO:colcon.colcon_core.shell:Creating environment hook '/home/raspberrypi/rosmaster/install/rosmaster_driver_diff/share/rosmaster_driver_diff/hook/ld_library_path_lib.ps1'
[26.257s] INFO:colcon.colcon_core.shell:Creating environment descriptor '/home/raspberrypi/rosmaster/install/rosmaster_driver_diff/share/rosmaster_driver_diff/hook/ld_library_path_lib.dsv'
[26.260s] INFO:colcon.colcon_core.shell:Creating environment hook '/home/raspberrypi/rosmaster/install/rosmaster_driver_diff/share/rosmaster_driver_diff/hook/ld_library_path_lib.sh'
[26.265s] Level 1:colcon.colcon_core.environment:checking '/home/raspberrypi/rosmaster/install/rosmaster_driver_diff/bin'
[26.266s] Level 1:colcon.colcon_core.environment:checking '/home/raspberrypi/rosmaster/install/rosmaster_driver_diff/lib/pkgconfig/rosmaster_driver_diff.pc'
[26.267s] Level 1:colcon.colcon_core.environment:checking '/home/raspberrypi/rosmaster/install/rosmaster_driver_diff/lib/python3.10/site-packages'
[26.270s] Level 1:colcon.colcon_core.environment:checking '/home/raspberrypi/rosmaster/install/rosmaster_driver_diff/bin'
[26.271s] INFO:colcon.colcon_core.shell:Creating package script '/home/raspberrypi/rosmaster/install/rosmaster_driver_diff/share/rosmaster_driver_diff/package.ps1'
[26.275s] INFO:colcon.colcon_core.shell:Creating package descriptor '/home/raspberrypi/rosmaster/install/rosmaster_driver_diff/share/rosmaster_driver_diff/package.dsv'
[26.279s] INFO:colcon.colcon_core.shell:Creating package script '/home/raspberrypi/rosmaster/install/rosmaster_driver_diff/share/rosmaster_driver_diff/package.sh'
[26.282s] INFO:colcon.colcon_core.shell:Creating package script '/home/raspberrypi/rosmaster/install/rosmaster_driver_diff/share/rosmaster_driver_diff/package.bash'
[26.285s] INFO:colcon.colcon_core.shell:Creating package script '/home/raspberrypi/rosmaster/install/rosmaster_driver_diff/share/rosmaster_driver_diff/package.zsh'
[26.288s] Level 1:colcon.colcon_core.environment:create_file_with_runtime_dependencies(/home/raspberrypi/rosmaster/install/rosmaster_driver_diff/share/colcon-core/packages/rosmaster_driver_diff)
[26.289s] DEBUG:colcon.colcon_parallel_executor.executor.parallel:closing loop
[26.291s] DEBUG:colcon.colcon_parallel_executor.executor.parallel:loop closed
[26.291s] DEBUG:colcon.colcon_parallel_executor.executor.parallel:run_until_complete finished with '0'
[26.292s] DEBUG:colcon.colcon_core.event_reactor:joining thread
[26.334s] INFO:colcon.colcon_core.plugin_system:Skipping extension 'colcon_notification.desktop_notification.notify_send': Could not find 'notify-send'
[26.334s] INFO:colcon.colcon_core.plugin_system:Skipping extension 'colcon_notification.desktop_notification.terminal_notifier': Not used on non-Darwin systems
[26.335s] INFO:colcon.colcon_core.plugin_system:Skipping extension 'colcon_notification.desktop_notification.win32': Not used on non-Windows systems
[26.335s] INFO:colcon.colcon_notification.desktop_notification:Sending desktop notification using 'notify2'
[26.338s] DEBUG:colcon.colcon_notification.desktop_notification.notify2:Failed to initialize notify2: org.freedesktop.DBus.Error.ServiceUnknown: The name org.freedesktop.Notifications was not provided by any .service files
[26.339s] DEBUG:colcon.colcon_core.event_reactor:joined thread
[26.341s] INFO:colcon.colcon_core.shell:Creating prefix script '/home/raspberrypi/rosmaster/install/local_setup.ps1'
[26.346s] INFO:colcon.colcon_core.shell:Creating prefix util module '/home/raspberrypi/rosmaster/install/_local_setup_util_ps1.py'
[26.353s] INFO:colcon.colcon_core.shell:Creating prefix chain script '/home/raspberrypi/rosmaster/install/setup.ps1'
[26.358s] INFO:colcon.colcon_core.shell:Creating prefix script '/home/raspberrypi/rosmaster/install/local_setup.sh'
[26.362s] INFO:colcon.colcon_core.shell:Creating prefix util module '/home/raspberrypi/rosmaster/install/_local_setup_util_sh.py'
[26.365s] INFO:colcon.colcon_core.shell:Creating prefix chain script '/home/raspberrypi/rosmaster/install/setup.sh'
[26.371s] INFO:colcon.colcon_core.shell:Creating prefix script '/home/raspberrypi/rosmaster/install/local_setup.bash'
[26.375s] INFO:colcon.colcon_core.shell:Creating prefix chain script '/home/raspberrypi/rosmaster/install/setup.bash'
[26.381s] INFO:colcon.colcon_core.shell:Creating prefix script '/home/raspberrypi/rosmaster/install/local_setup.zsh'
[26.384s] INFO:colcon.colcon_core.shell:Creating prefix chain script '/home/raspberrypi/rosmaster/install/setup.zsh'
