[2.121s] Invoking command in '/home/raspberrypi/rosmaster/build/rosmaster': CMAKE_PREFIX_PATH=/opt/ros/humble /usr/bin/cmake /home/raspberrypi/rosmaster/src/rosmaster -DAMENT_CMAKE_SYMLINK_INSTALL=1 -DCMAKE_INSTALL_PREFIX=/home/raspberrypi/rosmaster/install/rosmaster
[3.743s] -- The C compiler identification is GNU 11.4.0
[4.186s] -- The CXX compiler identification is GNU 11.4.0
[4.269s] -- Detecting C compiler ABI info
[4.934s] -- Detecting C compiler ABI info - done
[4.978s] -- Check for working C compiler: /usr/bin/cc - skipped
[4.980s] -- Detecting C compile features
[4.981s] -- Detecting C compile features - done
[4.998s] -- Detecting CXX compiler ABI info
[5.773s] -- Detecting CXX compiler ABI info - done
[5.849s] -- Check for working CXX compiler: /usr/bin/c++ - skipped
[5.851s] -- Detecting CXX compile features
[5.853s] -- Detecting CXX compile features - done
[5.892s] -- Found ament_cmake: 1.3.13 (/opt/ros/humble/share/ament_cmake/cmake)
[7.390s] -- Found Python3: /usr/bin/python3 (found version "3.10.12") found components: Interpreter 
[7.831s] -- Override CMake install command with custom implementation using symlinks instead of copying resources
[8.246s] -- Found ament_lint_auto: 0.12.15 (/opt/ros/humble/share/ament_lint_auto/cmake)
[9.037s] -- Added test 'flake8' to check Python code syntax and style conventions
[9.047s] -- Added test 'lint_cmake' to check CMake code style
[9.052s] -- Added test 'pep257' to check Python code against some of the docstring style conventions in PEP 257
[9.072s] -- Added test 'xmllint' to check XML markup files
[9.090s] -- Configuring done
[9.117s] -- Generating done
[9.130s] -- Build files have been written to: /home/raspberrypi/rosmaster/build/rosmaster
[9.161s] Invoked command in '/home/raspberrypi/rosmaster/build/rosmaster' returned '0': CMAKE_PREFIX_PATH=/opt/ros/humble /usr/bin/cmake /home/raspberrypi/rosmaster/src/rosmaster -DAMENT_CMAKE_SYMLINK_INSTALL=1 -DCMAKE_INSTALL_PREFIX=/home/raspberrypi/rosmaster/install/rosmaster
[9.165s] Invoking command in '/home/raspberrypi/rosmaster/build/rosmaster': CMAKE_PREFIX_PATH=/opt/ros/humble /usr/bin/cmake --build /home/raspberrypi/rosmaster/build/rosmaster -- -j4 -l4
[9.442s] Invoked command in '/home/raspberrypi/rosmaster/build/rosmaster' returned '0': CMAKE_PREFIX_PATH=/opt/ros/humble /usr/bin/cmake --build /home/raspberrypi/rosmaster/build/rosmaster -- -j4 -l4
[9.538s] Invoking command in '/home/raspberrypi/rosmaster/build/rosmaster': CMAKE_PREFIX_PATH=/opt/ros/humble /usr/bin/cmake --install /home/raspberrypi/rosmaster/build/rosmaster
[9.586s] -- Install configuration: ""
[9.589s] -- Execute custom install script
[9.595s] -- Symlinking: /home/raspberrypi/rosmaster/install/rosmaster/share/rosmaster/config/gazebo_params.yaml
[9.636s] -- Symlinking: /home/raspberrypi/rosmaster/install/rosmaster/share/rosmaster/config/mecanum_controllers.yaml
[9.677s] -- Symlinking: /home/raspberrypi/rosmaster/install/rosmaster/share/rosmaster/config/my_controllers.yaml
[9.719s] -- Symlinking: /home/raspberrypi/rosmaster/install/rosmaster/share/rosmaster/description/inertial_macros.xacro
[9.763s] -- Symlinking: /home/raspberrypi/rosmaster/install/rosmaster/share/rosmaster/description/robot.urdf.xacro
[9.821s] -- Symlinking: /home/raspberrypi/rosmaster/install/rosmaster/share/rosmaster/description/ros2_control.xacro
[9.894s] -- Symlinking: /home/raspberrypi/rosmaster/install/rosmaster/share/rosmaster/description/rosmaster.urdf.xacro
[9.941s] -- Symlinking: /home/raspberrypi/rosmaster/install/rosmaster/share/rosmaster/description/rosmaster_core.xacro
[9.993s] -- Symlinking: /home/raspberrypi/rosmaster/install/rosmaster/share/rosmaster/launch/launch_robot.launch.py
[10.043s] -- Symlinking: /home/raspberrypi/rosmaster/install/rosmaster/share/rosmaster/launch/launch_sim.launch.py
[10.090s] -- Symlinking: /home/raspberrypi/rosmaster/install/rosmaster/share/rosmaster/launch/mecanum_control.launch.py
[10.131s] -- Symlinking: /home/raspberrypi/rosmaster/install/rosmaster/share/rosmaster/launch/rsp.launch.py
[10.222s] -- Symlinking: /home/raspberrypi/rosmaster/install/rosmaster/share/rosmaster/worlds/empty.world
[10.306s] -- Symlinking: /home/raspberrypi/rosmaster/install/rosmaster/share/ament_index/resource_index/package_run_dependencies/rosmaster
[10.404s] -- Symlinking: /home/raspberrypi/rosmaster/install/rosmaster/share/ament_index/resource_index/parent_prefix_path/rosmaster
[10.460s] -- Symlinking: /home/raspberrypi/rosmaster/install/rosmaster/share/rosmaster/environment/ament_prefix_path.sh
[10.516s] -- Symlinking: /home/raspberrypi/rosmaster/install/rosmaster/share/rosmaster/environment/ament_prefix_path.dsv
[10.555s] -- Symlinking: /home/raspberrypi/rosmaster/install/rosmaster/share/rosmaster/environment/path.sh
[10.594s] -- Symlinking: /home/raspberrypi/rosmaster/install/rosmaster/share/rosmaster/environment/path.dsv
[10.632s] -- Symlinking: /home/raspberrypi/rosmaster/install/rosmaster/share/rosmaster/local_setup.bash
[10.668s] -- Symlinking: /home/raspberrypi/rosmaster/install/rosmaster/share/rosmaster/local_setup.sh
[10.729s] -- Symlinking: /home/raspberrypi/rosmaster/install/rosmaster/share/rosmaster/local_setup.zsh
[10.769s] -- Symlinking: /home/raspberrypi/rosmaster/install/rosmaster/share/rosmaster/local_setup.dsv
[10.807s] -- Symlinking: /home/raspberrypi/rosmaster/install/rosmaster/share/rosmaster/package.dsv
[10.844s] -- Symlinking: /home/raspberrypi/rosmaster/install/rosmaster/share/ament_index/resource_index/packages/rosmaster
[10.881s] -- Symlinking: /home/raspberrypi/rosmaster/install/rosmaster/share/rosmaster/cmake/rosmasterConfig.cmake
[10.919s] -- Symlinking: /home/raspberrypi/rosmaster/install/rosmaster/share/rosmaster/cmake/rosmasterConfig-version.cmake
[10.968s] -- Symlinking: /home/raspberrypi/rosmaster/install/rosmaster/share/rosmaster/package.xml
[11.028s] Invoked command in '/home/raspberrypi/rosmaster/build/rosmaster' returned '0': CMAKE_PREFIX_PATH=/opt/ros/humble /usr/bin/cmake --install /home/raspberrypi/rosmaster/build/rosmaster
