[1.301s] Invoking command in '/home/raspberrypi/rosmaster/build/rosmaster': CMAKE_PREFIX_PATH=${CMAKE_PREFIX_PATH}:/home/raspberrypi/rosmaster/install/drive_controls:/opt/ros/humble /usr/bin/cmake --build /home/raspberrypi/rosmaster/build/rosmaster -- -j4 -l4
[1.497s] Invoked command in '/home/raspberrypi/rosmaster/build/rosmaster' returned '0': CMAKE_PREFIX_PATH=${CMAKE_PREFIX_PATH}:/home/raspberrypi/rosmaster/install/drive_controls:/opt/ros/humble /usr/bin/cmake --build /home/raspberrypi/rosmaster/build/rosmaster -- -j4 -l4
[1.561s] Invoking command in '/home/raspberrypi/rosmaster/build/rosmaster': CMAKE_PREFIX_PATH=${CMAKE_PREFIX_PATH}:/home/raspberrypi/rosmaster/install/drive_controls:/opt/ros/humble /usr/bin/cmake --install /home/raspberrypi/rosmaster/build/rosmaster
[1.602s] -- Install configuration: ""
[1.605s] -- Execute custom install script
[1.609s] -- Up-to-date symlink: /home/raspberrypi/rosmaster/install/rosmaster/share/rosmaster/config/gazebo_params.yaml
[1.610s] -- Up-to-date symlink: /home/raspberrypi/rosmaster/install/rosmaster/share/rosmaster/config/mecanum_controllers.yaml
[1.613s] -- Up-to-date symlink: /home/raspberrypi/rosmaster/install/rosmaster/share/rosmaster/config/my_controllers.yaml
[1.616s] -- Symlinking: /home/raspberrypi/rosmaster/install/rosmaster/share/rosmaster/config/twist_mux.yaml
[1.679s] -- Up-to-date symlink: /home/raspberrypi/rosmaster/install/rosmaster/share/rosmaster/description/inertial_macros.xacro
[1.680s] -- Up-to-date symlink: /home/raspberrypi/rosmaster/install/rosmaster/share/rosmaster/description/robot.urdf.xacro
[1.681s] -- Up-to-date symlink: /home/raspberrypi/rosmaster/install/rosmaster/share/rosmaster/description/ros2_control.xacro
[1.682s] -- Up-to-date symlink: /home/raspberrypi/rosmaster/install/rosmaster/share/rosmaster/description/rosmaster.urdf.xacro
[1.683s] -- Up-to-date symlink: /home/raspberrypi/rosmaster/install/rosmaster/share/rosmaster/description/rosmaster_core.xacro
[1.691s] -- Up-to-date symlink: /home/raspberrypi/rosmaster/install/rosmaster/share/rosmaster/launch/launch_robot.launch.py
[1.693s] -- Up-to-date symlink: /home/raspberrypi/rosmaster/install/rosmaster/share/rosmaster/launch/launch_sim.launch.py
[1.695s] -- Up-to-date symlink: /home/raspberrypi/rosmaster/install/rosmaster/share/rosmaster/launch/mecanum_control.launch.py
[1.697s] -- Up-to-date symlink: /home/raspberrypi/rosmaster/install/rosmaster/share/rosmaster/launch/rsp.launch.py
[1.701s] -- Up-to-date symlink: /home/raspberrypi/rosmaster/install/rosmaster/share/rosmaster/worlds/empty.world
[1.704s] -- Up-to-date symlink: /home/raspberrypi/rosmaster/install/rosmaster/share/ament_index/resource_index/package_run_dependencies/rosmaster
[1.706s] -- Up-to-date symlink: /home/raspberrypi/rosmaster/install/rosmaster/share/ament_index/resource_index/parent_prefix_path/rosmaster
[1.709s] -- Up-to-date symlink: /home/raspberrypi/rosmaster/install/rosmaster/share/rosmaster/environment/ament_prefix_path.sh
[1.712s] -- Up-to-date symlink: /home/raspberrypi/rosmaster/install/rosmaster/share/rosmaster/environment/ament_prefix_path.dsv
[1.716s] -- Up-to-date symlink: /home/raspberrypi/rosmaster/install/rosmaster/share/rosmaster/environment/path.sh
[1.718s] -- Up-to-date symlink: /home/raspberrypi/rosmaster/install/rosmaster/share/rosmaster/environment/path.dsv
[1.720s] -- Up-to-date symlink: /home/raspberrypi/rosmaster/install/rosmaster/share/rosmaster/local_setup.bash
[1.722s] -- Up-to-date symlink: /home/raspberrypi/rosmaster/install/rosmaster/share/rosmaster/local_setup.sh
[1.725s] -- Up-to-date symlink: /home/raspberrypi/rosmaster/install/rosmaster/share/rosmaster/local_setup.zsh
[1.727s] -- Up-to-date symlink: /home/raspberrypi/rosmaster/install/rosmaster/share/rosmaster/local_setup.dsv
[1.730s] -- Symlinking: /home/raspberrypi/rosmaster/install/rosmaster/share/rosmaster/package.dsv
[1.757s] -- Up-to-date symlink: /home/raspberrypi/rosmaster/install/rosmaster/share/ament_index/resource_index/packages/rosmaster
[1.759s] -- Up-to-date symlink: /home/raspberrypi/rosmaster/install/rosmaster/share/rosmaster/cmake/rosmasterConfig.cmake
[1.762s] -- Up-to-date symlink: /home/raspberrypi/rosmaster/install/rosmaster/share/rosmaster/cmake/rosmasterConfig-version.cmake
[1.762s] -- Up-to-date symlink: /home/raspberrypi/rosmaster/install/rosmaster/share/rosmaster/package.xml
[1.768s] Invoked command in '/home/raspberrypi/rosmaster/build/rosmaster' returned '0': CMAKE_PREFIX_PATH=${CMAKE_PREFIX_PATH}:/home/raspberrypi/rosmaster/install/drive_controls:/opt/ros/humble /usr/bin/cmake --install /home/raspberrypi/rosmaster/build/rosmaster
